100 42 86 86
0 1
1 2
2 3
3 4
4 3
5 5
6 2
7 6
8 3
9 7
10 8
11 9
12 10
13 6
14 11
15 5
16 1
17 12
18 8
19 13
20 13
21 7
22 10
23 4
24 11
25 14
26 15
27 16
28 12
29 1
30 15
31 12
32 17
33 18
34 16
35 17
36 19
37 9
38 2
39 5
40 20
41 21
42 18
43 22
44 14
45 20
46 13
47 22
48 23
49 8
50 19
51 24
52 21
53 25
54 23
55 21
56 26
57 17
58 27
59 24
60 25
61 28
62 29
63 29
64 14
65 30
66 26
67 28
68 31
69 11
70 31
71 32
72 22
73 27
74 33
75 28
76 34
77 35
78 32
79 34
80 31
81 30
82 36
83 9
84 37
85 35
86 33
87 38
88 39
89 38
90 40
91 36
92 37
93 23
94 36
95 38
96 41
97 42
98 42
99 18
