250 61 175 175
0 1
1 2
2 1
3 3
4 4
5 1
6 3
7 5
8 6
9 4
10 3
11 5
12 4
13 7
14 8
15 5
16 2
17 5
18 6
19 7
20 9
21 1
22 7
23 10
24 2
25 11
26 8
27 10
28 9
29 12
30 2
31 13
32 13
33 14
34 15
35 11
36 16
37 17
38 16
39 15
40 12
41 14
42 18
43 17
44 15
45 6
46 6
47 8
48 19
49 4
50 20
51 21
52 13
53 10
54 10
55 14
56 22
57 19
58 9
59 1
60 18
61 20
62 12
63 23
64 24
65 21
66 25
67 13
68 23
69 7
70 11
71 25
72 7
73 14
74 18
75 20
76 24
77 26
78 17
79 22
80 17
81 5
82 27
83 2
84 24
85 28
86 26
87 25
88 22
89 29
90 30
91 12
92 28
93 27
94 16
95 19
96 29
97 31
98 4
99 30
100 26
101 32
102 15
103 28
104 18
105 27
106 20
107 23
108 31
109 33
110 10
111 25
112 22
113 30
114 34
115 33
116 35
117 35
118 22
119 16
120 9
121 29
122 36
123 11
124 3
125 32
126 12
127 37
128 32
129 33
130 34
131 38
132 21
133 39
134 40
135 37
136 36
137 24
138 35
139 41
140 38
141 29
142 39
143 32
144 31
145 42
146 32
147 21
148 40
149 31
150 27
151 39
152 43
153 41
154 41
155 42
156 33
157 38
158 2
159 36
160 42
161 44
162 43
163 24
164 28
165 44
166 45
167 28
168 40
169 46
170 46
171 30
172 23
173 43
174 44
175 34
176 36
177 38
178 46
179 47
180 47
181 48
182 45
183 49
184 50
185 45
186 43
187 48
188 34
189 51
190 52
191 50
192 48
193 52
194 44
195 47
196 53
197 48
198 37
199 45
200 51
201 36
202 49
203 28
204 23
205 53
206 54
207 11
208 41
209 8
210 55
211 19
212 13
213 6
214 54
215 47
216 46
217 56
218 44
219 50
220 57
221 38
222 49
223 54
224 58
225 7
226 55
227 15
228 58
229 9
230 39
231 21
232 59
233 59
234 53
235 24
236 60
237 47
238 55
239 61
240 50
241 56
242 59
243 57
244 45
245 61
246 58
247 60
248 26
249 55
