500 8 250 250
0 1
1 1
2 1
3 2
4 1
5 1
6 3
7 2
8 1
9 1
10 1
11 1
12 1
13 3
14 3
15 3
16 2
17 1
18 1
19 1
20 1
21 1
22 2
23 1
24 4
25 3
26 3
27 1
28 1
29 3
30 1
31 1
32 2
33 1
34 3
35 1
36 2
37 1
38 2
39 1
40 2
41 1
42 3
43 2
44 1
45 1
46 1
47 1
48 1
49 2
50 4
51 1
52 1
53 1
54 1
55 1
56 1
57 3
58 2
59 1
60 1
61 2
62 1
63 1
64 5
65 1
66 2
67 1
68 1
69 1
70 2
71 2
72 1
73 1
74 2
75 2
76 1
77 2
78 2
79 6
80 1
81 6
82 1
83 1
84 1
85 1
86 3
87 1
88 1
89 1
90 1
91 4
92 1
93 1
94 4
95 1
96 1
97 1
98 2
99 2
100 1
101 1
102 1
103 1
104 1
105 2
106 4
107 1
108 1
109 4
110 1
111 2
112 4
113 1
114 7
115 2
116 3
117 1
118 2
119 1
120 1
121 2
122 2
123 1
124 3
125 3
126 3
127 3
128 1
129 1
130 3
131 2
132 1
133 4
134 2
135 1
136 1
137 2
138 1
139 2
140 2
141 2
142 1
143 2
144 3
145 2
146 1
147 3
148 2
149 7
150 1
151 1
152 1
153 7
154 1
155 3
156 5
157 1
158 1
159 1
160 1
161 1
162 1
163 1
164 1
165 1
166 1
167 1
168 1
169 1
170 2
171 1
172 6
173 1
174 1
175 1
176 1
177 1
178 3
179 1
180 1
181 7
182 3
183 1
184 1
185 4
186 2
187 3
188 1
189 1
190 2
191 1
192 5
193 1
194 2
195 1
196 1
197 2
198 1
199 2
200 3
201 1
202 1
203 3
204 2
205 1
206 1
207 3
208 5
209 2
210 3
211 2
212 1
213 3
214 3
215 1
216 3
217 1
218 2
219 1
220 2
221 1
222 5
223 4
224 3
225 1
226 1
227 1
228 1
229 1
230 1
231 1
232 2
233 1
234 5
235 1
236 2
237 2
238 1
239 1
240 1
241 4
242 1
243 1
244 3
245 1
246 2
247 2
248 4
249 6
250 6
251 1
252 6
253 1
254 1
255 2
256 4
257 4
258 4
259 2
260 1
261 1
262 2
263 1
264 5
265 1
266 1
267 1
268 2
269 1
270 2
271 1
272 1
273 1
274 1
275 3
276 1
277 1
278 1
279 1
280 1
281 1
282 2
283 1
284 3
285 2
286 1
287 2
288 1
289 2
290 1
291 1
292 2
293 1
294 3
295 2
296 1
297 1
298 1
299 1
300 2
301 2
302 4
303 1
304 4
305 2
306 2
307 1
308 2
309 1
310 2
311 3
312 3
313 2
314 4
315 1
316 2
317 1
318 3
319 1
320 2
321 3
322 1
323 2
324 1
325 1
326 5
327 6
328 1
329 7
330 1
331 3
332 3
333 1
334 2
335 4
336 4
337 2
338 2
339 1
340 2
341 3
342 4
343 1
344 1
345 1
346 1
347 1
348 2
349 2
350 3
351 4
352 1
353 2
354 4
355 1
356 6
357 1
358 1
359 1
360 4
361 2
362 5
363 4
364 1
365 3
366 1
367 2
368 2
369 2
370 2
371 1
372 2
373 4
374 3
375 1
376 2
377 3
378 5
379 1
380 3
381 2
382 3
383 2
384 1
385 1
386 2
387 4
388 1
389 2
390 1
391 1
392 1
393 3
394 1
395 5
396 3
397 1
398 1
399 4
400 1
401 2
402 1
403 3
404 1
405 3
406 2
407 8
408 1
409 2
410 1
411 1
412 3
413 1
414 2
415 1
416 3
417 1
418 7
419 2
420 1
421 1
422 2
423 1
424 4
425 3
426 3
427 1
428 2
429 2
430 1
431 4
432 2
433 2
434 1
435 2
436 1
437 1
438 4
439 3
440 1
441 1
442 1
443 6
444 3
445 1
446 3
447 2
448 3
449 1
450 1
451 1
452 1
453 4
454 3
455 1
456 5
457 4
458 2
459 2
460 1
461 4
462 1
463 4
464 1
465 2
466 3
467 1
468 3
469 1
470 2
471 1
472 4
473 1
474 2
475 1
476 2
477 2
478 1
479 2
480 4
481 3
482 1
483 1
484 3
485 5
486 2
487 1
488 1
489 3
490 6
491 2
492 3
493 5
494 5
495 1
496 5
497 1
498 1
499 1
