500 15 350 350
0 1
1 2
2 2
3 2
4 1
5 3
6 4
7 3
8 2
9 1
10 1
11 2
12 5
13 1
14 2
15 1
16 5
17 1
18 6
19 6
20 3
21 7
22 1
23 1
24 2
25 3
26 3
27 3
28 1
29 2
30 7
31 5
32 3
33 3
34 2
35 7
36 1
37 1
38 8
39 6
40 2
41 5
42 3
43 1
44 1
45 2
46 1
47 4
48 7
49 5
50 4
51 5
52 3
53 6
54 4
55 1
56 1
57 5
58 9
59 1
60 4
61 7
62 7
63 1
64 4
65 2
66 2
67 2
68 9
69 1
70 3
71 1
72 1
73 6
74 2
75 3
76 1
77 1
78 1
79 1
80 1
81 6
82 2
83 8
84 3
85 7
86 1
87 1
88 2
89 2
90 1
91 3
92 1
93 4
94 4
95 3
96 2
97 3
98 1
99 1
100 10
101 1
102 3
103 1
104 3
105 7
106 6
107 10
108 1
109 1
110 1
111 7
112 5
113 2
114 10
115 9
116 3
117 3
118 1
119 2
120 2
121 5
122 2
123 5
124 3
125 1
126 3
127 6
128 1
129 1
130 6
131 5
132 7
133 3
134 2
135 1
136 5
137 2
138 1
139 1
140 5
141 3
142 1
143 3
144 2
145 1
146 1
147 5
148 7
149 2
150 4
151 11
152 11
153 1
154 2
155 3
156 1
157 5
158 2
159 8
160 3
161 2
162 3
163 7
164 2
165 3
166 1
167 1
168 2
169 4
170 3
171 2
172 4
173 1
174 1
175 3
176 1
177 3
178 2
179 2
180 1
181 5
182 4
183 2
184 5
185 3
186 3
187 6
188 2
189 2
190 2
191 1
192 1
193 6
194 2
195 1
196 2
197 1
198 8
199 4
200 1
201 5
202 11
203 6
204 2
205 1
206 2
207 3
208 4
209 3
210 5
211 6
212 2
213 1
214 7
215 2
216 5
217 1
218 7
219 4
220 1
221 3
222 2
223 3
224 3
225 1
226 2
227 1
228 1
229 2
230 1
231 1
232 8
233 1
234 3
235 1
236 3
237 3
238 4
239 6
240 1
241 1
242 3
243 8
244 10
245 2
246 5
247 12
248 1
249 1
250 4
251 5
252 9
253 1
254 3
255 4
256 2
257 2
258 1
259 3
260 2
261 9
262 1
263 1
264 5
265 4
266 1
267 3
268 1
269 1
270 1
271 1
272 2
273 1
274 1
275 2
276 2
277 7
278 1
279 5
280 2
281 1
282 1
283 3
284 4
285 4
286 13
287 2
288 14
289 3
290 5
291 2
292 3
293 3
294 3
295 1
296 1
297 3
298 9
299 2
300 4
301 6
302 5
303 15
304 3
305 1
306 2
307 1
308 2
309 4
310 3
311 1
312 1
313 2
314 3
315 3
316 3
317 2
318 2
319 2
320 5
321 2
322 1
323 2
324 1
325 4
326 6
327 1
328 3
329 5
330 2
331 3
332 3
333 1
334 1
335 2
336 4
337 5
338 3
339 4
340 4
341 11
342 1
343 1
344 2
345 7
346 1
347 1
348 1
349 3
350 2
351 1
352 2
353 1
354 4
355 4
356 2
357 2
358 2
359 1
360 3
361 2
362 1
363 1
364 6
365 2
366 4
367 7
368 1
369 1
370 3
371 8
372 2
373 2
374 1
375 14
376 7
377 2
378 6
379 6
380 4
381 2
382 3
383 1
384 2
385 1
386 5
387 3
388 1
389 2
390 3
391 2
392 3
393 1
394 1
395 6
396 2
397 3
398 1
399 2
400 3
401 1
402 2
403 2
404 5
405 1
406 1
407 4
408 2
409 2
410 4
411 2
412 2
413 5
414 2
415 1
416 4
417 1
418 6
419 1
420 11
421 2
422 1
423 2
424 1
425 9
426 2
427 1
428 2
429 1
430 2
431 1
432 1
433 5
434 3
435 2
436 1
437 8
438 2
439 1
440 5
441 11
442 4
443 4
444 5
445 2
446 3
447 4
448 3
449 1
450 3
451 2
452 2
453 1
454 4
455 1
456 1
457 1
458 1
459 6
460 5
461 10
462 5
463 2
464 11
465 1
466 3
467 2
468 1
469 2
470 1
471 5
472 3
473 4
474 10
475 4
476 3
477 3
478 4
479 11
480 4
481 1
482 1
483 2
484 2
485 2
486 2
487 2
488 2
489 8
490 1
491 3
492 1
493 5
494 1
495 4
496 1
497 1
498 6
499 3
