100 22 50 50
0 13
1 15
2 10
3 5
4 7
5 3
6 2
7 6
8 9
9 7
10 5
11 8
12 3
13 16
14 10
15 3
16 7
17 6
18 1
19 4
20 13
21 4
22 19
23 5
24 3
25 16
26 5
27 9
28 4
29 4
30 6
31 16
32 18
33 1
34 7
35 13
36 10
37 1
38 14
39 19
40 12
41 5
42 8
43 22
44 15
45 4
46 17
47 11
48 11
49 14
50 10
51 2
52 9
53 12
54 21
55 8
56 11
57 9
58 6
59 15
60 11
61 1
62 12
63 12
64 12
65 3
66 15
67 19
68 7
69 13
70 8
71 2
72 18
73 11
74 17
75 21
76 7
77 10
78 20
79 2
80 6
81 18
82 8
83 1
84 7
85 6
86 5
87 11
88 17
89 2
90 15
91 2
92 12
93 14
94 14
95 20
96 9
97 9
98 4
99 17
