100 31 70 70
0 25
1 25
2 19
3 10
4 18
5 14
6 18
7 13
8 9
9 12
10 2
11 8
12 22
13 23
14 10
15 8
16 6
17 14
18 4
19 23
20 31
21 7
22 13
23 9
24 5
25 1
26 17
27 21
28 6
29 29
30 25
31 6
32 30
33 11
34 11
35 7
36 4
37 3
38 16
39 1
40 16
41 1
42 3
43 5
44 4
45 11
46 10
47 3
48 16
49 21
50 3
51 5
52 1
53 19
54 26
55 12
56 28
57 9
58 20
59 16
60 30
61 15
62 7
63 17
64 16
65 2
66 19
67 23
68 10
69 28
70 7
71 12
72 16
73 14
74 18
75 9
76 20
77 14
78 24
79 13
80 29
81 18
82 24
83 4
84 6
85 17
86 8
87 4
88 13
89 20
90 8
91 5
92 19
93 22
94 12
95 15
96 22
97 2
98 15
99 27
