100 18 86 86
0 1
1 2
2 3
3 4
4 3
5 5
6 2
7 6
8 3
9 7
10 8
11 9
12 10
13 6
14 2
15 5
16 1
17 5
18 6
19 11
20 2
21 7
22 10
23 1
24 2
25 12
26 11
27 4
28 13
29 1
30 14
31 1
32 15
33 6
34 5
35 6
36 5
37 4
38 2
39 5
40 3
41 2
42 10
43 1
44 10
45 1
46 2
47 3
48 2
49 2
50 3
51 7
52 7
53 16
54 2
55 3
56 10
57 15
58 2
59 11
60 1
61 4
62 4
63 7
64 1
65 1
66 9
67 17
68 2
69 8
70 5
71 3
72 16
73 5
74 10
75 9
76 4
77 14
78 3
79 7
80 3
81 1
82 7
83 9
84 4
85 13
86 9
87 1
88 7
89 1
90 6
91 4
92 4
93 15
94 3
95 11
96 2
97 3
98 1
99 18
