250 7 125 125
0 1
1 1
2 1
3 2
4 2
5 1
6 1
7 1
8 2
9 1
10 2
11 2
12 2
13 2
14 1
15 2
16 2
17 1
18 1
19 1
20 3
21 1
22 3
23 1
24 4
25 5
26 5
27 4
28 3
29 1
30 1
31 3
32 3
33 2
34 4
35 4
36 2
37 2
38 1
39 1
40 1
41 1
42 1
43 2
44 2
45 1
46 1
47 4
48 2
49 5
50 1
51 6
52 2
53 1
54 3
55 3
56 3
57 2
58 1
59 1
60 1
61 1
62 4
63 3
64 2
65 3
66 1
67 2
68 1
69 2
70 1
71 2
72 1
73 5
74 1
75 4
76 2
77 4
78 1
79 3
80 1
81 1
82 1
83 1
84 7
85 1
86 1
87 1
88 4
89 1
90 1
91 1
92 1
93 1
94 1
95 1
96 1
97 2
98 1
99 1
100 1
101 1
102 2
103 2
104 1
105 1
106 1
107 2
108 2
109 1
110 2
111 3
112 2
113 1
114 1
115 1
116 2
117 2
118 2
119 1
120 1
121 2
122 2
123 1
124 3
125 4
126 1
127 2
128 1
129 1
130 1
131 4
132 3
133 3
134 1
135 5
136 1
137 3
138 1
139 2
140 2
141 2
142 2
143 2
144 1
145 1
146 1
147 1
148 1
149 1
150 3
151 4
152 1
153 1
154 4
155 2
156 5
157 1
158 2
159 1
160 2
161 1
162 1
163 2
164 3
165 1
166 1
167 1
168 3
169 1
170 1
171 2
172 1
173 1
174 1
175 2
176 2
177 2
178 3
179 1
180 2
181 3
182 1
183 2
184 2
185 2
186 1
187 2
188 1
189 4
190 1
191 4
192 2
193 1
194 1
195 3
196 2
197 2
198 2
199 1
200 1
201 1
202 2
203 2
204 2
205 2
206 3
207 1
208 1
209 1
210 5
211 1
212 1
213 3
214 1
215 3
216 1
217 1
218 1
219 2
220 1
221 2
222 2
223 1
224 5
225 1
226 1
227 1
228 1
229 2
230 1
231 2
232 1
233 3
234 1
235 3
236 5
237 1
238 6
239 2
240 1
241 1
242 1
243 1
244 1
245 4
246 4
247 3
248 2
249 1
