250 12 175 175
0 1
1 2
2 1
3 3
4 4
5 1
6 3
7 5
8 6
9 4
10 3
11 5
12 4
13 3
14 7
15 1
16 2
17 5
18 6
19 7
20 8
21 1
22 1
23 5
24 1
25 1
26 2
27 4
28 4
29 2
30 1
31 2
32 8
33 2
34 1
35 1
36 2
37 3
38 4
39 4
40 1
41 6
42 4
43 9
44 2
45 4
46 1
47 2
48 2
49 1
50 2
51 9
52 1
53 1
54 1
55 1
56 1
57 2
58 2
59 1
60 1
61 2
62 1
63 4
64 3
65 1
66 1
67 6
68 4
69 1
70 2
71 10
72 4
73 3
74 4
75 1
76 1
77 2
78 4
79 3
80 2
81 5
82 2
83 2
84 3
85 1
86 8
87 1
88 1
89 2
90 6
91 6
92 1
93 7
94 1
95 3
96 6
97 4
98 1
99 1
100 6
101 2
102 4
103 1
104 5
105 1
106 2
107 10
108 11
109 1
110 2
111 1
112 2
113 3
114 4
115 1
116 3
117 4
118 1
119 3
120 5
121 3
122 2
123 5
124 1
125 3
126 1
127 5
128 4
129 2
130 6
131 6
132 1
133 4
134 1
135 10
136 4
137 1
138 1
139 1
140 2
141 1
142 3
143 1
144 2
145 2
146 2
147 8
148 1
149 6
150 1
151 1
152 6
153 1
154 8
155 5
156 1
157 6
158 2
159 3
160 2
161 3
162 1
163 2
164 5
165 2
166 1
167 1
168 3
169 6
170 2
171 1
172 4
173 1
174 2
175 5
176 3
177 5
178 2
179 7
180 4
181 3
182 5
183 3
184 2
185 1
186 5
187 4
188 2
189 1
190 3
191 1
192 3
193 2
194 7
195 1
196 2
197 1
198 3
199 9
200 6
201 3
202 2
203 1
204 4
205 7
206 1
207 3
208 3
209 1
210 1
211 6
212 2
213 3
214 7
215 4
216 1
217 3
218 2
219 9
220 2
221 2
222 2
223 5
224 12
225 2
226 3
227 7
228 1
229 2
230 3
231 2
232 5
233 8
234 2
235 2
236 4
237 5
238 2
239 2
240 1
241 3
242 1
243 7
244 3
245 5
246 2
247 1
248 1
249 1
