500 73 250 250
0 16
1 50
2 2
3 60
4 7
5 44
6 32
7 48
8 31
9 30
10 26
11 61
12 27
13 32
14 33
15 18
16 53
17 52
18 13
19 50
20 62
21 49
22 43
23 45
24 57
25 29
26 44
27 17
28 12
29 5
30 18
31 37
32 23
33 41
34 39
35 63
36 12
37 1
38 34
39 29
40 21
41 23
42 4
43 1
44 30
45 46
46 10
47 16
48 7
49 50
50 5
51 44
52 47
53 45
54 38
55 4
56 27
57 8
58 12
59 60
60 1
61 35
62 14
63 8
64 27
65 49
66 59
67 24
68 42
69 61
70 13
71 58
72 29
73 40
74 65
75 26
76 15
77 61
78 28
79 38
80 58
81 21
82 58
83 25
84 14
85 40
86 48
87 19
88 42
89 5
90 17
91 47
92 8
93 60
94 18
95 66
96 48
97 53
98 51
99 31
100 30
101 66
102 12
103 19
104 9
105 2
106 70
107 3
108 5
109 38
110 10
111 40
112 26
113 1
114 11
115 2
116 22
117 24
118 45
119 52
120 19
121 33
122 57
123 9
124 1
125 4
126 21
127 19
128 55
129 65
130 33
131 12
132 39
133 36
134 17
135 40
136 19
137 47
138 28
139 12
140 2
141 36
142 36
143 7
144 3
145 65
146 16
147 53
148 54
149 62
150 47
151 22
152 51
153 70
154 57
155 25
156 13
157 8
158 31
159 46
160 22
161 15
162 14
163 20
164 11
165 16
166 61
167 12
168 32
169 41
170 1
171 47
172 13
173 10
174 16
175 56
176 8
177 59
178 69
179 34
180 4
181 55
182 24
183 47
184 71
185 20
186 37
187 25
188 2
189 16
190 45
191 23
192 17
193 13
194 22
195 24
196 3
197 69
198 56
199 18
200 65
201 49
202 35
203 37
204 21
205 10
206 56
207 68
208 59
209 59
210 25
211 66
212 38
213 36
214 29
215 25
216 40
217 3
218 3
219 39
220 51
221 37
222 34
223 31
224 38
225 67
226 40
227 32
228 5
229 64
230 14
231 34
232 54
233 45
234 35
235 23
236 8
237 33
238 41
239 53
240 65
241 41
242 30
243 55
244 58
245 6
246 11
247 15
248 66
249 24
250 12
251 62
252 10
253 33
254 6
255 30
256 58
257 8
258 22
259 66
260 27
261 16
262 27
263 9
264 49
265 5
266 72
267 60
268 44
269 33
270 44
271 21
272 56
273 64
274 10
275 32
276 52
277 5
278 10
279 15
280 46
281 54
282 41
283 67
284 25
285 34
286 17
287 2
288 3
289 49
290 44
291 1
292 51
293 30
294 36
295 11
296 33
297 20
298 4
299 15
300 14
301 71
302 15
303 6
304 45
305 68
306 34
307 24
308 8
309 7
310 14
311 47
312 56
313 43
314 1
315 61
316 19
317 25
318 14
319 49
320 60
321 14
322 27
323 13
324 13
325 68
326 17
327 50
328 28
329 39
330 24
331 11
332 26
333 20
334 4
335 40
336 48
337 5
338 25
339 68
340 37
341 32
342 31
343 49
344 53
345 16
346 20
347 20
348 20
349 32
350 19
351 22
352 8
353 11
354 7
355 39
356 37
357 6
358 56
359 38
360 50
361 63
362 11
363 24
364 68
365 2
366 27
367 54
368 11
369 6
370 17
371 42
372 41
373 6
374 52
375 4
376 65
377 63
378 13
379 70
380 43
381 26
382 35
383 20
384 44
385 23
386 36
387 51
388 6
389 19
390 32
391 28
392 67
393 51
394 41
395 20
396 31
397 43
398 24
399 55
400 48
401 57
402 57
403 52
404 18
405 26
406 48
407 52
408 23
409 31
410 4
411 37
412 15
413 43
414 9
415 59
416 44
417 35
418 54
419 9
420 63
421 63
422 9
423 7
424 6
425 7
426 5
427 53
428 29
429 21
430 2
431 52
432 22
433 46
434 9
435 64
436 29
437 55
438 55
439 32
440 64
441 10
442 39
443 42
444 28
445 53
446 46
447 69
448 42
449 1
450 51
451 42
452 42
453 14
454 46
455 62
456 73
457 49
458 17
459 17
460 72
461 43
462 48
463 23
464 3
465 71
466 70
467 21
468 28
469 34
470 26
471 55
472 37
473 16
474 2
475 28
476 42
477 35
478 36
479 3
480 3
481 31
482 16
483 39
484 47
485 7
486 21
487 47
488 34
489 38
490 24
491 38
492 40
493 43
494 27
495 18
496 26
497 62
498 29
499 9
