500 109 350 350
0 37
1 33
2 78
3 32
4 20
5 38
6 94
7 13
8 48
9 83
10 72
11 97
12 9
13 25
14 23
15 11
16 22
17 30
18 32
19 53
20 19
21 58
22 72
23 29
24 15
25 16
26 9
27 6
28 12
29 71
30 48
31 27
32 65
33 5
34 7
35 1
36 70
37 66
38 53
39 44
40 7
41 31
42 60
43 34
44 90
45 50
46 64
47 52
48 78
49 24
50 103
51 91
52 96
53 86
54 26
55 55
56 48
57 80
58 81
59 74
60 42
61 93
62 58
63 16
64 98
65 50
66 35
67 3
68 78
69 90
70 46
71 45
72 103
73 51
74 90
75 18
76 76
77 37
78 30
79 38
80 49
81 56
82 17
83 64
84 104
85 2
86 83
87 92
88 56
89 57
90 35
91 102
92 93
93 41
94 9
95 51
96 87
97 84
98 53
99 17
100 55
101 89
102 52
103 78
104 38
105 16
106 49
107 52
108 72
109 16
110 45
111 2
112 101
113 14
114 12
115 40
116 19
117 95
118 22
119 62
120 13
121 10
122 84
123 64
124 50
125 31
126 26
127 49
128 27
129 24
130 67
131 10
132 1
133 76
134 57
135 6
136 59
137 107
138 17
139 51
140 88
141 10
142 25
143 2
144 81
145 52
146 99
147 109
148 8
149 95
150 73
151 91
152 68
153 53
154 27
155 92
156 75
157 22
158 64
159 49
160 103
161 15
162 41
163 73
164 38
165 86
166 54
167 62
168 31
169 27
170 74
171 59
172 94
173 11
174 21
175 68
176 39
177 69
178 45
179 7
180 98
181 89
182 34
183 47
184 25
185 99
186 24
187 14
188 21
189 55
190 54
191 61
192 82
193 75
194 41
195 82
196 33
197 22
198 2
199 19
200 17
201 35
202 80
203 87
204 36
205 54
206 52
207 99
208 19
209 47
210 58
211 88
212 84
213 76
214 79
215 40
216 42
217 80
218 40
219 77
220 99
221 96
222 43
223 83
224 3
225 24
226 4
227 14
228 85
229 56
230 13
231 90
232 26
233 28
234 70
235 28
236 3
237 29
238 39
239 34
240 76
241 37
242 18
243 4
244 6
245 5
246 12
247 30
248 90
249 43
250 23
251 75
252 86
253 59
254 91
255 24
256 62
257 18
258 63
259 35
260 94
261 30
262 46
263 68
264 57
265 84
266 97
267 104
268 42
269 106
270 108
271 65
272 60
273 37
274 25
275 29
276 5
277 87
278 8
279 9
280 15
281 9
282 63
283 3
284 20
285 40
286 4
287 5
288 87
289 49
290 106
291 93
292 10
293 81
294 67
295 51
296 3
297 6
298 60
299 33
300 41
301 91
302 46
303 64
304 38
305 21
306 30
307 16
308 71
309 101
310 20
311 79
312 11
313 95
314 47
315 5
316 64
317 97
318 8
319 26
320 23
321 13
322 69
323 88
324 70
325 85
326 28
327 66
328 40
329 77
330 11
331 5
332 20
333 60
334 50
335 4
336 26
337 6
338 58
339 11
340 86
341 45
342 59
343 12
344 66
345 7
346 46
347 13
348 12
349 72
350 84
351 67
352 75
353 63
354 36
355 100
356 33
357 85
358 65
359 81
360 71
361 74
362 49
363 12
364 69
365 22
366 8
367 25
368 105
369 2
370 65
371 17
372 39
373 4
374 79
375 88
376 28
377 61
378 107
379 44
380 23
381 73
382 31
383 69
384 47
385 32
386 32
387 100
388 5
389 89
390 15
391 21
392 43
393 35
394 56
395 28
396 26
397 65
398 44
399 63
400 29
401 101
402 105
403 13
404 1
405 37
406 102
407 94
408 23
409 60
410 59
411 44
412 36
413 18
414 70
415 51
416 3
417 104
418 32
419 31
420 89
421 1
422 7
423 79
424 92
425 41
426 33
427 82
428 44
429 11
430 33
431 80
432 68
433 67
434 62
435 15
436 85
437 78
438 29
439 73
440 96
441 85
442 1
443 8
444 77
445 41
446 97
447 36
448 18
449 76
450 29
451 36
452 59
453 82
454 20
455 56
456 14
457 21
458 63
459 23
460 80
461 55
462 66
463 42
464 39
465 17
466 48
467 20
468 42
469 34
470 61
471 1
472 21
473 43
474 55
475 61
476 27
477 14
478 34
479 50
480 58
481 92
482 14
483 10
484 100
485 38
486 45
487 71
488 74
489 57
490 98
491 2
492 37
493 96
494 43
495 54
496 18
497 19
498 81
499 42
