1000 124 500 500
0 1
1 1
2 1
3 2
4 3
5 4
6 4
7 2
8 2
9 3
10 2
11 5
12 6
13 6
14 3
15 5
16 4
17 4
18 7
19 6
20 2
21 7
22 8
23 7
24 6
25 3
26 7
27 9
28 5
29 9
30 10
31 1
32 10
33 3
34 8
35 2
36 7
37 5
38 11
39 12
40 11
41 12
42 7
43 6
44 9
45 1
46 9
47 12
48 8
49 1
50 10
51 10
52 2
53 11
54 8
55 13
56 8
57 13
58 11
59 14
60 13
61 14
62 15
63 14
64 14
65 12
66 15
67 15
68 8
69 16
70 10
71 13
72 14
73 17
74 18
75 17
76 19
77 4
78 5
79 13
80 16
81 3
82 6
83 18
84 17
85 15
86 4
87 12
88 8
89 2
90 20
91 17
92 15
93 16
94 17
95 19
96 9
97 6
98 18
99 13
100 21
101 4
102 18
103 21
104 21
105 19
106 22
107 23
108 12
109 20
110 20
111 11
112 5
113 22
114 23
115 24
116 21
117 9
118 13
119 7
120 23
121 24
122 22
123 25
124 17
125 25
126 25
127 26
128 19
129 26
130 24
131 26
132 15
133 27
134 27
135 23
136 16
137 8
138 11
139 19
140 28
141 18
142 16
143 27
144 29
145 4
146 28
147 25
148 29
149 10
150 22
151 27
152 29
153 24
154 28
155 30
156 25
157 14
158 22
159 18
160 29
161 15
162 15
163 16
164 31
165 30
166 31
167 32
168 33
169 3
170 20
171 10
172 31
173 33
174 20
175 28
176 1
177 26
178 27
179 30
180 20
181 32
182 31
183 21
184 34
185 22
186 34
187 32
188 23
189 33
190 34
191 33
192 9
193 35
194 23
195 32
196 25
197 19
198 36
199 2
200 35
201 36
202 34
203 4
204 27
205 36
206 33
207 17
208 36
209 37
210 30
211 35
212 37
213 21
214 26
215 38
216 22
217 35
218 37
219 28
220 34
221 38
222 39
223 28
224 39
225 37
226 27
227 34
228 15
229 11
230 40
231 37
232 29
233 41
234 30
235 6
236 19
237 36
238 17
239 42
240 31
241 40
242 32
243 39
244 41
245 40
246 26
247 42
248 42
249 14
250 24
251 42
252 38
253 30
254 32
255 37
256 38
257 36
258 3
259 40
260 41
261 29
262 43
263 44
264 9
265 38
266 39
267 23
268 43
269 44
270 40
271 34
272 45
273 39
274 26
275 44
276 41
277 46
278 22
279 44
280 46
281 45
282 1
283 43
284 5
285 39
286 43
287 40
288 26
289 23
290 42
291 41
292 38
293 47
294 48
295 47
296 39
297 46
298 46
299 45
300 47
301 49
302 48
303 14
304 16
305 49
306 48
307 23
308 45
309 35
310 50
311 32
312 13
313 51
314 5
315 51
316 50
317 52
318 41
319 32
320 47
321 16
322 52
323 45
324 12
325 34
326 53
327 54
328 53
329 21
330 55
331 54
332 17
333 50
334 48
335 47
336 51
337 48
338 54
339 46
340 49
341 44
342 56
343 7
344 51
345 11
346 52
347 41
348 52
349 48
350 46
351 49
352 16
353 49
354 18
355 37
356 45
357 57
358 56
359 31
360 55
361 20
362 48
363 53
364 47
365 47
366 46
367 57
368 44
369 57
370 58
371 29
372 13
373 54
374 56
375 56
376 58
377 59
378 43
379 52
380 50
381 53
382 53
383 58
384 58
385 31
386 54
387 60
388 59
389 33
390 31
391 6
392 20
393 56
394 60
395 38
396 51
397 46
398 52
399 55
400 61
401 24
402 56
403 60
404 59
405 61
406 50
407 50
408 61
409 24
410 13
411 60
412 57
413 49
414 35
415 62
416 58
417 57
418 19
419 36
420 48
421 53
422 29
423 55
424 63
425 61
426 28
427 49
428 30
429 35
430 21
431 54
432 62
433 63
434 15
435 25
436 60
437 32
438 64
439 50
440 27
441 57
442 65
443 51
444 63
445 64
446 62
447 55
448 65
449 56
450 66
451 44
452 52
453 62
454 65
455 25
456 64
457 64
458 40
459 67
460 67
461 68
462 64
463 42
464 68
465 31
466 60
467 69
468 1
469 60
470 63
471 28
472 18
473 66
474 66
475 70
476 59
477 68
478 61
479 71
480 51
481 65
482 62
483 55
484 64
485 30
486 51
487 59
488 66
489 24
490 51
491 58
492 69
493 36
494 72
495 71
496 58
497 73
498 69
499 69
500 63
501 42
502 62
503 71
504 33
505 1
506 70
507 72
508 66
509 43
510 65
511 70
512 59
513 74
514 53
515 45
516 67
517 29
518 37
519 26
520 65
521 12
522 4
523 35
524 73
525 70
526 71
527 63
528 72
529 8
530 75
531 76
532 73
533 10
534 69
535 59
536 77
537 72
538 75
539 64
540 61
541 72
542 43
543 70
544 57
545 67
546 74
547 76
548 53
549 74
550 76
551 68
552 75
553 77
554 67
555 78
556 78
557 66
558 76
559 65
560 79
561 77
562 24
563 74
564 73
565 41
566 80
567 37
568 79
569 78
570 42
571 79
572 80
573 77
574 81
575 52
576 79
577 78
578 72
579 30
580 80
581 82
582 64
583 68
584 81
585 82
586 63
587 25
588 82
589 78
590 62
591 47
592 20
593 74
594 12
595 81
596 74
597 83
598 51
599 52
600 80
601 73
602 67
603 75
604 81
605 83
606 55
607 83
608 78
609 58
610 84
611 85
612 70
613 56
614 84
615 60
616 86
617 76
618 86
619 84
620 85
621 85
622 26
623 83
624 81
625 67
626 82
627 85
628 80
629 14
630 79
631 66
632 17
633 66
634 64
635 84
636 87
637 40
638 87
639 60
640 76
641 81
642 87
643 7
644 42
645 71
646 85
647 88
648 81
649 89
650 71
651 83
652 41
653 89
654 77
655 74
656 73
657 79
658 86
659 89
660 90
661 41
662 90
663 54
664 84
665 91
666 75
667 88
668 86
669 87
670 92
671 93
672 94
673 67
674 90
675 86
676 90
677 2
678 91
679 92
680 72
681 88
682 43
683 75
684 48
685 49
686 73
687 88
688 29
689 80
690 78
691 69
692 85
693 89
694 81
695 83
696 68
697 53
698 91
699 92
700 61
701 84
702 14
703 67
704 94
705 69
706 87
707 83
708 95
709 83
710 93
711 96
712 93
713 96
714 95
715 49
716 92
717 5
718 95
719 94
720 94
721 88
722 96
723 91
724 82
725 89
726 97
727 92
728 98
729 93
730 62
731 22
732 80
733 99
734 86
735 87
736 94
737 97
738 79
739 60
740 69
741 20
742 98
743 87
744 95
745 98
746 95
747 98
748 92
749 96
750 39
751 21
752 99
753 22
754 58
755 31
756 97
757 100
758 93
759 82
760 75
761 26
762 91
763 88
764 94
765 101
766 100
767 59
768 97
769 101
770 99
771 8
772 102
773 102
774 77
775 101
776 103
777 100
778 76
779 101
780 52
781 19
782 68
783 96
784 103
785 99
786 104
787 98
788 105
789 95
790 102
791 95
792 57
793 38
794 54
795 89
796 106
797 104
798 105
799 90
800 63
801 102
802 62
803 107
804 55
805 97
806 93
807 82
808 43
809 106
810 106
811 47
812 93
813 96
814 107
815 105
816 90
817 102
818 103
819 75
820 100
821 39
822 7
823 81
824 103
825 68
826 108
827 79
828 100
829 43
830 77
831 99
832 108
833 16
834 105
835 98
836 104
837 12
838 75
839 109
840 74
841 57
842 108
843 105
844 11
845 62
846 85
847 42
848 11
849 33
850 108
851 110
852 86
853 68
854 108
855 100
856 104
857 91
858 107
859 110
860 98
861 104
862 106
863 104
864 73
865 90
866 110
867 30
868 88
869 89
870 46
871 80
872 70
873 109
874 109
875 44
876 65
877 111
878 111
879 100
880 16
881 111
882 110
883 50
884 21
885 102
886 28
887 91
888 110
889 107
890 76
891 103
892 112
893 53
894 92
895 103
896 112
897 113
898 96
899 65
900 113
901 112
902 111
903 113
904 114
905 114
906 112
907 101
908 115
909 110
910 115
911 111
912 109
913 98
914 89
915 36
916 108
917 105
918 116
919 81
920 116
921 117
922 38
923 116
924 114
925 87
926 111
927 97
928 62
929 117
930 72
931 70
932 106
933 61
934 100
935 102
936 114
937 11
938 87
939 99
940 45
941 118
942 28
943 118
944 118
945 71
946 119
947 120
948 107
949 88
950 115
951 120
952 101
953 101
954 91
955 112
956 116
957 121
958 98
959 45
960 27
961 118
962 93
963 117
964 113
965 122
966 119
967 94
968 109
969 119
970 120
971 111
972 64
973 115
974 37
975 104
976 115
977 40
978 118
979 108
980 89
981 86
982 116
983 117
984 92
985 121
986 120
987 123
988 74
989 108
990 76
991 123
992 73
993 122
994 124
995 55
996 114
997 111
998 67
999 73
