5000 100 460 460
0 7
1 67
2 1
3 57
4 19
5 87
6 46
7 26
8 34
9 82
10 75
11 97
12 25
13 17
14 78
15 41
16 63
17 70
18 72
19 68
20 5
21 20
22 9
23 72
24 45
25 43
26 85
27 45
28 63
29 22
30 22
31 16
32 83
33 84
34 14
35 42
36 51
37 7
38 46
39 2
40 55
41 59
42 41
43 53
44 23
45 33
46 54
47 93
48 32
49 32
50 82
51 40
52 39
53 76
54 54
55 10
56 68
57 59
58 62
59 30
60 39
61 5
62 25
63 73
64 41
65 58
66 10
67 9
68 18
69 71
70 87
71 86
72 6
73 13
74 4
75 47
76 46
77 88
78 61
79 36
80 33
81 53
82 68
83 65
84 22
85 91
86 67
87 71
88 24
89 91
90 9
91 18
92 76
93 42
94 12
95 13
96 62
97 57
98 44
99 15
100 64
101 4
102 40
103 11
104 59
105 30
106 7
107 62
108 21
109 51
110 69
111 11
112 87
113 22
114 20
115 38
116 9
117 63
118 48
119 46
120 35
121 46
122 49
123 48
124 61
125 7
126 19
127 8
128 18
129 23
130 70
131 31
132 29
133 25
134 94
135 5
136 52
137 59
138 18
139 69
140 36
141 40
142 47
143 18
144 29
145 38
146 6
147 79
148 15
149 83
150 12
151 41
152 71
153 51
154 45
155 52
156 53
157 80
158 43
159 59
160 81
161 93
162 38
163 39
164 15
165 25
166 4
167 91
168 3
169 47
170 61
171 13
172 38
173 92
174 43
175 39
176 78
177 13
178 83
179 55
180 92
181 36
182 79
183 79
184 56
185 47
186 35
187 24
188 19
189 61
190 42
191 24
192 57
193 53
194 76
195 61
196 58
197 46
198 22
199 60
200 41
201 72
202 9
203 93
204 9
205 31
206 47
207 28
208 6
209 2
210 35
211 65
212 48
213 74
214 2
215 54
216 19
217 13
218 78
219 53
220 29
221 38
222 26
223 47
224 84
225 14
226 21
227 87
228 5
229 11
230 11
231 42
232 35
233 8
234 53
235 90
236 54
237 29
238 58
239 44
240 17
241 40
242 5
243 74
244 17
245 39
246 75
247 75
248 40
249 81
250 17
251 38
252 10
253 95
254 3
255 10
256 53
257 53
258 41
259 31
260 74
261 25
262 95
263 44
264 64
265 35
266 60
267 57
268 56
269 54
270 53
271 81
272 80
273 28
274 6
275 18
276 12
277 82
278 54
279 14
280 26
281 9
282 95
283 38
284 17
285 1
286 89
287 68
288 75
289 93
290 3
291 73
292 40
293 49
294 46
295 62
296 56
297 12
298 33
299 84
300 38
301 30
302 61
303 45
304 13
305 58
306 2
307 42
308 17
309 44
310 4
311 96
312 32
313 72
314 51
315 16
316 82
317 22
318 72
319 1
320 22
321 73
322 6
323 45
324 35
325 25
326 36
327 81
328 29
329 38
330 89
331 56
332 58
333 38
334 37
335 21
336 50
337 57
338 88
339 70
340 54
341 10
342 10
343 74
344 14
345 61
346 79
347 29
348 45
349 41
350 82
351 14
352 4
353 88
354 63
355 38
356 74
357 70
358 81
359 65
360 2
361 52
362 73
363 33
364 41
365 71
366 29
367 15
368 47
369 36
370 57
371 18
372 88
373 6
374 73
375 29
376 72
377 19
378 39
379 19
380 98
381 14
382 66
383 52
384 68
385 46
386 2
387 77
388 14
389 13
390 86
391 28
392 92
393 43
394 90
395 38
396 14
397 45
398 53
399 30
400 23
401 5
402 27
403 44
404 58
405 94
406 75
407 2
408 75
409 70
410 48
411 51
412 20
413 57
414 85
415 27
416 60
417 16
418 61
419 42
420 18
421 75
422 51
423 25
424 7
425 26
426 1
427 57
428 10
429 65
430 10
431 29
432 34
433 28
434 53
435 27
436 84
437 32
438 54
439 35
440 18
441 36
442 65
443 46
444 89
445 26
446 80
447 52
448 38
449 90
450 88
451 57
452 65
453 89
454 91
455 31
456 87
457 14
458 19
459 70
460 21
461 46
462 84
463 82
464 15
465 17
466 71
467 32
468 23
469 30
470 8
471 60
472 64
473 85
474 79
475 61
476 26
477 18
478 52
479 29
480 67
481 17
482 44
483 54
484 29
485 78
486 45
487 25
488 69
489 64
490 25
491 52
492 79
493 61
494 87
495 25
496 36
497 75
498 80
499 19
500 11
501 30
502 4
503 4
504 53
505 38
506 9
507 3
508 34
509 49
510 6
511 35
512 45
513 7
514 21
515 54
516 29
517 53
518 49
519 49
520 29
521 94
522 26
523 35
524 36
525 13
526 41
527 79
528 1
529 82
530 26
531 82
532 23
533 34
534 75
535 91
536 52
537 6
538 4
539 61
540 68
541 83
542 86
543 31
544 95
545 82
546 17
547 17
548 38
549 65
550 61
551 15
552 69
553 1
554 9
555 29
556 45
557 85
558 1
559 74
560 27
561 32
562 46
563 55
564 68
565 44
566 70
567 40
568 1
569 53
570 57
571 18
572 43
573 4
574 90
575 64
576 39
577 96
578 65
579 85
580 25
581 51
582 12
583 46
584 85
585 16
586 8
587 82
588 59
589 33
590 34
591 75
592 73
593 52
594 8
595 28
596 41
597 56
598 48
599 15
600 33
601 27
602 53
603 60
604 13
605 31
606 18
607 27
608 44
609 24
610 42
611 50
612 14
613 38
614 41
615 13
616 79
617 1
618 55
619 100
620 37
621 2
622 55
623 20
624 69
625 8
626 38
627 70
628 68
629 8
630 43
631 37
632 45
633 96
634 42
635 79
636 23
637 81
638 34
639 11
640 23
641 32
642 3
643 48
644 50
645 33
646 64
647 94
648 12
649 13
650 3
651 74
652 68
653 15
654 72
655 39
656 65
657 19
658 23
659 6
660 86
661 44
662 63
663 7
664 79
665 2
666 54
667 96
668 70
669 50
670 5
671 31
672 7
673 56
674 34
675 14
676 35
677 67
678 6
679 27
680 36
681 5
682 27
683 35
684 77
685 10
686 55
687 50
688 31
689 53
690 33
691 24
692 90
693 66
694 3
695 63
696 55
697 38
698 34
699 97
700 69
701 14
702 15
703 57
704 35
705 52
706 61
707 9
708 58
709 86
710 22
711 47
712 69
713 17
714 47
715 66
716 10
717 3
718 85
719 54
720 41
721 31
722 43
723 42
724 9
725 6
726 74
727 66
728 68
729 10
730 10
731 16
732 33
733 20
734 21
735 36
736 76
737 38
738 44
739 4
740 76
741 87
742 5
743 8
744 10
745 16
746 83
747 25
748 8
749 27
750 3
751 38
752 78
753 12
754 68
755 29
756 41
757 57
758 95
759 43
760 27
761 84
762 35
763 28
764 41
765 89
766 91
767 43
768 87
769 20
770 61
771 69
772 54
773 30
774 27
775 80
776 66
777 20
778 71
779 12
780 71
781 1
782 70
783 38
784 21
785 85
786 67
787 39
788 30
789 39
790 13
791 20
792 93
793 23
794 35
795 81
796 57
797 9
798 39
799 72
800 72
801 43
802 7
803 2
804 4
805 73
806 75
807 52
808 86
809 91
810 37
811 8
812 18
813 13
814 44
815 34
816 39
817 10
818 54
819 56
820 16
821 71
822 44
823 17
824 85
825 67
826 56
827 21
828 60
829 29
830 65
831 71
832 8
833 59
834 22
835 30
836 83
837 88
838 48
839 41
840 19
841 5
842 83
843 84
844 53
845 16
846 49
847 32
848 65
849 82
850 28
851 8
852 46
853 35
854 43
855 54
856 19
857 4
858 12
859 34
860 50
861 96
862 62
863 51
864 39
865 64
866 48
867 80
868 85
869 73
870 13
871 13
872 89
873 58
874 34
875 68
876 13
877 45
878 27
879 17
880 83
881 52
882 5
883 83
884 1
885 76
886 68
887 89
888 64
889 32
890 23
891 46
892 19
893 26
894 73
895 87
896 32
897 64
898 26
899 84
900 40
901 62
902 58
903 81
904 34
905 85
906 33
907 69
908 50
909 72
910 29
911 75
912 64
913 65
914 30
915 6
916 37
917 74
918 26
919 49
920 1
921 6
922 39
923 9
924 51
925 3
926 19
927 22
928 4
929 50
930 78
931 55
932 14
933 36
934 40
935 12
936 27
937 56
938 46
939 45
940 77
941 80
942 58
943 92
944 81
945 33
946 17
947 67
948 71
949 31
950 75
951 91
952 25
953 65
954 51
955 71
956 68
957 6
958 43
959 74
960 93
961 64
962 42
963 67
964 34
965 81
966 7
967 2
968 45
969 48
970 25
971 67
972 73
973 33
974 24
975 48
976 35
977 89
978 10
979 40
980 19
981 33
982 78
983 1
984 88
985 36
986 57
987 28
988 49
989 17
990 84
991 64
992 91
993 75
994 3
995 81
996 93
997 48
998 2
999 17
1000 62
1001 68
1002 31
1003 37
1004 67
1005 47
1006 31
1007 35
1008 8
1009 26
1010 46
1011 25
1012 50
1013 92
1014 76
1015 12
1016 31
1017 67
1018 60
1019 47
1020 59
1021 38
1022 19
1023 34
1024 76
1025 12
1026 25
1027 32
1028 15
1029 88
1030 10
1031 46
1032 62
1033 40
1034 82
1035 21
1036 49
1037 74
1038 31
1039 49
1040 37
1041 66
1042 59
1043 78
1044 80
1045 29
1046 29
1047 39
1048 69
1049 15
1050 12
1051 29
1052 37
1053 64
1054 55
1055 89
1056 22
1057 46
1058 65
1059 66
1060 55
1061 65
1062 58
1063 17
1064 29
1065 32
1066 25
1067 11
1068 84
1069 46
1070 75
1071 64
1072 55
1073 24
1074 30
1075 5
1076 95
1077 70
1078 38
1079 64
1080 33
1081 50
1082 10
1083 79
1084 83
1085 77
1086 92
1087 27
1088 73
1089 9
1090 9
1091 15
1092 49
1093 95
1094 40
1095 92
1096 66
1097 58
1098 11
1099 56
1100 9
1101 30
1102 77
1103 75
1104 18
1105 47
1106 7
1107 15
1108 37
1109 78
1110 44
1111 34
1112 60
1113 60
1114 67
1115 49
1116 39
1117 75
1118 51
1119 72
1120 14
1121 15
1122 44
1123 27
1124 56
1125 1
1126 42
1127 6
1128 42
1129 51
1130 63
1131 50
1132 19
1133 74
1134 95
1135 22
1136 35
1137 92
1138 62
1139 74
1140 69
1141 46
1142 64
1143 7
1144 69
1145 79
1146 49
1147 6
1148 52
1149 29
1150 74
1151 89
1152 8
1153 30
1154 34
1155 17
1156 88
1157 30
1158 45
1159 36
1160 60
1161 77
1162 37
1163 79
1164 9
1165 26
1166 52
1167 2
1168 42
1169 3
1170 3
1171 2
1172 5
1173 66
1174 40
1175 87
1176 88
1177 19
1178 1
1179 58
1180 5
1181 16
1182 93
1183 21
1184 14
1185 12
1186 38
1187 13
1188 49
1189 21
1190 51
1191 47
1192 39
1193 20
1194 53
1195 11
1196 25
1197 91
1198 17
1199 13
1200 73
1201 54
1202 78
1203 74
1204 47
1205 47
1206 51
1207 87
1208 6
1209 73
1210 23
1211 15
1212 1
1213 47
1214 63
1215 18
1216 20
1217 36
1218 23
1219 6
1220 47
1221 2
1222 28
1223 62
1224 46
1225 95
1226 61
1227 4
1228 67
1229 16
1230 77
1231 24
1232 65
1233 72
1234 4
1235 20
1236 68
1237 89
1238 4
1239 4
1240 72
1241 76
1242 15
1243 39
1244 66
1245 42
1246 28
1247 2
1248 23
1249 7
1250 28
1251 77
1252 16
1253 66
1254 40
1255 77
1256 4
1257 37
1258 32
1259 37
1260 65
1261 25
1262 63
1263 17
1264 81
1265 24
1266 37
1267 27
1268 74
1269 34
1270 45
1271 64
1272 67
1273 46
1274 39
1275 77
1276 37
1277 62
1278 71
1279 4
1280 76
1281 58
1282 74
1283 50
1284 31
1285 48
1286 82
1287 40
1288 30
1289 79
1290 32
1291 42
1292 10
1293 16
1294 19
1295 85
1296 45
1297 45
1298 50
1299 35
1300 14
1301 2
1302 17
1303 2
1304 38
1305 51
1306 76
1307 29
1308 91
1309 5
1310 2
1311 88
1312 49
1313 12
1314 33
1315 21
1316 87
1317 11
1318 86
1319 24
1320 66
1321 74
1322 26
1323 87
1324 98
1325 53
1326 14
1327 78
1328 79
1329 87
1330 12
1331 39
1332 8
1333 12
1334 68
1335 47
1336 83
1337 64
1338 17
1339 23
1340 85
1341 36
1342 38
1343 94
1344 28
1345 25
1346 74
1347 15
1348 64
1349 37
1350 64
1351 50
1352 91
1353 3
1354 78
1355 13
1356 47
1357 2
1358 14
1359 12
1360 84
1361 58
1362 33
1363 18
1364 40
1365 76
1366 82
1367 7
1368 54
1369 50
1370 18
1371 26
1372 41
1373 30
1374 20
1375 11
1376 12
1377 39
1378 1
1379 67
1380 61
1381 27
1382 83
1383 34
1384 7
1385 11
1386 5
1387 37
1388 52
1389 76
1390 4
1391 67
1392 13
1393 20
1394 79
1395 76
1396 40
1397 57
1398 15
1399 24
1400 66
1401 79
1402 73
1403 25
1404 28
1405 67
1406 63
1407 36
1408 36
1409 77
1410 28
1411 6
1412 21
1413 14
1414 15
1415 50
1416 50
1417 84
1418 44
1419 42
1420 91
1421 61
1422 48
1423 1
1424 69
1425 73
1426 19
1427 39
1428 7
1429 34
1430 2
1431 13
1432 51
1433 62
1434 36
1435 2
1436 98
1437 71
1438 66
1439 87
1440 49
1441 35
1442 96
1443 62
1444 50
1445 55
1446 50
1447 22
1448 18
1449 39
1450 12
1451 58
1452 5
1453 36
1454 15
1455 34
1456 82
1457 15
1458 70
1459 19
1460 46
1461 46
1462 80
1463 39
1464 5
1465 72
1466 89
1467 10
1468 76
1469 75
1470 47
1471 65
1472 32
1473 68
1474 30
1475 29
1476 72
1477 41
1478 10
1479 15
1480 33
1481 8
1482 62
1483 47
1484 47
1485 90
1486 9
1487 37
1488 7
1489 27
1490 54
1491 41
1492 52
1493 21
1494 80
1495 43
1496 14
1497 20
1498 59
1499 86
1500 23
1501 47
1502 45
1503 34
1504 22
1505 90
1506 95
1507 46
1508 35
1509 49
1510 19
1511 44
1512 37
1513 76
1514 96
1515 90
1516 12
1517 9
1518 24
1519 86
1520 65
1521 82
1522 84
1523 5
1524 85
1525 73
1526 25
1527 93
1528 60
1529 25
1530 18
1531 36
1532 67
1533 76
1534 72
1535 39
1536 66
1537 14
1538 2
1539 29
1540 66
1541 82
1542 44
1543 13
1544 37
1545 5
1546 99
1547 58
1548 66
1549 68
1550 18
1551 75
1552 16
1553 4
1554 68
1555 28
1556 77
1557 53
1558 29
1559 30
1560 36
1561 20
1562 32
1563 37
1564 4
1565 33
1566 1
1567 80
1568 56
1569 21
1570 69
1571 54
1572 11
1573 29
1574 61
1575 14
1576 32
1577 60
1578 61
1579 40
1580 78
1581 38
1582 23
1583 77
1584 29
1585 9
1586 26
1587 47
1588 62
1589 6
1590 83
1591 90
1592 63
1593 30
1594 3
1595 84
1596 74
1597 91
1598 10
1599 10
1600 59
1601 32
1602 40
1603 23
1604 18
1605 2
1606 55
1607 40
1608 70
1609 48
1610 13
1611 54
1612 8
1613 51
1614 58
1615 68
1616 12
1617 37
1618 66
1619 8
1620 33
1621 80
1622 39
1623 17
1624 63
1625 42
1626 14
1627 29
1628 35
1629 35
1630 56
1631 88
1632 51
1633 23
1634 26
1635 67
1636 69
1637 34
1638 15
1639 41
1640 26
1641 8
1642 21
1643 81
1644 22
1645 69
1646 24
1647 42
1648 42
1649 52
1650 66
1651 57
1652 46
1653 71
1654 19
1655 6
1656 2
1657 4
1658 19
1659 27
1660 90
1661 15
1662 64
1663 58
1664 48
1665 56
1666 15
1667 58
1668 32
1669 27
1670 9
1671 1
1672 72
1673 19
1674 87
1675 68
1676 40
1677 88
1678 86
1679 53
1680 20
1681 85
1682 47
1683 10
1684 81
1685 8
1686 43
1687 44
1688 40
1689 19
1690 25
1691 27
1692 8
1693 25
1694 83
1695 67
1696 77
1697 23
1698 42
1699 39
1700 84
1701 52
1702 1
1703 45
1704 18
1705 63
1706 30
1707 65
1708 84
1709 14
1710 45
1711 74
1712 36
1713 61
1714 12
1715 36
1716 27
1717 54
1718 10
1719 76
1720 74
1721 44
1722 18
1723 65
1724 52
1725 29
1726 44
1727 32
1728 88
1729 37
1730 31
1731 6
1732 57
1733 28
1734 40
1735 80
1736 78
1737 16
1738 66
1739 59
1740 30
1741 59
1742 8
1743 9
1744 53
1745 44
1746 66
1747 33
1748 40
1749 16
1750 74
1751 76
1752 50
1753 69
1754 24
1755 49
1756 48
1757 4
1758 49
1759 87
1760 37
1761 30
1762 5
1763 53
1764 90
1765 66
1766 25
1767 45
1768 4
1769 22
1770 33
1771 21
1772 27
1773 67
1774 64
1775 4
1776 9
1777 23
1778 37
1779 60
1780 6
1781 28
1782 80
1783 50
1784 8
1785 20
1786 23
1787 16
1788 40
1789 17
1790 51
1791 73
1792 49
1793 59
1794 6
1795 34
1796 5
1797 24
1798 42
1799 8
1800 66
1801 50
1802 57
1803 31
1804 23
1805 49
1806 38
1807 72
1808 88
1809 69
1810 32
1811 12
1812 69
1813 96
1814 5
1815 49
1816 40
1817 96
1818 16
1819 48
1820 51
1821 89
1822 19
1823 59
1824 27
1825 72
1826 29
1827 46
1828 74
1829 53
1830 4
1831 43
1832 82
1833 31
1834 7
1835 28
1836 28
1837 62
1838 62
1839 31
1840 26
1841 52
1842 90
1843 13
1844 23
1845 4
1846 11
1847 90
1848 36
1849 39
1850 71
1851 13
1852 81
1853 13
1854 3
1855 50
1856 87
1857 72
1858 73
1859 49
1860 85
1861 4
1862 38
1863 62
1864 49
1865 23
1866 67
1867 70
1868 6
1869 10
1870 14
1871 93
1872 71
1873 61
1874 84
1875 92
1876 48
1877 3
1878 54
1879 22
1880 33
1881 80
1882 88
1883 4
1884 25
1885 58
1886 59
1887 12
1888 89
1889 46
1890 63
1891 9
1892 4
1893 32
1894 27
1895 78
1896 28
1897 69
1898 2
1899 83
1900 55
1901 37
1902 89
1903 28
1904 12
1905 10
1906 30
1907 25
1908 80
1909 67
1910 68
1911 85
1912 77
1913 52
1914 11
1915 2
1916 56
1917 53
1918 43
1919 56
1920 33
1921 20
1922 18
1923 66
1924 81
1925 20
1926 78
1927 1
1928 28
1929 50
1930 31
1931 80
1932 25
1933 26
1934 30
1935 50
1936 46
1937 37
1938 11
1939 76
1940 16
1941 2
1942 25
1943 82
1944 58
1945 31
1946 51
1947 30
1948 29
1949 41
1950 34
1951 22
1952 14
1953 4
1954 25
1955 3
1956 65
1957 12
1958 40
1959 1
1960 43
1961 67
1962 21
1963 88
1964 7
1965 69
1966 36
1967 7
1968 74
1969 59
1970 48
1971 39
1972 22
1973 34
1974 8
1975 3
1976 27
1977 32
1978 51
1979 56
1980 34
1981 62
1982 82
1983 16
1984 68
1985 46
1986 77
1987 87
1988 69
1989 47
1990 95
1991 25
1992 58
1993 34
1994 78
1995 29
1996 85
1997 69
1998 78
1999 22
2000 50
2001 57
2002 80
2003 61
2004 43
2005 69
2006 78
2007 39
2008 39
2009 7
2010 66
2011 28
2012 67
2013 80
2014 31
2015 43
2016 81
2017 65
2018 80
2019 25
2020 15
2021 13
2022 48
2023 28
2024 73
2025 25
2026 39
2027 34
2028 26
2029 72
2030 79
2031 20
2032 31
2033 38
2034 65
2035 98
2036 74
2037 32
2038 53
2039 53
2040 88
2041 16
2042 11
2043 17
2044 90
2045 44
2046 92
2047 30
2048 73
2049 10
2050 86
2051 68
2052 41
2053 3
2054 5
2055 65
2056 68
2057 60
2058 86
2059 24
2060 8
2061 17
2062 5
2063 93
2064 90
2065 37
2066 40
2067 1
2068 24
2069 23
2070 48
2071 6
2072 24
2073 6
2074 46
2075 19
2076 61
2077 58
2078 27
2079 60
2080 5
2081 93
2082 92
2083 56
2084 14
2085 35
2086 52
2087 67
2088 81
2089 47
2090 48
2091 43
2092 66
2093 33
2094 65
2095 14
2096 95
2097 63
2098 40
2099 27
2100 16
2101 41
2102 38
2103 28
2104 57
2105 33
2106 13
2107 9
2108 40
2109 75
2110 90
2111 19
2112 53
2113 77
2114 36
2115 47
2116 65
2117 24
2118 20
2119 94
2120 9
2121 44
2122 68
2123 30
2124 60
2125 84
2126 26
2127 60
2128 62
2129 69
2130 3
2131 7
2132 21
2133 42
2134 60
2135 62
2136 75
2137 49
2138 17
2139 21
2140 56
2141 22
2142 93
2143 76
2144 34
2145 70
2146 20
2147 34
2148 6
2149 20
2150 18
2151 11
2152 45
2153 78
2154 40
2155 43
2156 45
2157 27
2158 59
2159 69
2160 57
2161 3
2162 28
2163 52
2164 11
2165 71
2166 23
2167 20
2168 13
2169 93
2170 63
2171 18
2172 61
2173 6
2174 55
2175 47
2176 19
2177 27
2178 23
2179 29
2180 56
2181 16
2182 22
2183 35
2184 1
2185 39
2186 35
2187 85
2188 22
2189 30
2190 13
2191 62
2192 34
2193 34
2194 42
2195 29
2196 3
2197 7
2198 63
2199 42
2200 86
2201 14
2202 56
2203 87
2204 30
2205 32
2206 61
2207 91
2208 81
2209 83
2210 9
2211 2
2212 75
2213 7
2214 13
2215 28
2216 88
2217 11
2218 32
2219 24
2220 47
2221 72
2222 29
2223 16
2224 36
2225 24
2226 83
2227 5
2228 5
2229 55
2230 26
2231 15
2232 19
2233 72
2234 97
2235 83
2236 32
2237 29
2238 13
2239 18
2240 58
2241 11
2242 68
2243 60
2244 13
2245 33
2246 13
2247 12
2248 52
2249 11
2250 65
2251 65
2252 61
2253 62
2254 41
2255 35
2256 38
2257 1
2258 86
2259 43
2260 66
2261 88
2262 48
2263 65
2264 48
2265 12
2266 19
2267 28
2268 11
2269 43
2270 76
2271 37
2272 25
2273 28
2274 16
2275 75
2276 45
2277 81
2278 86
2279 17
2280 28
2281 77
2282 7
2283 5
2284 8
2285 28
2286 28
2287 37
2288 76
2289 51
2290 14
2291 59
2292 85
2293 11
2294 23
2295 29
2296 19
2297 25
2298 23
2299 66
2300 4
2301 18
2302 19
2303 84
2304 25
2305 46
2306 26
2307 59
2308 5
2309 73
2310 80
2311 63
2312 7
2313 72
2314 55
2315 60
2316 63
2317 11
2318 79
2319 45
2320 83
2321 20
2322 32
2323 85
2324 24
2325 23
2326 21
2327 95
2328 69
2329 51
2330 54
2331 67
2332 32
2333 61
2334 9
2335 68
2336 17
2337 31
2338 71
2339 63
2340 46
2341 73
2342 58
2343 52
2344 59
2345 39
2346 59
2347 1
2348 67
2349 43
2350 11
2351 74
2352 74
2353 31
2354 82
2355 3
2356 14
2357 64
2358 71
2359 59
2360 2
2361 15
2362 19
2363 22
2364 32
2365 12
2366 87
2367 3
2368 41
2369 3
2370 25
2371 92
2372 59
2373 76
2374 15
2375 64
2376 4
2377 21
2378 52
2379 30
2380 66
2381 18
2382 2
2383 11
2384 59
2385 53
2386 93
2387 20
2388 77
2389 18
2390 37
2391 97
2392 33
2393 33
2394 28
2395 74
2396 71
2397 89
2398 62
2399 42
2400 42
2401 5
2402 73
2403 62
2404 33
2405 21
2406 61
2407 48
2408 10
2409 56
2410 7
2411 54
2412 98
2413 60
2414 50
2415 81
2416 83
2417 90
2418 26
2419 26
2420 47
2421 15
2422 44
2423 80
2424 21
2425 29
2426 45
2427 29
2428 93
2429 5
2430 90
2431 64
2432 7
2433 85
2434 7
2435 21
2436 35
2437 36
2438 80
2439 28
2440 30
2441 28
2442 47
2443 37
2444 52
2445 28
2446 29
2447 28
2448 1
2449 90
2450 4
2451 42
2452 72
2453 64
2454 21
2455 84
2456 53
2457 27
2458 39
2459 14
2460 70
2461 41
2462 23
2463 22
2464 6
2465 2
2466 16
2467 8
2468 93
2469 61
2470 35
2471 46
2472 71
2473 87
2474 7
2475 79
2476 8
2477 43
2478 48
2479 99
2480 82
2481 26
2482 46
2483 1
2484 31
2485 65
2486 43
2487 15
2488 61
2489 28
2490 71
2491 79
2492 23
2493 97
2494 33
2495 17
2496 29
2497 70
2498 71
2499 62
2500 26
2501 22
2502 10
2503 63
2504 15
2505 89
2506 56
2507 69
2508 73
2509 13
2510 86
2511 25
2512 66
2513 28
2514 17
2515 69
2516 28
2517 57
2518 27
2519 48
2520 38
2521 12
2522 97
2523 18
2524 59
2525 55
2526 22
2527 1
2528 45
2529 24
2530 15
2531 7
2532 67
2533 5
2534 17
2535 6
2536 17
2537 86
2538 17
2539 29
2540 3
2541 97
2542 2
2543 90
2544 81
2545 15
2546 57
2547 60
2548 57
2549 67
2550 71
2551 28
2552 15
2553 5
2554 44
2555 14
2556 38
2557 99
2558 20
2559 23
2560 35
2561 34
2562 9
2563 16
2564 53
2565 59
2566 36
2567 3
2568 73
2569 42
2570 71
2571 44
2572 57
2573 79
2574 63
2575 13
2576 43
2577 89
2578 55
2579 60
2580 76
2581 50
2582 29
2583 2
2584 32
2585 48
2586 10
2587 57
2588 15
2589 23
2590 48
2591 64
2592 6
2593 12
2594 89
2595 86
2596 61
2597 60
2598 35
2599 1
2600 78
2601 87
2602 48
2603 59
2604 60
2605 40
2606 16
2607 29
2608 50
2609 4
2610 21
2611 36
2612 33
2613 73
2614 59
2615 36
2616 17
2617 4
2618 38
2619 49
2620 75
2621 52
2622 94
2623 20
2624 24
2625 31
2626 57
2627 15
2628 52
2629 30
2630 3
2631 90
2632 80
2633 56
2634 32
2635 44
2636 15
2637 20
2638 18
2639 8
2640 79
2641 36
2642 24
2643 41
2644 67
2645 12
2646 54
2647 39
2648 60
2649 7
2650 40
2651 44
2652 14
2653 6
2654 2
2655 6
2656 62
2657 64
2658 27
2659 57
2660 23
2661 12
2662 16
2663 65
2664 14
2665 17
2666 36
2667 27
2668 1
2669 49
2670 8
2671 26
2672 70
2673 6
2674 82
2675 14
2676 32
2677 57
2678 76
2679 30
2680 52
2681 41
2682 19
2683 42
2684 79
2685 71
2686 65
2687 70
2688 92
2689 66
2690 43
2691 50
2692 4
2693 23
2694 38
2695 22
2696 47
2697 16
2698 81
2699 87
2700 11
2701 83
2702 4
2703 35
2704 10
2705 27
2706 3
2707 75
2708 60
2709 17
2710 62
2711 1
2712 7
2713 20
2714 75
2715 8
2716 68
2717 5
2718 63
2719 33
2720 58
2721 65
2722 55
2723 45
2724 18
2725 10
2726 76
2727 45
2728 4
2729 97
2730 58
2731 24
2732 69
2733 62
2734 16
2735 26
2736 79
2737 65
2738 59
2739 41
2740 29
2741 60
2742 18
2743 76
2744 59
2745 11
2746 89
2747 82
2748 45
2749 43
2750 14
2751 8
2752 33
2753 12
2754 65
2755 67
2756 57
2757 50
2758 10
2759 19
2760 83
2761 58
2762 95
2763 24
2764 48
2765 42
2766 21
2767 14
2768 77
2769 34
2770 88
2771 78
2772 70
2773 43
2774 31
2775 64
2776 88
2777 21
2778 37
2779 19
2780 67
2781 19
2782 13
2783 71
2784 3
2785 66
2786 91
2787 30
2788 49
2789 10
2790 93
2791 14
2792 51
2793 20
2794 55
2795 35
2796 85
2797 3
2798 71
2799 22
2800 47
2801 32
2802 26
2803 46
2804 73
2805 71
2806 2
2807 86
2808 10
2809 15
2810 22
2811 14
2812 49
2813 60
2814 14
2815 79
2816 11
2817 49
2818 52
2819 44
2820 41
2821 59
2822 7
2823 75
2824 5
2825 85
2826 48
2827 78
2828 58
2829 57
2830 64
2831 25
2832 24
2833 48
2834 58
2835 12
2836 37
2837 30
2838 13
2839 27
2840 68
2841 55
2842 37
2843 9
2844 89
2845 90
2846 39
2847 1
2848 15
2849 7
2850 27
2851 80
2852 59
2853 29
2854 26
2855 21
2856 14
2857 22
2858 11
2859 88
2860 49
2861 36
2862 39
2863 81
2864 29
2865 39
2866 86
2867 83
2868 17
2869 40
2870 61
2871 48
2872 57
2873 74
2874 59
2875 53
2876 11
2877 20
2878 55
2879 93
2880 68
2881 86
2882 25
2883 83
2884 3
2885 41
2886 47
2887 3
2888 15
2889 51
2890 83
2891 9
2892 51
2893 43
2894 18
2895 16
2896 88
2897 47
2898 19
2899 67
2900 22
2901 46
2902 35
2903 25
2904 36
2905 54
2906 38
2907 16
2908 80
2909 9
2910 43
2911 63
2912 30
2913 37
2914 1
2915 49
2916 1
2917 40
2918 83
2919 82
2920 52
2921 21
2922 39
2923 3
2924 36
2925 12
2926 46
2927 42
2928 20
2929 24
2930 71
2931 8
2932 87
2933 47
2934 78
2935 21
2936 17
2937 17
2938 37
2939 29
2940 30
2941 71
2942 45
2943 55
2944 64
2945 36
2946 94
2947 34
2948 55
2949 2
2950 49
2951 65
2952 62
2953 58
2954 72
2955 9
2956 38
2957 94
2958 60
2959 59
2960 42
2961 51
2962 14
2963 2
2964 22
2965 84
2966 26
2967 83
2968 60
2969 64
2970 56
2971 11
2972 2
2973 11
2974 81
2975 36
2976 2
2977 40
2978 17
2979 22
2980 64
2981 60
2982 3
2983 9
2984 29
2985 5
2986 47
2987 26
2988 34
2989 44
2990 41
2991 72
2992 11
2993 61
2994 37
2995 73
2996 31
2997 36
2998 28
2999 26
3000 39
3001 63
3002 82
3003 72
3004 6
3005 66
3006 86
3007 17
3008 13
3009 26
3010 52
3011 21
3012 83
3013 42
3014 10
3015 54
3016 53
3017 74
3018 21
3019 69
3020 58
3021 53
3022 83
3023 34
3024 74
3025 76
3026 28
3027 17
3028 17
3029 18
3030 12
3031 78
3032 8
3033 89
3034 14
3035 36
3036 43
3037 3
3038 89
3039 6
3040 92
3041 65
3042 39
3043 60
3044 55
3045 58
3046 24
3047 2
3048 34
3049 26
3050 20
3051 31
3052 75
3053 35
3054 26
3055 5
3056 49
3057 37
3058 9
3059 51
3060 5
3061 69
3062 61
3063 26
3064 17
3065 26
3066 26
3067 7
3068 61
3069 43
3070 39
3071 62
3072 18
3073 57
3074 68
3075 44
3076 70
3077 54
3078 53
3079 40
3080 76
3081 34
3082 20
3083 68
3084 52
3085 25
3086 85
3087 12
3088 60
3089 48
3090 49
3091 7
3092 21
3093 26
3094 54
3095 55
3096 50
3097 22
3098 58
3099 12
3100 46
3101 75
3102 84
3103 71
3104 93
3105 94
3106 12
3107 46
3108 51
3109 23
3110 21
3111 51
3112 47
3113 43
3114 10
3115 90
3116 51
3117 72
3118 32
3119 27
3120 2
3121 64
3122 16
3123 22
3124 3
3125 84
3126 22
3127 41
3128 49
3129 79
3130 21
3131 45
3132 45
3133 66
3134 55
3135 2
3136 28
3137 86
3138 62
3139 45
3140 34
3141 48
3142 25
3143 34
3144 53
3145 70
3146 61
3147 37
3148 19
3149 64
3150 61
3151 30
3152 84
3153 7
3154 30
3155 20
3156 3
3157 75
3158 35
3159 31
3160 7
3161 26
3162 5
3163 75
3164 64
3165 4
3166 5
3167 25
3168 4
3169 86
3170 53
3171 20
3172 73
3173 52
3174 59
3175 7
3176 77
3177 70
3178 74
3179 69
3180 82
3181 83
3182 47
3183 75
3184 37
3185 31
3186 71
3187 51
3188 28
3189 19
3190 77
3191 61
3192 24
3193 53
3194 18
3195 57
3196 92
3197 51
3198 14
3199 7
3200 5
3201 4
3202 43
3203 18
3204 6
3205 45
3206 40
3207 10
3208 22
3209 3
3210 28
3211 11
3212 94
3213 33
3214 17
3215 59
3216 18
3217 76
3218 31
3219 19
3220 7
3221 24
3222 50
3223 80
3224 43
3225 73
3226 90
3227 47
3228 76
3229 49
3230 11
3231 74
3232 7
3233 1
3234 67
3235 76
3236 46
3237 95
3238 48
3239 35
3240 33
3241 39
3242 23
3243 92
3244 44
3245 16
3246 45
3247 37
3248 23
3249 30
3250 47
3251 11
3252 4
3253 59
3254 43
3255 63
3256 18
3257 33
3258 26
3259 57
3260 9
3261 28
3262 22
3263 27
3264 60
3265 61
3266 28
3267 92
3268 20
3269 49
3270 79
3271 72
3272 41
3273 73
3274 41
3275 43
3276 85
3277 36
3278 57
3279 70
3280 22
3281 42
3282 62
3283 70
3284 85
3285 51
3286 18
3287 84
3288 31
3289 58
3290 86
3291 75
3292 63
3293 33
3294 41
3295 85
3296 45
3297 18
3298 43
3299 15
3300 25
3301 37
3302 47
3303 80
3304 61
3305 36
3306 46
3307 55
3308 65
3309 13
3310 36
3311 79
3312 62
3313 23
3314 52
3315 59
3316 39
3317 40
3318 36
3319 78
3320 46
3321 75
3322 69
3323 13
3324 45
3325 22
3326 58
3327 59
3328 14
3329 12
3330 23
3331 11
3332 35
3333 5
3334 43
3335 18
3336 69
3337 77
3338 37
3339 17
3340 29
3341 46
3342 69
3343 14
3344 10
3345 20
3346 62
3347 53
3348 48
3349 63
3350 31
3351 57
3352 1
3353 96
3354 88
3355 13
3356 86
3357 17
3358 38
3359 13
3360 60
3361 9
3362 71
3363 9
3364 22
3365 41
3366 91
3367 3
3368 15
3369 17
3370 85
3371 46
3372 85
3373 23
3374 29
3375 70
3376 10
3377 21
3378 63
3379 31
3380 6
3381 38
3382 91
3383 26
3384 84
3385 42
3386 55
3387 16
3388 9
3389 44
3390 77
3391 82
3392 84
3393 3
3394 26
3395 89
3396 38
3397 36
3398 78
3399 78
3400 70
3401 13
3402 12
3403 14
3404 31
3405 59
3406 63
3407 70
3408 89
3409 4
3410 24
3411 86
3412 58
3413 78
3414 13
3415 89
3416 1
3417 86
3418 86
3419 36
3420 20
3421 89
3422 6
3423 27
3424 54
3425 6
3426 7
3427 24
3428 38
3429 8
3430 6
3431 6
3432 92
3433 16
3434 68
3435 61
3436 10
3437 48
3438 38
3439 42
3440 33
3441 55
3442 38
3443 45
3444 55
3445 12
3446 62
3447 41
3448 15
3449 69
3450 12
3451 5
3452 38
3453 41
3454 89
3455 81
3456 31
3457 77
3458 6
3459 82
3460 76
3461 41
3462 46
3463 54
3464 31
3465 52
3466 40
3467 73
3468 22
3469 27
3470 31
3471 76
3472 17
3473 93
3474 68
3475 17
3476 25
3477 88
3478 17
3479 35
3480 1
3481 19
3482 42
3483 7
3484 65
3485 96
3486 25
3487 10
3488 17
3489 76
3490 42
3491 24
3492 60
3493 40
3494 75
3495 92
3496 32
3497 39
3498 56
3499 1
3500 15
3501 25
3502 67
3503 16
3504 45
3505 70
3506 55
3507 50
3508 33
3509 92
3510 53
3511 69
3512 95
3513 63
3514 3
3515 55
3516 38
3517 47
3518 70
3519 72
3520 48
3521 72
3522 20
3523 25
3524 15
3525 18
3526 35
3527 13
3528 76
3529 63
3530 89
3531 10
3532 88
3533 10
3534 57
3535 70
3536 15
3537 42
3538 60
3539 37
3540 20
3541 13
3542 23
3543 23
3544 66
3545 29
3546 40
3547 35
3548 24
3549 42
3550 16
3551 9
3552 21
3553 51
3554 40
3555 25
3556 63
3557 56
3558 57
3559 63
3560 75
3561 56
3562 94
3563 63
3564 20
3565 78
3566 93
3567 12
3568 87
3569 67
3570 14
3571 21
3572 33
3573 4
3574 72
3575 57
3576 20
3577 78
3578 93
3579 57
3580 37
3581 11
3582 35
3583 7
3584 17
3585 49
3586 77
3587 14
3588 6
3589 69
3590 73
3591 46
3592 80
3593 72
3594 6
3595 75
3596 77
3597 81
3598 10
3599 22
3600 19
3601 7
3602 76
3603 22
3604 82
3605 8
3606 56
3607 5
3608 67
3609 6
3610 58
3611 87
3612 17
3613 38
3614 70
3615 77
3616 44
3617 31
3618 67
3619 15
3620 41
3621 8
3622 28
3623 14
3624 55
3625 71
3626 24
3627 69
3628 6
3629 45
3630 2
3631 40
3632 32
3633 35
3634 5
3635 54
3636 82
3637 92
3638 21
3639 70
3640 42
3641 32
3642 66
3643 48
3644 34
3645 71
3646 43
3647 50
3648 27
3649 21
3650 48
3651 60
3652 74
3653 85
3654 48
3655 48
3656 8
3657 75
3658 10
3659 63
3660 56
3661 92
3662 7
3663 54
3664 84
3665 49
3666 28
3667 29
3668 34
3669 21
3670 56
3671 65
3672 41
3673 16
3674 31
3675 30
3676 39
3677 16
3678 41
3679 24
3680 96
3681 60
3682 13
3683 56
3684 48
3685 2
3686 33
3687 44
3688 7
3689 34
3690 84
3691 43
3692 85
3693 52
3694 37
3695 43
3696 52
3697 63
3698 78
3699 93
3700 70
3701 25
3702 91
3703 38
3704 52
3705 25
3706 4
3707 22
3708 5
3709 24
3710 97
3711 48
3712 34
3713 43
3714 92
3715 19
3716 69
3717 57
3718 14
3719 7
3720 4
3721 16
3722 11
3723 39
3724 12
3725 15
3726 52
3727 27
3728 77
3729 84
3730 28
3731 2
3732 46
3733 98
3734 8
3735 17
3736 48
3737 81
3738 57
3739 21
3740 16
3741 18
3742 82
3743 49
3744 8
3745 93
3746 12
3747 2
3748 29
3749 86
3750 68
3751 72
3752 77
3753 32
3754 63
3755 23
3756 49
3757 10
3758 50
3759 38
3760 13
3761 63
3762 73
3763 49
3764 66
3765 18
3766 11
3767 62
3768 42
3769 50
3770 30
3771 85
3772 22
3773 49
3774 8
3775 39
3776 15
3777 49
3778 90
3779 7
3780 91
3781 42
3782 41
3783 87
3784 31
3785 8
3786 78
3787 35
3788 20
3789 21
3790 44
3791 14
3792 15
3793 63
3794 21
3795 19
3796 15
3797 80
3798 46
3799 18
3800 39
3801 76
3802 20
3803 64
3804 71
3805 2
3806 91
3807 13
3808 2
3809 18
3810 23
3811 1
3812 2
3813 1
3814 45
3815 7
3816 88
3817 79
3818 36
3819 96
3820 53
3821 30
3822 56
3823 47
3824 22
3825 21
3826 74
3827 19
3828 7
3829 3
3830 67
3831 38
3832 50
3833 52
3834 78
3835 54
3836 54
3837 18
3838 37
3839 84
3840 4
3841 41
3842 87
3843 90
3844 75
3845 15
3846 86
3847 66
3848 33
3849 31
3850 35
3851 67
3852 54
3853 20
3854 72
3855 90
3856 9
3857 11
3858 72
3859 24
3860 54
3861 79
3862 56
3863 32
3864 62
3865 62
3866 5
3867 37
3868 20
3869 36
3870 9
3871 15
3872 63
3873 73
3874 29
3875 36
3876 58
3877 80
3878 75
3879 48
3880 24
3881 28
3882 18
3883 9
3884 6
3885 84
3886 31
3887 51
3888 81
3889 67
3890 13
3891 70
3892 82
3893 71
3894 37
3895 58
3896 16
3897 96
3898 13
3899 1
3900 15
3901 21
3902 45
3903 77
3904 64
3905 60
3906 78
3907 58
3908 31
3909 59
3910 75
3911 92
3912 39
3913 68
3914 28
3915 88
3916 90
3917 65
3918 77
3919 44
3920 28
3921 64
3922 33
3923 39
3924 2
3925 82
3926 61
3927 10
3928 56
3929 16
3930 11
3931 53
3932 41
3933 70
3934 2
3935 56
3936 71
3937 9
3938 48
3939 83
3940 3
3941 84
3942 94
3943 78
3944 27
3945 61
3946 72
3947 34
3948 94
3949 50
3950 28
3951 63
3952 48
3953 39
3954 55
3955 21
3956 18
3957 41
3958 42
3959 50
3960 77
3961 51
3962 4
3963 18
3964 53
3965 68
3966 64
3967 5
3968 45
3969 26
3970 42
3971 68
3972 57
3973 71
3974 16
3975 92
3976 4
3977 60
3978 6
3979 44
3980 62
3981 4
3982 21
3983 50
3984 13
3985 37
3986 36
3987 31
3988 3
3989 9
3990 32
3991 45
3992 44
3993 42
3994 11
3995 14
3996 56
3997 63
3998 40
3999 23
4000 3
4001 11
4002 78
4003 9
4004 34
4005 27
4006 53
4007 18
4008 56
4009 88
4010 9
4011 18
4012 75
4013 6
4014 56
4015 6
4016 59
4017 10
4018 17
4019 36
4020 1
4021 51
4022 31
4023 32
4024 34
4025 70
4026 59
4027 32
4028 22
4029 72
4030 52
4031 58
4032 18
4033 23
4034 55
4035 71
4036 70
4037 28
4038 21
4039 58
4040 71
4041 79
4042 23
4043 44
4044 1
4045 39
4046 5
4047 39
4048 38
4049 32
4050 9
4051 75
4052 83
4053 64
4054 56
4055 7
4056 12
4057 82
4058 70
4059 58
4060 23
4061 53
4062 37
4063 43
4064 28
4065 80
4066 75
4067 56
4068 20
4069 90
4070 63
4071 67
4072 67
4073 49
4074 63
4075 56
4076 63
4077 57
4078 27
4079 94
4080 12
4081 17
4082 3
4083 33
4084 6
4085 19
4086 66
4087 74
4088 34
4089 4
4090 35
4091 35
4092 95
4093 11
4094 36
4095 8
4096 82
4097 94
4098 25
4099 11
4100 37
4101 30
4102 16
4103 83
4104 97
4105 36
4106 55
4107 5
4108 1
4109 3
4110 32
4111 14
4112 48
4113 83
4114 54
4115 91
4116 35
4117 41
4118 48
4119 62
4120 40
4121 35
4122 8
4123 5
4124 35
4125 9
4126 40
4127 37
4128 94
4129 73
4130 87
4131 24
4132 30
4133 73
4134 56
4135 86
4136 70
4137 2
4138 60
4139 72
4140 27
4141 36
4142 33
4143 70
4144 31
4145 96
4146 7
4147 81
4148 24
4149 55
4150 40
4151 9
4152 94
4153 53
4154 42
4155 92
4156 79
4157 51
4158 92
4159 44
4160 60
4161 79
4162 24
4163 72
4164 30
4165 20
4166 8
4167 12
4168 46
4169 12
4170 24
4171 36
4172 62
4173 9
4174 81
4175 31
4176 41
4177 11
4178 93
4179 44
4180 30
4181 88
4182 47
4183 16
4184 71
4185 47
4186 55
4187 60
4188 47
4189 11
4190 57
4191 58
4192 62
4193 17
4194 74
4195 80
4196 62
4197 82
4198 42
4199 41
4200 82
4201 9
4202 68
4203 31
4204 32
4205 34
4206 57
4207 46
4208 64
4209 63
4210 90
4211 59
4212 19
4213 22
4214 37
4215 71
4216 89
4217 41
4218 4
4219 94
4220 24
4221 42
4222 10
4223 52
4224 65
4225 15
4226 61
4227 72
4228 73
4229 41
4230 25
4231 38
4232 18
4233 9
4234 69
4235 30
4236 55
4237 11
4238 2
4239 47
4240 13
4241 42
4242 54
4243 90
4244 31
4245 41
4246 41
4247 22
4248 88
4249 51
4250 26
4251 37
4252 88
4253 33
4254 34
4255 43
4256 87
4257 56
4258 42
4259 30
4260 10
4261 70
4262 94
4263 21
4264 10
4265 33
4266 2
4267 8
4268 11
4269 71
4270 4
4271 8
4272 26
4273 11
4274 84
4275 6
4276 3
4277 67
4278 79
4279 13
4280 96
4281 8
4282 66
4283 60
4284 85
4285 29
4286 17
4287 80
4288 35
4289 68
4290 86
4291 69
4292 52
4293 15
4294 35
4295 89
4296 55
4297 56
4298 74
4299 46
4300 91
4301 7
4302 56
4303 53
4304 44
4305 21
4306 58
4307 30
4308 19
4309 33
4310 76
4311 43
4312 76
4313 76
4314 14
4315 43
4316 19
4317 48
4318 51
4319 65
4320 26
4321 91
4322 85
4323 52
4324 63
4325 22
4326 23
4327 43
4328 42
4329 59
4330 66
4331 23
4332 54
4333 78
4334 29
4335 62
4336 17
4337 57
4338 41
4339 52
4340 22
4341 7
4342 27
4343 18
4344 16
4345 20
4346 71
4347 3
4348 67
4349 2
4350 6
4351 90
4352 47
4353 33
4354 21
4355 16
4356 95
4357 72
4358 10
4359 51
4360 58
4361 1
4362 50
4363 3
4364 31
4365 8
4366 42
4367 24
4368 32
4369 62
4370 50
4371 40
4372 1
4373 64
4374 42
4375 16
4376 39
4377 96
4378 7
4379 9
4380 70
4381 55
4382 41
4383 2
4384 6
4385 39
4386 55
4387 12
4388 72
4389 11
4390 11
4391 13
4392 20
4393 14
4394 47
4395 7
4396 9
4397 21
4398 77
4399 32
4400 52
4401 11
4402 4
4403 60
4404 56
4405 30
4406 89
4407 31
4408 8
4409 32
4410 10
4411 6
4412 43
4413 39
4414 55
4415 92
4416 28
4417 21
4418 5
4419 5
4420 31
4421 36
4422 38
4423 43
4424 53
4425 6
4426 7
4427 58
4428 27
4429 55
4430 32
4431 27
4432 8
4433 12
4434 73
4435 79
4436 11
4437 22
4438 54
4439 34
4440 64
4441 3
4442 12
4443 63
4444 87
4445 2
4446 79
4447 5
4448 58
4449 90
4450 22
4451 75
4452 50
4453 77
4454 51
4455 5
4456 50
4457 80
4458 33
4459 33
4460 44
4461 34
4462 22
4463 45
4464 69
4465 32
4466 80
4467 63
4468 35
4469 49
4470 87
4471 73
4472 52
4473 48
4474 10
4475 60
4476 25
4477 68
4478 70
4479 16
4480 49
4481 22
4482 52
4483 19
4484 8
4485 87
4486 18
4487 87
4488 54
4489 33
4490 31
4491 90
4492 62
4493 80
4494 79
4495 73
4496 15
4497 13
4498 23
4499 23
4500 60
4501 60
4502 68
4503 37
4504 69
4505 50
4506 19
4507 26
4508 24
4509 95
4510 62
4511 62
4512 34
4513 44
4514 44
4515 28
4516 71
4517 14
4518 67
4519 13
4520 72
4521 32
4522 54
4523 98
4524 80
4525 3
4526 77
4527 75
4528 30
4529 39
4530 40
4531 4
4532 73
4533 6
4534 4
4535 7
4536 3
4537 61
4538 36
4539 17
4540 52
4541 7
4542 14
4543 33
4544 24
4545 8
4546 46
4547 50
4548 24
4549 3
4550 21
4551 48
4552 1
4553 79
4554 36
4555 70
4556 24
4557 26
4558 10
4559 77
4560 78
4561 74
4562 63
4563 24
4564 96
4565 27
4566 64
4567 4
4568 10
4569 4
4570 54
4571 8
4572 5
4573 65
4574 81
4575 38
4576 23
4577 20
4578 34
4579 49
4580 85
4581 44
4582 54
4583 66
4584 27
4585 8
4586 41
4587 55
4588 29
4589 22
4590 68
4591 86
4592 29
4593 4
4594 51
4595 49
4596 48
4597 10
4598 8
4599 44
4600 80
4601 53
4602 18
4603 19
4604 10
4605 44
4606 32
4607 79
4608 6
4609 18
4610 5
4611 13
4612 37
4613 40
4614 85
4615 57
4616 62
4617 64
4618 65
4619 1
4620 1
4621 98
4622 18
4623 52
4624 13
4625 73
4626 7
4627 60
4628 86
4629 27
4630 55
4631 60
4632 58
4633 24
4634 57
4635 49
4636 31
4637 16
4638 84
4639 22
4640 88
4641 55
4642 77
4643 16
4644 43
4645 70
4646 42
4647 74
4648 19
4649 2
4650 45
4651 8
4652 51
4653 63
4654 12
4655 50
4656 68
4657 54
4658 40
4659 21
4660 68
4661 81
4662 66
4663 30
4664 33
4665 66
4666 49
4667 45
4668 47
4669 3
4670 50
4671 65
4672 23
4673 27
4674 80
4675 53
4676 94
4677 2
4678 80
4679 7
4680 7
4681 22
4682 41
4683 12
4684 46
4685 84
4686 73
4687 62
4688 9
4689 26
4690 79
4691 3
4692 87
4693 34
4694 54
4695 45
4696 52
4697 3
4698 84
4699 68
4700 6
4701 40
4702 32
4703 83
4704 78
4705 79
4706 26
4707 33
4708 1
4709 57
4710 81
4711 65
4712 14
4713 55
4714 8
4715 67
4716 32
4717 88
4718 71
4719 62
4720 86
4721 27
4722 33
4723 66
4724 42
4725 71
4726 49
4727 12
4728 62
4729 1
4730 49
4731 50
4732 12
4733 30
4734 28
4735 18
4736 60
4737 24
4738 34
4739 45
4740 9
4741 45
4742 2
4743 56
4744 28
4745 1
4746 29
4747 39
4748 32
4749 41
4750 16
4751 1
4752 77
4753 54
4754 17
4755 13
4756 36
4757 24
4758 46
4759 26
4760 74
4761 83
4762 26
4763 13
4764 50
4765 50
4766 54
4767 59
4768 10
4769 23
4770 66
4771 35
4772 95
4773 86
4774 83
4775 66
4776 94
4777 12
4778 14
4779 16
4780 91
4781 77
4782 91
4783 11
4784 1
4785 27
4786 19
4787 51
4788 19
4789 45
4790 45
4791 8
4792 94
4793 91
4794 18
4795 6
4796 10
4797 9
4798 6
4799 10
4800 1
4801 21
4802 11
4803 63
4804 47
4805 42
4806 5
4807 2
4808 75
4809 15
4810 2
4811 51
4812 22
4813 15
4814 59
4815 24
4816 54
4817 57
4818 82
4819 7
4820 25
4821 34
4822 50
4823 40
4824 59
4825 45
4826 52
4827 20
4828 47
4829 81
4830 57
4831 81
4832 1
4833 27
4834 5
4835 16
4836 18
4837 9
4838 10
4839 59
4840 23
4841 91
4842 35
4843 16
4844 31
4845 20
4846 64
4847 49
4848 45
4849 47
4850 23
4851 10
4852 77
4853 14
4854 58
4855 74
4856 46
4857 21
4858 6
4859 72
4860 65
4861 78
4862 81
4863 19
4864 52
4865 90
4866 82
4867 68
4868 24
4869 38
4870 12
4871 48
4872 65
4873 78
4874 43
4875 9
4876 58
4877 39
4878 44
4879 88
4880 64
4881 68
4882 53
4883 9
4884 1
4885 51
4886 1
4887 68
4888 46
4889 67
4890 44
4891 35
4892 43
4893 31
4894 61
4895 25
4896 64
4897 13
4898 20
4899 56
4900 15
4901 9
4902 53
4903 30
4904 81
4905 61
4906 26
4907 79
4908 76
4909 81
4910 29
4911 64
4912 53
4913 14
4914 12
4915 30
4916 47
4917 62
4918 55
4919 86
4920 12
4921 59
4922 96
4923 50
4924 34
4925 21
4926 22
4927 44
4928 9
4929 74
4930 41
4931 9
4932 48
4933 23
4934 25
4935 67
4936 4
4937 12
4938 9
4939 41
4940 76
4941 19
4942 3
4943 30
4944 11
4945 2
4946 84
4947 30
4948 35
4949 81
4950 50
4951 20
4952 35
4953 82
4954 45
4955 28
4956 61
4957 51
4958 29
4959 53
4960 45
4961 15
4962 29
4963 3
4964 66
4965 23
4966 78
4967 69
4968 32
4969 11
4970 57
4971 33
4972 80
4973 14
4974 5
4975 37
4976 27
4977 7
4978 60
4979 39
4980 53
4981 2
4982 23
4983 37
4984 83
4985 19
4986 76
4987 29
4988 66
4989 93
4990 32
4991 80
4992 18
4993 70
4994 23
4995 5
4996 56
4997 6
4998 39
4999 22
