1000
0.1605053652908725
-0.6332640605845176
-0.5936333284505025
0.0671683518804885
-1.4706913610616152
-0.7371353459675122
0.6396750551907403
0.5716538269914332
-0.6010217763575313
0.26064887952501303
-0.8073489172903799
-0.6226617218451006
0.30913768585423007
-0.6915473493204147
0.02929691242409568
-1.2663607230395117
-0.8276587622574619
0.4404212471073761
-0.6033271789292068
-0.16396938521884452
-0.8967786379389479
-0.6996032370304522
0.33608274151422957
-0.03303518570057571
-0.2187931044776519
0.22774241902474152
0.7807993786705426
-0.0037163002171782295
-0.6284404396934847
0.8116547511873207
0.16278560917548515
-0.21935728802347776
0.07173170260027342
-1.3410767926553007
0.20840517588800725
0.42940128850597503
0.44752020537265874
1.3550582598607226
-0.07296392581820166
-0.6273885197341016
0.03492320599808892
-1.8204858391089527
-0.383368716631604
-0.073733544513496
-0.5464435602625618
0.5136619411145281
-0.516331663025374
1.1060238873002382
-0.2263495104013164
0.5141244287789729
0.580333809861726
0.010841510321433842
-0.1344069433800867
0.8946527315916946
0.2152006072268903
-0.22199662172391463
-0.7893986994039696
-0.2729367421330423
0.2653447612552307
-0.49431823150306214
-0.2483514574633876
0.20506089679854728
0.6454466306491466
0.27729892720487886
-0.7421369452331685
0.4534820450788467
-0.4676350258642096
-0.6172240836682207
-0.01884560798001623
0.3566493946484199
-1.1533311533423711
1.337469296607356
0.9182834367502295
-0.3003917415245016
0.4982885967623293
1.215617437838799
0.4358626015268373
-0.019303775449543748
-1.2224855907113965
0.1270836887818868
-0.09431648736597865
0.3312925209152962
1.198231954300293
-0.03260657725040666
0.5893799703883249
-0.6390348828780369
1.277083760862085
1.714037802436454
-0.9834559792511228
-0.7460826952431595
0.08078663233565447
-0.5356778438303842
0.9408697883409913
0.1822429608044459
-0.15343437884677602
-1.2526535107901056
-1.0103222922841968
-1.1478176315316593
-1.0949181715626473
-0.10674115693989582
1.0303548532905704
-0.9105201937202516
-2.251938894302773
2.046268170060103
1.1846098177028066
-0.8450957224880693
0.3924571609779005
0.7945063464105864
2.0786564356208648
0.12702897469575997
-1.511671785632696
-0.276996289555584
1.0940486283899808
-0.20393346465785953
0.06153704174793215
-0.32703150500818573
-0.5866436333702141
-0.4074662307554343
-1.1201872416829977
0.3925276338922256
-0.9083368821168752
0.5577690148418285
-0.41422594995363315
0.10660321859447999
0.6123222055124807
-0.5436144654889666
-0.7115592252743727
0.5987785929713916
-0.6599981471691537
-1.4397410765560779
-0.622560509421626
0.5459225402846996
-0.14103131812869935
0.3627029672447491
-0.296886673294551
0.6641258591921304
0.28367715782589187
-0.7278301832422392
0.5472388489712994
-0.11256984846434888
-1.2977553501788808
1.4496282815722936
0.02355398864471118
0.24675327338462577
-0.22364359668155034
1.0006214326991367
-0.032239643157559936
0.8524565762870682
0.1352599275768089
-0.13108397238328376
1.1221098340271027
-0.8493655596319974
0.07829784987639268
-0.8743429706850453
0.09500040843888609
0.19217689253508258
0.33282401506804965
0.2196652540030977
-1.0988112849197662
0.9489894739445497
-1.265224058750829
-0.8253062216693742
-0.9549129426852114
0.3137415351030236
0.2969688413040968
-0.6897464268497742
1.0001849446102296
-0.6246890617899281
-0.4859000204841153
-0.8521872045730481
-0.3760469379833147
0.8956019309385975
0.07847290264893643
-0.9173324920386315
-0.05591437738159343
0.1590020177863009
-1.2987085259136777
0.3078180124286428
1.501960027011899
0.1325057636404363
-0.6495454320189065
-0.926153655156566
0.7532480336065861
-0.7121201318149533
-0.2834480651757404
-0.05520722057687222
0.11924692986645981
0.372963917422507
-0.027175873374832578
-0.20227262280151323
0.9354055475314585
0.45495635989962896
-0.8175075995206467
1.0548989299400577
0.5199152072854507
-0.6387802106863658
0.10715852696141259
0.30576158415543797
1.516940678082162
1.448725716253668
0.5952989156350824
-1.0805411004996257
0.3222137689107772
-1.1633706809160866
-0.7020985830243249
-0.09498956016279916
-0.4377484724244424
0.7718353557235125
-0.8044002295131345
0.39723795498068637
-0.36583237882916664
-0.10732792782870157
-0.3605638073378484
-1.3073849665754944
0.3036373226451796
0.04116640366353459
-0.8650255684086952
1.1144414494741286
-0.43566819573179083
0.4301955338239023
0.7547766334541629
0.6384542002280235
-0.9503386493960807
-0.10656056457198312
-0.1936082267718465
0.3256400032694572
-0.7916236671498947
-0.3461744415997179
0.2268304953559143
0.5283960345734242
0.04530129827591152
0.6994643252891071
-0.6853359012260039
-0.35161296264330466
0.7642304290624147
0.9507712522159074
1.1322048692019318
0.5282951284307181
-0.3949269055388576
0.6408051116892975
0.33318858133081747
0.3425056784564862
0.6412274251648808
0.9581726134581088
-0.47439217966869784
0.7933424256296729
0.8397267661765682
0.10836932019822962
-0.16559905496637928
0.45460392217236123
1.5480419333229216
-0.5224271690540846
0.4895508991899396
-0.3014324146909122
0.6345262509505661
0.8934391623596567
0.6045546188945716
-0.9879459243625602
0.531078232259635
0.6581090871976919
1.3060441711633142
-0.6862833798006627
-0.40843166896769567
-0.337984614433651
0.4127153156646472
-0.18829920415347887
-1.4733963175278695
0.9402350310428312
0.3805881987730974
-1.700398638365926
1.672667595204163
-0.9242355164068295
0.47926020253163415
-0.021948911012154355
-0.42693255616849934
0.15238385648344366
-0.14966998298967876
0.438851572038119
0.003364569695922166
0.5372240638035892
0.2943307170286906
0.7790860817983187
-1.1779409763366546
-0.6847357614629612
-0.5283312001968731
0.3508645851002328
0.4320087435833327
-0.17654719756730675
0.6628785266856123
-0.6948604195639094
-1.1004083527034312
-0.31738652120582433
0.031017908930822374
-1.4679917300536713
0.664512593315325
-1.0245287339420728
0.8213119614853636
-0.43263280606322474
0.3970102228608105
-0.6620165046328007
0.4070124350605506
0.6818470682983074
0.637666121081341
-0.38853707602758214
-0.6763905336010277
-1.0661902131347407
-0.6312170932748024
-0.9768562864891969
-0.2971164988771961
0.5873752956510484
-0.1876275943253394
-0.24276028907899547
0.601348823419773
-1.5907833564806593
0.13688341152576727
0.14158451677962738
1.2293715195271815
0.4060701975998419
-0.41082921429846525
-0.9198736239797878
-0.09457606249529747
0.9206111385602411
0.7757622227944417
0.2384305518970038
-0.624681555543946
0.3836744799184722
-0.121371033909114
-0.11164590040560514
0.7087796256536101
0.5087477965429731
-0.09526540378286222
-0.4975207772513985
0.22552553248476948
-1.3129991122149054
0.5814209254491857
-0.11784601493068149
0.06350307044488329
0.9022916210785399
0.18576733868087653
-1.1227256773891165
-0.5403323458306583
0.10349882148557879
-0.8341577198057849
-0.4963108232465106
-0.32877803695518526
0.7346288398885732
0.9695786966640765
0.9682070812965005
-0.39416210526853096
0.10457304966784087
-0.42879561221453727
0.6966323629995382
-0.6532190232888161
-0.3249210978241965
-0.09775889102782467
0.2728103073238716
-0.18701475662762915
0.7227099076486141
-0.005872973720498308
0.6856412804141119
-0.25057239467893555
-0.39266756753025966
0.5208328014669008
-0.3210343414227107
0.41899408780594205
-0.5210151357979055
-0.8532347400679606
0.20711535071944115
0.664037815739185
-0.7241897920467519
0.43342039101698193
-0.7182643740739066
-0.915858665350681
0.18992660999899738
-0.0998942809789487
0.8017882080409824
-0.9130019222510668
-0.5007621165592373
0.4351877650235829
0.054701420665558984
0.10228209613485717
-0.16023242455012568
-0.6763224296547585
1.5736264858041642
0.8026414024398402
-0.3217035914701549
0.3198331006271862
-1.1429214841196893
-0.32324207904968183
0.01819360899807532
-0.2091411803020837
-0.37158488072680873
0.05164934396754672
0.7432186140874073
-0.25501677780242604
-0.04838499490359142
0.6022433521658789
-0.7270199482512054
-0.04429362121245992
-0.008907493179828366
-0.1687294333856784
0.4478757688266132
0.2899920008055914
-0.2670103799415355
-0.49131693337054777
-0.5812918152034705
-0.39123510184520577
0.6315094072002466
1.5697944528282377
-0.08915342032412099
0.4458898272959759
-0.24668662666270455
-0.8941747992742539
-0.48401510624429667
-0.5042014291364967
0.873114947413504
-0.1385767439327137
0.017504914104049227
-0.8410944835254935
0.07441791792516117
-0.0504722893924093
-2.6828950702492436
-0.06881311641402464
0.6372777901876975
-0.03486649570988426
0.7367798102259968
-1.5457547693381049
-0.3113806616113879
-0.6280574950827637
0.6638188218319288
-1.6551149403978205
-0.22359998911662365
-0.9027570602874802
0.9306581110841669
0.42609034378639177
-0.18526205013891553
-0.328805795058058
-1.279406511031909
1.3322426019352882
0.6447366871910543
-0.27773726344568406
0.27694395533226873
-0.3805722348906765
-0.744770399927187
0.7255592437050514
0.5615620254306747
-1.1331441660707093
0.028879172916958757
-1.0475766739399555
-0.10464438066675823
0.6304468389418807
0.6338498644942864
1.2811650988967116
0.7085133023845216
-0.03854269055141614
-0.3067986572289805
-1.340975361893479
-0.7589126663071558
0.6008162942422146
0.9538334683254208
-0.48721203381943157
-0.8038198894719639
-1.2892138091829373
-0.430884465333548
0.45289984192533456
0.22626913857709194
-0.6788755755688807
0.7736456634092302
-0.28412577673983297
0.6765427297270299
1.2097688431886375
0.2734798936190966
0.9569050799236725
0.2856605468502844
-0.37221254490151345
0.005211184672874202
-0.3111353780692788
-0.21875266650694777
-0.7610021642897107
-0.17102586295983094
-1.777431208871607
-0.22383126364846032
-1.002234929769267
-0.23982290617044194
1.2778052264581696
0.6320847777759037
1.1259598978433356
0.004965729823999556
0.21217410183005384
-0.8270035833095121
-0.8585120879122967
-0.40516656070603263
-0.7626027718058782
-1.0191363931851618
0.13889842721040233
-0.834993093353492
-1.7059855662307537
0.13809468109604384
0.07875906643483077
0.2375980161111636
-0.13003835004619554
-0.37308252583018564
0.8008429243472162
0.0485627971575267
0.08950256476235538
0.43148839854465243
-0.3814608779538371
-0.3632083257066352
-0.25860078420009175
-0.20247297927348953
1.1230862923683105
-0.7249869912054526
0.7593406779095426
-0.1711322035593876
0.2433736575081978
-1.8130657011861688
0.12942655779871548
-0.7729106082000987
0.7248879935986131
0.27300097339869844
-0.9244297260367021
-0.3210587330320479
-0.21498470346307597
0.4405379123921286
0.3346733340445258
0.3243229340213174
0.4186349209719069
0.6716782269653565
-0.5982319223008089
1.2717351229055787
-0.45862221350333904
1.3734292867938374
0.8741287615675606
-0.15279878406209924
-0.16262552120264773
-0.28665199905604605
-0.6446735679090511
-0.17679527708100537
-0.5282681836039752
0.29559965079371486
0.2834797569465283
-0.22245767314985776
0.022302676739991773
-0.351424841104143
0.4654821958384041
-0.04315634137953133
-0.5859214312870337
0.17319305386199718
-0.15224954251977083
-0.4225464682045314
-0.4172230684498509
-0.5178888095460956
-0.4817453787898886
-0.26613045492776016
1.2709092861152904
0.4926180625368227
0.4865380161638817
-0.15904468661508742
-0.6638901078447526
-0.46534923861078464
-0.8171717306978239
1.0805407411436156
-0.2912852286301134
-1.1363066208838257
0.7575127276736725
1.4474009312258531
0.1757526091707836
0.5088412103348438
0.01835277060857798
-0.8328647697690875
0.32318735858472547
0.42649798269268463
-0.5979885567042136
0.826271092521087
-0.26139698472962086
-1.0283324504065967
-0.6752241299264933
-0.8910259348065478
-0.9906617702643874
-1.5541056129356934
-0.2624600910655294
-0.1835531612297609
-0.21139151520999727
-0.1442122598333359
0.36184477359560585
0.24024740103595021
0.6144466244868398
0.1725802552875587
0.5388393917249706
-0.17845628932740204
0.8537905610583112
1.2537909098358733
-0.005579533095573314
-0.2931670559748397
0.9112141936545191
-1.3643088130339394
0.7774582561437914
0.9639912844903199
-0.11065894266662805
0.5082647419322487
0.850410794858819
0.09855002576681376
0.13677001139709077
0.5923496374269045
-1.1588357653935655
0.4870637786186338
-0.8536421228374667
-0.45158230006475886
-0.10872865669097558
-0.25450752084783007
0.597719258009908
1.1752927563135547
0.4522732859838867
-1.6152487022530457
-0.36372729822167144
0.5141798486167367
1.1153443042231777
0.04403712201784153
0.10650274916615778
-0.2576063727214683
0.014484152306802459
-0.043061785932482666
1.594250458958521
-0.7038784651187514
-0.14077544454945196
1.304512810379254
0.6524404474025611
-0.07787038802270117
0.16775063990637015
-0.0818171083628404
-0.9106358129164278
-0.515692024607918
0.12654395463911966
0.9965248111488679
1.1779560632211814
-0.4761798883515111
0.7026462661815615
0.7688853501604186
-0.7515060911631651
0.6437458392143784
0.23589415715505824
0.4227012475400649
0.07309588563175126
0.2899209415652343
-0.09107587318718767
0.6438233657361703
0.3235804554446198
0.14323291214259873
-0.2129023972081886
0.9014275207544787
1.4995060097390729
-1.6763426112579736
-0.3315953647783293
-0.9614856947433641
-0.43438841276211915
0.22797914628404337
0.2375789298091141
1.1131777448468307
0.9989710479477646
0.6549232634935424
0.30946202299868575
-0.17267208933815245
-1.0381455536997677
1.4506168234656867
0.58561872722273
-0.9839645469072297
0.27589544618250794
0.4528892771547633
-0.6145399459644003
-0.5205963621859311
-0.7370925830921541
-0.3002328531484964
-1.1101786019177762
0.16968636908949047
0.2339505609623728
-0.02813044017559629
0.16729455046166847
-0.7527639048539494
-0.20812187832275134
-0.5771699170248512
0.3276560385120585
0.5191439060847549
0.26773645974188903
-1.1529664801975235
1.3037907325362594
-0.20316156246343606
0.3827684583677989
0.07594239185472963
-3.008304585221237E-4
0.24078169014778983
-0.7733371613486637
0.770092064542005
0.36726444619481813
0.3062507985477016
0.9138777373081437
0.17336564458355738
-1.6297343520594674
1.053152762144671
-0.18045643046669552
-0.4793536646554227
-0.5995256000642518
-0.6623185464486884
-0.027368306277963488
0.6560555228604734
-0.6455653783499059
-0.2597770707930364
0.11747242501943629
0.6227758297625144
0.8491602197801423
1.023984700939823
0.22276344810189902
-0.025437375710690345
-0.2287450398137134
-0.18132758944460184
-0.20170122880734165
-0.14114372323495844
-0.4511890681180337
1.0608427697082772
1.548451009567718
-1.1298360373855556
-0.24431905252484915
-0.4985845750268173
-1.6237970773404231
-0.11215681934599243
1.3792322370940928
-0.6167218400412867
0.7786364929437113
-0.41066121803534783
-0.8713117506256979
-0.2569665459031487
0.09504310438812189
-0.574380887287048
0.531488100238742
-0.5515491591530429
-0.7867645356944535
1.2609457711655507
-0.03575946279549414
-0.7351066776566374
0.38825692542260076
-0.21742674387630848
-0.22037259873399556
-0.15212106092270847
-1.1928562738637947
-0.48771081877426636
-0.8308746868266632
-0.39308061660066146
1.324853838197049
0.10694858637650757
-0.3002054056169136
-0.40613219522867694
-0.28977585870752254
0.9418019084419268
0.8120520671519633
-1.3102878893577798
-1.1882803465953473
0.985657864555937
0.5696294984216843
-0.8609449242440236
-0.3543388463759702
-1.1372389107246283
0.33881856964586315
0.48060808002532585
-0.502759679376092
0.12078024125568738
-0.5752492866518046
-0.5870325850077039
0.500267292058948
0.3264637326096688
0.4514425337698926
-0.8147639951845436
-1.013216144371719
-1.5641540542370973
-0.23711417636869422
-0.7518100702072309
-0.5450041308901807
1.351919018577715
1.3139051920182232
-1.1744142370566149
-0.006927157618100938
1.0960471261218383
-0.005612860756626082
0.7617214772213344
-0.2681092491565542
-0.22666152834951672
-0.17554652977426058
-0.6856572483669878
0.3800130777924141
0.5176399921158755
-0.9410689509482192
0.4522479192808679
-0.4713303824303793
-0.5508118732429411
-0.10973946406500507
-0.2417121366766432
1.1332744595063504
0.5526233518226114
1.1894814032551628
0.644518644698839
-0.7463037992441095
0.24229367327872262
0.17324038622650717
0.5266341749511427
0.2129723605220924
-0.35756413425259004
-0.6927571771193292
-1.584692787019293
-1.0135264354429263
-0.1437953645837846
1.1877109069779415
1.0437104506407833
0.593498304031788
-0.7673528064043085
0.6290992951602158
0.21038849909934637
-0.1959002808424426
0.6788005678578665
0.9312440912432001
-0.2136983161642942
0.5616921122165721
-0.0731721621898711
1.3253988301562838
0.6211192787585637
1.2138739309175233
-0.6195350363458849
-1.3983288620239889
-0.23667196429315807
0.4168551002050959
0.40298525215601233
0.7756993100775498
1.5437848422900418
0.33258960971300383
0.7870675567150419
1.6671070336304896
0.3641048851192193
0.5582150485655146
-0.827621551704301
1.5705149928803963
0.4768188716098007
-0.0087301199972399
-0.016592646566791665
-0.7820281807786273
-0.5056901812401677
0.25022184092259364
0.16265753250984633
1.160211668211083
-0.21271523474690493
0.40046751780563405
1.0051673168127262
-0.03248338311459059
0.20992792246173125
0.9124668354169898
0.4021904253208716
0.6292187615046716
0.694832291591005
0.7111172368751338
1.1452908759691094
-0.5109793484891711
0.8124574582820218
0.05995489001388279
-0.8315444121879194
1.1233447814958137
-0.4230836867530118
-0.1555895356720354
-0.06573967727466323
0.4763605875629751
0.21612426531939716
0.02548626918005018
0.11108235760308566
-1.159950471582056
1.3360321801940687
0.07701592619461602
-0.6094507648521823
0.4295350756759452
1.1560014135309298
-0.9035150510460052
1.143632435416244
-0.39867065733910545
-0.3719978968888463
0.7705363950728947
0.5435103777935424
-0.2663757290442322
0.12533252327002148
0.8933202455764148
-0.266672739942045
0.5794572335128092
-0.29817745473416446
-0.8024801029195173
0.2078471786485289
0.2959446143437441
-0.2137937517780498
0.4217218751459135
0.9233383767808532
0.3379600100389355
-2.5792168730896856
-1.3392679934542682
-0.2077512630573373
0.19541390616441542
1.637463327025317
0.32822343725874625
0.4695187888739312
0.06790796139734619
0.2063834361386005
0.07241849117205465
-0.4447629327767817
-0.16037600559127785
-0.33428135041777457
1.3800903854081223
-0.36544964590999895
-0.3390679796756169
0.753605519741795
-0.7725395228288283
0.06942920830077423
-0.6804215947641061
-0.9556208196413488
0.8434175087365844
0.3826094227918554
0.215670180129246
0.57592688279555
-1.1971286773335963
0.40826192637822284
-0.3714149109213159
-0.5881308380296606
-0.9391225044040619
0.5079655602063191
1.0154804960370667
-0.2100017656809489
0.13499821419513633
-0.1975381783823885
0.3247821088482518
-0.7153184210974702
0.38518927378581946
0.5530008598786096
0.2719738521956025
-0.7712763698767457
0.341896422541964
-0.2826476725235062
-0.9695422181303734
0.19850810795739451
1.1000829432005785
0.43666635202890697
0.1481079201558052
0.4989206499985823
-0.3778168916855703
-0.422041417527282
-1.2971575324181959
-1.359750675010172
0.5581872462995819
-0.5362318738359443
0.5015671192704597
-0.4399294731353825
0.9693292340239422
0.7552037855035968
0.0724353308827206
0.07052477327537676
0.17782176080194725
0.8096164189666346
0.25601065334741085
-0.46156303892551015
-0.5037270394215745
-0.2217164290344191
0.05694888923010014
-0.8524880600101066
0.45277969631501647
1.4839341131708093
0.626290804546103
-0.8921967495106653
-0.5882820314846422
-0.70111120579218
-0.06156654589067753
0.5377427055081295
0.850285568103098
-0.32028099900702695
-0.18265456817090014
0.6799107714709814
-1.0071368272246835
1.0985286999697357
0.4871225706834063
0.5113683621838101
-1.0813220888760657
0.42704063639274525
0.35575582817596724
1.2558922111904192
-0.7511726481921513
0.5931862370164565
-0.3836445343529307
-0.9146787554529123
-0.18879550373901693
0.18305074422956286
0.3824177564125547
-0.7426986651275677
-1.279769146095535
0.1539793524659857
-0.2113946744774979
-0.542899971865178
1.0680846131992368
-0.2906547724366002
-1.0342761298338266
-0.5457878239835059
-0.7281615212058429
0.01789922005168063
2.2342078258888706E-12