100 30 70 70
0 22
1 30
2 17
3 28
4 29
5 27
6 28
7 25
8 28
9 19
10 4
11 25
12 2
13 12
14 6
15 26
16 27
17 27
18 26
19 24
20 20
21 23
22 11
23 23
24 21
25 24
26 25
27 22
28 23
29 24
30 16
31 23
32 22
33 20
34 17
35 18
36 2
37 8
38 21
39 11
40 21
41 19
42 16
43 3
44 1
45 13
46 20
47 18
48 4
49 19
50 16
51 5
52 19
53 17
54 9
55 18
56 17
57 15
58 15
59 14
60 16
61 14
62 13
63 15
64 14
65 12
66 13
67 11
68 12
69 8
70 10
71 10
72 11
73 9
74 8
75 10
76 9
77 8
78 7
79 7
80 5
81 8
82 7
83 2
84 4
85 6
86 1
87 5
88 7
89 6
90 6
91 3
92 3
93 5
94 4
95 1
96 2
97 3
98 2
99 1
