250 42 125
0 1
1 1
2 2
3 3
4 3
5 4
6 1
7 2
8 4
9 1
10 2
11 3
12 3
13 5
14 6
15 4
16 5
17 2
18 6
19 4
20 6
21 5
22 7
23 7
24 8
25 9
26 9
27 8
28 6
29 10
30 5
31 9
32 5
33 3
34 11
35 5
36 6
37 7
38 12
39 12
40 9
41 10
42 8
43 8
44 13
45 1
46 14
47 10
48 2
49 11
50 11
51 10
52 6
53 13
54 14
55 14
56 12
57 15
58 11
59 8
60 14
61 7
62 13
63 7
64 15
65 16
66 17
67 4
68 13
69 17
70 15
71 18
72 15
73 12
74 19
75 19
76 10
77 20
78 18
79 6
80 2
81 5
82 9
83 1
84 7
85 16
86 16
87 12
88 4
89 14
90 18
91 20
92 16
93 17
94 19
95 5
96 18
97 17
98 21
99 1
100 1
101 4
102 11
103 20
104 20
105 14
106 13
107 17
108 17
109 10
110 21
111 19
112 21
113 16
114 2
115 15
116 18
117 15
118 21
119 8
120 22
121 9
122 20
123 11
124 14
125 19
126 22
127 23
128 22
129 24
130 21
131 23
132 24
133 22
134 11
135 23
136 6
137 25
138 19
139 24
140 23
141 10
142 4
143 26
144 24
145 8
146 25
147 25
148 26
149 27
150 18
151 27
152 28
153 27
154 25
155 29
156 25
157 27
158 28
159 28
160 24
161 24
162 22
163 26
164 12
165 29
166 25
167 30
168 29
169 4
170 31
171 7
172 3
173 26
174 30
175 23
176 30
177 32
178 32
179 2
180 9
181 20
182 28
183 33
184 31
185 34
186 32
187 33
188 35
189 22
190 29
191 22
192 31
193 35
194 23
195 14
196 31
197 36
198 33
199 32
200 11
201 13
202 37
203 26
204 3
205 35
206 29
207 37
208 28
209 31
210 28
211 34
212 30
213 27
214 1
215 38
216 34
217 38
218 36
219 39
220 40
221 33
222 36
223 3
224 23
225 32
226 30
227 13
228 26
229 36
230 40
231 39
232 41
233 40
234 16
235 37
236 37
237 38
238 42
239 36
240 35
241 39
242 24
243 31
244 42
245 35
246 18
247 39
248 34
249 35
