100 21 50
0 1
1 2
2 3
3 4
4 3
5 2
6 1
7 2
8 5
9 2
10 4
11 1
12 5
13 5
14 1
15 6
16 6
17 6
18 5
19 3
20 7
21 3
22 7
23 4
24 6
25 5
26 2
27 8
28 7
29 9
30 10
31 4
32 8
33 11
34 3
35 7
36 9
37 3
38 6
39 9
40 9
41 1
42 10
43 5
44 9
45 9
46 8
47 11
48 4
49 12
50 8
51 13
52 7
53 13
54 10
55 14
56 14
57 12
58 13
59 14
60 15
61 12
62 14
63 15
64 16
65 11
66 17
67 11
68 8
69 12
70 6
71 18
72 15
73 11
74 16
75 18
76 18
77 19
78 16
79 1
80 8
81 15
82 17
83 16
84 20
85 21
86 13
87 21
88 15
89 4
90 17
91 18
92 14
93 20
94 2
95 21
96 12
97 15
98 13
99 19
