5000 99 460
0 1
1 1
2 1
3 1
4 2
5 1
6 1
7 2
8 1
9 1
10 1
11 1
12 2
13 3
14 2
15 2
16 1
17 1
18 2
19 2
20 1
21 2
22 2
23 2
24 2
25 1
26 3
27 1
28 1
29 3
30 1
31 1
32 2
33 1
34 3
35 2
36 3
37 4
38 3
39 3
40 4
41 3
42 2
43 1
44 1
45 3
46 3
47 1
48 4
49 5
50 3
51 5
52 2
53 5
54 4
55 2
56 5
57 4
58 1
59 5
60 2
61 3
62 4
63 4
64 3
65 2
66 5
67 4
68 4
69 4
70 1
71 4
72 1
73 2
74 6
75 2
76 6
77 5
78 1
79 2
80 3
81 1
82 3
83 2
84 5
85 4
86 6
87 1
88 7
89 6
90 7
91 7
92 5
93 1
94 8
95 4
96 5
97 3
98 3
99 3
100 3
101 9
102 2
103 2
104 3
105 8
106 5
107 7
108 6
109 3
110 4
111 5
112 2
113 7
114 4
115 7
116 5
117 1
118 6
119 6
120 6
121 6
122 8
123 6
124 8
125 6
126 7
127 2
128 5
129 8
130 8
131 3
132 2
133 1
134 7
135 5
136 6
137 4
138 5
139 6
140 7
141 4
142 3
143 5
144 5
145 3
146 5
147 4
148 7
149 5
150 9
151 8
152 4
153 4
154 5
155 5
156 4
157 9
158 6
159 9
160 8
161 4
162 3
163 8
164 6
165 9
166 6
167 7
168 6
169 10
170 1
171 9
172 3
173 7
174 1
175 10
176 8
177 6
178 5
179 5
180 3
181 4
182 7
183 5
184 6
185 8
186 9
187 6
188 1
189 8
190 4
191 9
192 10
193 2
194 10
195 7
196 7
197 9
198 7
199 1
200 9
201 2
202 10
203 2
204 6
205 6
206 8
207 9
208 2
209 4
210 10
211 10
212 9
213 11
214 8
215 7
216 9
217 9
218 2
219 4
220 8
221 7
222 4
223 6
224 10
225 9
226 8
227 10
228 9
229 6
230 9
231 7
232 10
233 8
234 11
235 2
236 6
237 11
238 9
239 4
240 1
241 9
242 10
243 11
244 12
245 10
246 10
247 11
248 11
249 1
250 9
251 7
252 11
253 1
254 5
255 12
256 10
257 2
258 12
259 7
260 4
261 9
262 11
263 11
264 10
265 7
266 8
267 7
268 11
269 7
270 11
271 12
272 4
273 12
274 5
275 2
276 10
277 1
278 13
279 12
280 13
281 11
282 13
283 3
284 3
285 8
286 2
287 9
288 10
289 5
290 12
291 11
292 6
293 8
294 11
295 8
296 6
297 12
298 12
299 12
300 13
301 8
302 12
303 8
304 13
305 5
306 11
307 1
308 12
309 13
310 8
311 14
312 11
313 6
314 14
315 10
316 14
317 1
318 13
319 14
320 8
321 9
322 3
323 11
324 4
325 13
326 13
327 11
328 6
329 13
330 11
331 9
332 14
333 3
334 13
335 4
336 11
337 10
338 14
339 13
340 1
341 8
342 10
343 11
344 7
345 13
346 13
347 13
348 10
349 12
350 3
351 2
352 15
353 14
354 11
355 8
356 13
357 5
358 10
359 9
360 10
361 8
362 11
363 8
364 2
365 11
366 13
367 12
368 15
369 6
370 10
371 10
372 7
373 5
374 7
375 11
376 16
377 15
378 4
379 14
380 13
381 15
382 14
383 11
384 5
385 16
386 15
387 13
388 6
389 10
390 15
391 13
392 4
393 12
394 6
395 12
396 12
397 2
398 9
399 3
400 12
401 14
402 12
403 16
404 8
405 11
406 12
407 10
408 15
409 5
410 14
411 12
412 10
413 7
414 16
415 3
416 7
417 14
418 13
419 17
420 18
421 16
422 8
423 13
424 15
425 3
426 11
427 17
428 6
429 14
430 10
431 13
432 16
433 8
434 12
435 15
436 5
437 11
438 13
439 9
440 5
441 12
442 9
443 14
444 16
445 15
446 7
447 16
448 10
449 14
450 14
451 15
452 15
453 3
454 13
455 4
456 14
457 17
458 14
459 13
460 15
461 6
462 9
463 12
464 13
465 7
466 2
467 16
468 7
469 8
470 15
471 15
472 17
473 8
474 10
475 16
476 18
477 15
478 13
479 8
480 10
481 3
482 19
483 5
484 11
485 5
486 18
487 16
488 12
489 16
490 16
491 16
492 15
493 12
494 17
495 10
496 18
497 18
498 18
499 5
500 11
501 14
502 17
503 7
504 17
505 10
506 19
507 12
508 19
509 19
510 1
511 15
512 17
513 9
514 9
515 14
516 18
517 18
518 10
519 19
520 15
521 15
522 16
523 17
524 18
525 13
526 16
527 16
528 20
529 18
530 17
531 18
532 17
533 5
534 20
535 19
536 7
537 5
538 9
539 16
540 5
541 15
542 16
543 15
544 18
545 14
546 16
547 17
548 6
549 20
550 16
551 18
552 8
553 9
554 17
555 10
556 12
557 11
558 20
559 19
560 20
561 16
562 18
563 21
564 1
565 14
566 20
567 19
568 20
569 11
570 9
571 14
572 15
573 16
574 6
575 15
576 19
577 8
578 13
579 16
580 18
581 3
582 14
583 7
584 13
585 19
586 13
587 3
588 17
589 21
590 8
591 16
592 15
593 17
594 15
595 17
596 17
597 13
598 15
599 12
600 20
601 6
602 17
603 22
604 11
605 21
606 18
607 19
608 17
609 15
610 12
611 21
612 15
613 19
614 21
615 10
616 20
617 18
618 17
619 22
620 1
621 3
622 20
623 21
624 12
625 8
626 20
627 20
628 6
629 17
630 20
631 23
632 9
633 19
634 21
635 11
636 21
637 19
638 18
639 20
640 19
641 18
642 17
643 19
644 16
645 7
646 19
647 18
648 19
649 18
650 5
651 2
652 14
653 4
654 17
655 2
656 10
657 20
658 10
659 20
660 5
661 14
662 21
663 21
664 9
665 14
666 22
667 14
668 13
669 13
670 21
671 22
672 21
673 23
674 22
675 18
676 16
677 16
678 9
679 19
680 21
681 15
682 17
683 19
684 6
685 22
686 7
687 21
688 5
689 15
690 14
691 22
692 19
693 19
694 22
695 21
696 9
697 19
698 18
699 6
700 21
701 21
702 13
703 18
704 23
705 24
706 17
707 14
708 11
709 7
710 15
711 23
712 22
713 20
714 11
715 4
716 16
717 21
718 20
719 20
720 18
721 20
722 19
723 19
724 18
725 20
726 24
727 22
728 7
729 23
730 14
731 23
732 16
733 9
734 15
735 21
736 8
737 12
738 24
739 24
740 14
741 16
742 24
743 24
744 16
745 3
746 23
747 22
748 9
749 24
750 21
751 13
752 7
753 25
754 18
755 23
756 21
757 22
758 21
759 22
760 20
761 20
762 4
763 23
764 22
765 20
766 14
767 19
768 12
769 24
770 13
771 23
772 14
773 24
774 9
775 23
776 23
777 23
778 4
779 2
780 21
781 24
782 4
783 23
784 19
785 24
786 11
787 16
788 25
789 15
790 17
791 22
792 1
793 25
794 25
795 19
796 23
797 20
798 15
799 25
800 22
801 2
802 6
803 26
804 12
805 24
806 12
807 17
808 12
809 26
810 11
811 25
812 26
813 22
814 25
815 22
816 20
817 6
818 6
819 26
820 16
821 26
822 25
823 14
824 13
825 1
826 22
827 23
828 19
829 27
830 12
831 21
832 20
833 20
834 10
835 18
836 12
837 6
838 18
839 3
840 25
841 20
842 17
843 16
844 24
845 6
846 4
847 25
848 16
849 6
850 23
851 14
852 23
853 26
854 11
855 24
856 19
857 21
858 26
859 22
860 25
861 26
862 22
863 26
864 23
865 25
866 23
867 13
868 21
869 13
870 27
871 19
872 27
873 22
874 19
875 25
876 23
877 27
878 27
879 25
880 24
881 13
882 26
883 25
884 4
885 27
886 9
887 7
888 18
889 26
890 26
891 3
892 8
893 28
894 22
895 21
896 20
897 12
898 28
899 25
900 22
901 25
902 28
903 23
904 19
905 24
906 24
907 21
908 1
909 27
910 27
911 18
912 16
913 24
914 20
915 28
916 27
917 13
918 28
919 26
920 1
921 3
922 24
923 26
924 25
925 9
926 23
927 18
928 14
929 27
930 22
931 22
932 29
933 22
934 28
935 17
936 26
937 12
938 24
939 17
940 14
941 29
942 25
943 2
944 14
945 22
946 20
947 21
948 22
949 25
950 21
951 24
952 12
953 29
954 27
955 22
956 18
957 24
958 13
959 19
960 16
961 24
962 19
963 27
964 25
965 23
966 28
967 21
968 13
969 29
970 27
971 29
972 22
973 19
974 29
975 6
976 28
977 28
978 27
979 28
980 28
981 27
982 13
983 26
984 14
985 24
986 3
987 26
988 12
989 28
990 27
991 18
992 29
993 30
994 2
995 8
996 18
997 26
998 17
999 19
1000 6
1001 4
1002 27
1003 15
1004 23
1005 21
1006 20
1007 15
1008 2
1009 31
1010 12
1011 29
1012 29
1013 8
1014 25
1015 30
1016 29
1017 31
1018 24
1019 26
1020 2
1021 22
1022 29
1023 23
1024 8
1025 15
1026 30
1027 29
1028 11
1029 24
1030 29
1031 19
1032 30
1033 23
1034 6
1035 20
1036 17
1037 25
1038 25
1039 27
1040 30
1041 7
1042 18
1043 16
1044 25
1045 20
1046 14
1047 6
1048 28
1049 11
1050 23
1051 18
1052 19
1053 25
1054 26
1055 30
1056 28
1057 28
1058 30
1059 5
1060 25
1061 26
1062 7
1063 25
1064 29
1065 26
1066 8
1067 28
1068 20
1069 22
1070 24
1071 28
1072 13
1073 15
1074 24
1075 25
1076 12
1077 26
1078 30
1079 20
1080 24
1081 2
1082 15
1083 30
1084 30
1085 23
1086 23
1087 21
1088 27
1089 32
1090 29
1091 21
1092 30
1093 31
1094 20
1095 30
1096 7
1097 1
1098 19
1099 21
1100 31
1101 21
1102 29
1103 23
1104 16
1105 24
1106 31
1107 30
1108 23
1109 28
1110 30
1111 27
1112 31
1113 30
1114 30
1115 22
1116 29
1117 26
1118 31
1119 16
1120 5
1121 28
1122 7
1123 28
1124 27
1125 29
1126 27
1127 3
1128 32
1129 22
1130 5
1131 26
1132 17
1133 29
1134 12
1135 28
1136 31
1137 3
1138 27
1139 31
1140 33
1141 32
1142 32
1143 30
1144 28
1145 26
1146 29
1147 5
1148 10
1149 17
1150 32
1151 20
1152 32
1153 20
1154 26
1155 32
1156 14
1157 30
1158 32
1159 30
1160 26
1161 32
1162 23
1163 15
1164 9
1165 27
1166 8
1167 14
1168 11
1169 33
1170 33
1171 31
1172 10
1173 7
1174 31
1175 26
1176 27
1177 31
1178 31
1179 24
1180 20
1181 10
1182 30
1183 10
1184 26
1185 31
1186 10
1187 31
1188 24
1189 33
1190 17
1191 19
1192 34
1193 22
1194 28
1195 32
1196 25
1197 3
1198 4
1199 2
1200 28
1201 10
1202 27
1203 29
1204 33
1205 30
1206 25
1207 23
1208 31
1209 21
1210 30
1211 30
1212 15
1213 28
1214 28
1215 31
1216 34
1217 27
1218 24
1219 27
1220 32
1221 26
1222 29
1223 31
1224 16
1225 29
1226 14
1227 32
1228 3
1229 33
1230 29
1231 9
1232 32
1233 34
1234 34
1235 21
1236 22
1237 33
1238 33
1239 35
1240 31
1241 33
1242 16
1243 21
1244 23
1245 31
1246 17
1247 32
1248 20
1249 24
1250 34
1251 18
1252 26
1253 17
1254 34
1255 30
1256 20
1257 28
1258 27
1259 34
1260 23
1261 29
1262 33
1263 35
1264 30
1265 36
1266 3
1267 27
1268 27
1269 32
1270 29
1271 7
1272 28
1273 34
1274 31
1275 32
1276 27
1277 32
1278 33
1279 21
1280 30
1281 33
1282 34
1283 35
1284 15
1285 16
1286 23
1287 24
1288 9
1289 31
1290 34
1291 34
1292 34
1293 36
1294 9
1295 25
1296 8
1297 28
1298 19
1299 35
1300 33
1301 22
1302 32
1303 34
1304 33
1305 28
1306 34
1307 31
1308 33
1309 21
1310 34
1311 5
1312 33
1313 33
1314 22
1315 32
1316 22
1317 35
1318 29
1319 31
1320 26
1321 35
1322 15
1323 13
1324 35
1325 12
1326 32
1327 36
1328 37
1329 37
1330 35
1331 36
1332 17
1333 35
1334 27
1335 37
1336 35
1337 31
1338 38
1339 35
1340 35
1341 30
1342 3
1343 36
1344 17
1345 22
1346 19
1347 22
1348 4
1349 23
1350 34
1351 35
1352 32
1353 26
1354 35
1355 19
1356 34
1357 36
1358 36
1359 31
1360 4
1361 36
1362 25
1363 36
1364 19
1365 37
1366 36
1367 35
1368 30
1369 21
1370 36
1371 37
1372 27
1373 33
1374 31
1375 37
1376 35
1377 33
1378 29
1379 11
1380 32
1381 20
1382 12
1383 31
1384 22
1385 37
1386 34
1387 28
1388 36
1389 30
1390 18
1391 31
1392 36
1393 28
1394 32
1395 33
1396 27
1397 9
1398 33
1399 38
1400 32
1401 34
1402 37
1403 39
1404 16
1405 29
1406 12
1407 35
1408 37
1409 30
1410 18
1411 25
1412 17
1413 38
1414 38
1415 33
1416 34
1417 25
1418 29
1419 34
1420 24
1421 12
1422 31
1423 36
1424 29
1425 31
1426 19
1427 35
1428 35
1429 4
1430 39
1431 23
1432 28
1433 30
1434 25
1435 37
1436 29
1437 7
1438 38
1439 37
1440 34
1441 2
1442 38
1443 37
1444 34
1445 38
1446 26
1447 39
1448 6
1449 33
1450 33
1451 32
1452 11
1453 34
1454 28
1455 24
1456 37
1457 28
1458 17
1459 33
1460 36
1461 3
1462 35
1463 38
1464 38
1465 12
1466 29
1467 33
1468 22
1469 39
1470 33
1471 35
1472 28
1473 14
1474 30
1475 37
1476 35
1477 39
1478 35
1479 36
1480 29
1481 35
1482 39
1483 23
1484 38
1485 34
1486 36
1487 38
1488 36
1489 27
1490 17
1491 20
1492 37
1493 10
1494 33
1495 9
1496 31
1497 25
1498 38
1499 37
1500 29
1501 39
1502 40
1503 38
1504 36
1505 34
1506 36
1507 40
1508 39
1509 31
1510 9
1511 40
1512 39
1513 23
1514 25
1515 38
1516 29
1517 32
1518 40
1519 40
1520 26
1521 38
1522 40
1523 35
1524 33
1525 34
1526 29
1527 25
1528 27
1529 28
1530 16
1531 20
1532 39
1533 39
1534 36
1535 37
1536 10
1537 34
1538 23
1539 3
1540 7
1541 40
1542 2
1543 8
1544 35
1545 28
1546 39
1547 36
1548 33
1549 18
1550 37
1551 33
1552 37
1553 13
1554 40
1555 40
1556 7
1557 4
1558 24
1559 32
1560 35
1561 34
1562 21
1563 25
1564 17
1565 41
1566 38
1567 23
1568 41
1569 4
1570 40
1571 38
1572 41
1573 41
1574 41
1575 8
1576 9
1577 30
1578 39
1579 38
1580 36
1581 37
1582 32
1583 28
1584 26
1585 28
1586 39
1587 32
1588 12
1589 25
1590 38
1591 42
1592 39
1593 36
1594 40
1595 39
1596 15
1597 36
1598 32
1599 32
1600 41
1601 40
1602 17
1603 42
1604 24
1605 42
1606 34
1607 27
1608 6
1609 36
1610 26
1611 34
1612 37
1613 33
1614 6
1615 25
1616 42
1617 37
1618 15
1619 15
1620 23
1621 9
1622 41
1623 36
1624 41
1625 40
1626 32
1627 11
1628 34
1629 11
1630 42
1631 41
1632 24
1633 29
1634 39
1635 35
1636 34
1637 24
1638 38
1639 41
1640 40
1641 40
1642 39
1643 38
1644 39
1645 42
1646 39
1647 41
1648 40
1649 39
1650 36
1651 43
1652 33
1653 40
1654 40
1655 43
1656 33
1657 40
1658 30
1659 41
1660 33
1661 41
1662 40
1663 28
1664 1
1665 42
1666 35
1667 43
1668 36
1669 42
1670 42
1671 40
1672 22
1673 30
1674 43
1675 44
1676 27
1677 44
1678 43
1679 31
1680 32
1681 35
1682 20
1683 41
1684 43
1685 17
1686 43
1687 36
1688 37
1689 40
1690 41
1691 21
1692 30
1693 38
1694 34
1695 14
1696 25
1697 28
1698 42
1699 19
1700 43
1701 25
1702 22
1703 25
1704 10
1705 45
1706 41
1707 11
1708 34
1709 11
1710 38
1711 41
1712 18
1713 17
1714 38
1715 46
1716 42
1717 38
1718 22
1719 32
1720 44
1721 44
1722 43
1723 38
1724 14
1725 43
1726 39
1727 39
1728 26
1729 40
1730 41
1731 5
1732 5
1733 38
1734 42
1735 39
1736 39
1737 36
1738 42
1739 41
1740 46
1741 42
1742 44
1743 13
1744 31
1745 14
1746 26
1747 44
1748 33
1749 21
1750 23
1751 8
1752 24
1753 33
1754 44
1755 29
1756 41
1757 45
1758 37
1759 34
1760 42
1761 45
1762 41
1763 36
1764 45
1765 36
1766 29
1767 43
1768 8
1769 44
1770 45
1771 27
1772 39
1773 13
1774 42
1775 3
1776 27
1777 37
1778 41
1779 47
1780 32
1781 4
1782 35
1783 36
1784 43
1785 31
1786 24
1787 38
1788 26
1789 43
1790 12
1791 43
1792 43
1793 28
1794 29
1795 41
1796 34
1797 42
1798 34
1799 45
1800 37
1801 45
1802 44
1803 28
1804 19
1805 19
1806 44
1807 44
1808 9
1809 32
1810 43
1811 31
1812 44
1813 40
1814 20
1815 20
1816 42
1817 38
1818 47
1819 46
1820 47
1821 25
1822 31
1823 4
1824 45
1825 27
1826 41
1827 36
1828 19
1829 41
1830 40
1831 30
1832 46
1833 40
1834 47
1835 39
1836 7
1837 46
1838 30
1839 46
1840 17
1841 26
1842 38
1843 30
1844 28
1845 40
1846 44
1847 41
1848 18
1849 44
1850 29
1851 33
1852 18
1853 42
1854 34
1855 44
1856 42
1857 36
1858 25
1859 25
1860 42
1861 42
1862 45
1863 45
1864 32
1865 26
1866 46
1867 39
1868 37
1869 23
1870 48
1871 12
1872 46
1873 46
1874 45
1875 43
1876 47
1877 38
1878 44
1879 45
1880 36
1881 45
1882 42
1883 35
1884 4
1885 48
1886 45
1887 45
1888 15
1889 44
1890 2
1891 34
1892 33
1893 37
1894 46
1895 44
1896 37
1897 45
1898 40
1899 14
1900 32
1901 17
1902 28
1903 45
1904 8
1905 6
1906 32
1907 39
1908 48
1909 30
1910 35
1911 46
1912 46
1913 44
1914 47
1915 35
1916 43
1917 27
1918 11
1919 46
1920 48
1921 38
1922 45
1923 36
1924 43
1925 12
1926 44
1927 38
1928 44
1929 41
1930 18
1931 14
1932 43
1933 46
1934 48
1935 29
1936 18
1937 37
1938 10
1939 44
1940 44
1941 27
1942 46
1943 46
1944 33
1945 37
1946 47
1947 47
1948 19
1949 49
1950 45
1951 3
1952 47
1953 48
1954 28
1955 47
1956 37
1957 6
1958 30
1959 47
1960 44
1961 48
1962 4
1963 41
1964 40
1965 31
1966 48
1967 44
1968 45
1969 11
1970 42
1971 38
1972 42
1973 24
1974 46
1975 40
1976 47
1977 35
1978 15
1979 47
1980 46
1981 32
1982 47
1983 35
1984 44
1985 31
1986 33
1987 43
1988 49
1989 21
1990 31
1991 42
1992 27
1993 48
1994 49
1995 48
1996 38
1997 43
1998 50
1999 47
2000 45
2001 42
2002 37
2003 32
2004 10
2005 47
2006 19
2007 48
2008 14
2009 49
2010 37
2011 29
2012 49
2013 10
2014 41
2015 39
2016 47
2017 34
2018 45
2019 43
2020 26
2021 49
2022 23
2023 43
2024 44
2025 49
2026 30
2027 20
2028 46
2029 40
2030 30
2031 50
2032 44
2033 39
2034 39
2035 33
2036 47
2037 48
2038 16
2039 48
2040 45
2041 45
2042 44
2043 48
2044 50
2045 51
2046 49
2047 48
2048 45
2049 45
2050 48
2051 22
2052 1
2053 43
2054 49
2055 49
2056 42
2057 46
2058 11
2059 43
2060 26
2061 14
2062 42
2063 42
2064 43
2065 22
2066 46
2067 43
2068 50
2069 40
2070 45
2071 39
2072 50
2073 42
2074 50
2075 8
2076 49
2077 43
2078 35
2079 15
2080 51
2081 42
2082 37
2083 47
2084 50
2085 43
2086 50
2087 31
2088 45
2089 46
2090 47
2091 41
2092 23
2093 40
2094 49
2095 45
2096 22
2097 36
2098 49
2099 22
2100 50
2101 51
2102 47
2103 44
2104 49
2105 48
2106 38
2107 48
2108 30
2109 43
2110 35
2111 31
2112 47
2113 50
2114 26
2115 49
2116 50
2117 50
2118 40
2119 39
2120 39
2121 40
2122 51
2123 40
2124 47
2125 47
2126 27
2127 50
2128 51
2129 42
2130 52
2131 19
2132 51
2133 41
2134 36
2135 46
2136 51
2137 37
2138 18
2139 52
2140 40
2141 44
2142 37
2143 51
2144 41
2145 38
2146 10
2147 39
2148 50
2149 9
2150 49
2151 41
2152 51
2153 43
2154 51
2155 47
2156 42
2157 45
2158 46
2159 28
2160 47
2161 17
2162 45
2163 53
2164 44
2165 51
2166 10
2167 52
2168 48
2169 1
2170 49
2171 49
2172 51
2173 32
2174 50
2175 23
2176 52
2177 42
2178 46
2179 46
2180 15
2181 42
2182 44
2183 49
2184 50
2185 28
2186 32
2187 48
2188 51
2189 53
2190 34
2191 49
2192 49
2193 51
2194 1
2195 50
2196 52
2197 49
2198 43
2199 52
2200 47
2201 41
2202 43
2203 52
2204 42
2205 49
2206 51
2207 32
2208 43
2209 46
2210 27
2211 32
2212 50
2213 41
2214 26
2215 51
2216 32
2217 38
2218 54
2219 13
2220 51
2221 16
2222 50
2223 54
2224 19
2225 50
2226 53
2227 41
2228 54
2229 48
2230 42
2231 51
2232 20
2233 52
2234 35
2235 53
2236 47
2237 48
2238 50
2239 47
2240 36
2241 46
2242 52
2243 50
2244 45
2245 53
2246 34
2247 52
2248 53
2249 52
2250 54
2251 8
2252 52
2253 53
2254 54
2255 53
2256 7
2257 54
2258 48
2259 48
2260 52
2261 51
2262 48
2263 48
2264 52
2265 45
2266 55
2267 49
2268 47
2269 53
2270 53
2271 49
2272 55
2273 21
2274 50
2275 37
2276 21
2277 52
2278 54
2279 53
2280 50
2281 55
2282 41
2283 49
2284 35
2285 31
2286 50
2287 51
2288 55
2289 54
2290 54
2291 51
2292 47
2293 53
2294 50
2295 53
2296 23
2297 48
2298 24
2299 50
2300 53
2301 55
2302 52
2303 15
2304 42
2305 45
2306 50
2307 54
2308 55
2309 45
2310 50
2311 53
2312 32
2313 37
2314 16
2315 47
2316 23
2317 42
2318 43
2319 51
2320 50
2321 30
2322 45
2323 16
2324 55
2325 51
2326 17
2327 56
2328 36
2329 32
2330 35
2331 24
2332 40
2333 8
2334 17
2335 37
2336 28
2337 14
2338 41
2339 38
2340 46
2341 27
2342 7
2343 47
2344 52
2345 42
2346 25
2347 51
2348 40
2349 57
2350 43
2351 53
2352 46
2353 52
2354 57
2355 26
2356 51
2357 51
2358 48
2359 29
2360 43
2361 52
2362 47
2363 44
2364 55
2365 49
2366 45
2367 41
2368 56
2369 55
2370 49
2371 57
2372 42
2373 52
2374 54
2375 10
2376 54
2377 38
2378 41
2379 55
2380 53
2381 53
2382 32
2383 42
2384 55
2385 48
2386 34
2387 56
2388 45
2389 54
2390 50
2391 45
2392 51
2393 55
2394 56
2395 56
2396 56
2397 47
2398 57
2399 54
2400 55
2401 53
2402 38
2403 42
2404 48
2405 56
2406 53
2407 35
2408 53
2409 42
2410 38
2411 14
2412 48
2413 17
2414 44
2415 14
2416 32
2417 58
2418 54
2419 55
2420 46
2421 30
2422 54
2423 43
2424 56
2425 12
2426 24
2427 52
2428 56
2429 35
2430 31
2431 56
2432 49
2433 54
2434 54
2435 46
2436 50
2437 37
2438 38
2439 52
2440 55
2441 52
2442 58
2443 46
2444 37
2445 46
2446 33
2447 21
2448 52
2449 44
2450 58
2451 55
2452 57
2453 52
2454 33
2455 5
2456 3
2457 59
2458 15
2459 29
2460 39
2461 34
2462 55
2463 34
2464 58
2465 55
2466 36
2467 46
2468 40
2469 55
2470 47
2471 44
2472 52
2473 53
2474 25
2475 53
2476 17
2477 38
2478 30
2479 45
2480 47
2481 15
2482 58
2483 54
2484 57
2485 52
2486 57
2487 44
2488 40
2489 43
2490 39
2491 56
2492 49
2493 38
2494 57
2495 55
2496 57
2497 56
2498 51
2499 50
2500 49
2501 57
2502 44
2503 59
2504 20
2505 25
2506 57
2507 54
2508 59
2509 48
2510 53
2511 23
2512 52
2513 48
2514 53
2515 38
2516 10
2517 31
2518 22
2519 55
2520 47
2521 53
2522 39
2523 56
2524 56
2525 58
2526 49
2527 54
2528 57
2529 52
2530 60
2531 58
2532 36
2533 28
2534 54
2535 59
2536 48
2537 58
2538 48
2539 6
2540 57
2541 57
2542 20
2543 58
2544 43
2545 54
2546 53
2547 35
2548 56
2549 55
2550 56
2551 59
2552 28
2553 33
2554 52
2555 53
2556 56
2557 55
2558 59
2559 58
2560 31
2561 55
2562 60
2563 8
2564 41
2565 59
2566 58
2567 52
2568 37
2569 6
2570 43
2571 58
2572 41
2573 31
2574 53
2575 54
2576 54
2577 49
2578 57
2579 22
2580 59
2581 55
2582 58
2583 55
2584 60
2585 60
2586 60
2587 58
2588 57
2589 59
2590 28
2591 41
2592 26
2593 54
2594 47
2595 61
2596 53
2597 45
2598 46
2599 1
2600 39
2601 42
2602 11
2603 59
2604 58
2605 46
2606 51
2607 55
2608 58
2609 32
2610 60
2611 52
2612 59
2613 32
2614 36
2615 36
2616 57
2617 19
2618 59
2619 23
2620 59
2621 59
2622 56
2623 55
2624 51
2625 52
2626 18
2627 38
2628 8
2629 58
2630 49
2631 39
2632 61
2633 8
2634 60
2635 45
2636 60
2637 2
2638 56
2639 62
2640 58
2641 47
2642 60
2643 19
2644 57
2645 60
2646 53
2647 31
2648 41
2649 28
2650 11
2651 55
2652 62
2653 59
2654 38
2655 59
2656 33
2657 56
2658 59
2659 26
2660 54
2661 57
2662 53
2663 40
2664 24
2665 61
2666 54
2667 54
2668 2
2669 57
2670 60
2671 40
2672 53
2673 53
2674 20
2675 58
2676 56
2677 58
2678 47
2679 57
2680 52
2681 27
2682 48
2683 28
2684 2
2685 52
2686 56
2687 43
2688 60
2689 24
2690 61
2691 8
2692 21
2693 8
2694 56
2695 58
2696 48
2697 57
2698 58
2699 58
2700 61
2701 60
2702 37
2703 48
2704 61
2705 56
2706 56
2707 57
2708 56
2709 33
2710 55
2711 15
2712 11
2713 59
2714 60
2715 61
2716 58
2717 62
2718 59
2719 33
2720 61
2721 61
2722 60
2723 61
2724 61
2725 10
2726 10
2727 1
2728 8
2729 58
2730 46
2731 49
2732 54
2733 42
2734 60
2735 27
2736 61
2737 58
2738 42
2739 62
2740 23
2741 62
2742 63
2743 30
2744 62
2745 39
2746 54
2747 62
2748 53
2749 62
2750 59
2751 25
2752 51
2753 61
2754 58
2755 49
2756 17
2757 52
2758 56
2759 61
2760 40
2761 1
2762 37
2763 57
2764 47
2765 11
2766 59
2767 58
2768 58
2769 56
2770 62
2771 58
2772 37
2773 56
2774 26
2775 54
2776 60
2777 60
2778 48
2779 40
2780 57
2781 59
2782 54
2783 46
2784 54
2785 57
2786 54
2787 36
2788 60
2789 63
2790 61
2791 51
2792 60
2793 36
2794 63
2795 56
2796 59
2797 45
2798 27
2799 62
2800 62
2801 50
2802 63
2803 61
2804 18
2805 23
2806 58
2807 38
2808 62
2809 62
2810 63
2811 64
2812 26
2813 61
2814 31
2815 61
2816 48
2817 63
2818 55
2819 57
2820 61
2821 61
2822 37
2823 58
2824 62
2825 63
2826 59
2827 56
2828 55
2829 2
2830 64
2831 53
2832 59
2833 63
2834 39
2835 35
2836 41
2837 47
2838 65
2839 64
2840 60
2841 58
2842 57
2843 56
2844 60
2845 50
2846 64
2847 3
2848 30
2849 64
2850 58
2851 57
2852 65
2853 65
2854 29
2855 49
2856 53
2857 20
2858 58
2859 62
2860 64
2861 52
2862 63
2863 56
2864 61
2865 59
2866 16
2867 55
2868 4
2869 59
2870 44
2871 50
2872 50
2873 65
2874 41
2875 65
2876 59
2877 66
2878 65
2879 5
2880 59
2881 47
2882 59
2883 51
2884 62
2885 60
2886 51
2887 51
2888 62
2889 54
2890 60
2891 42
2892 64
2893 39
2894 21
2895 64
2896 63
2897 66
2898 50
2899 58
2900 44
2901 64
2902 23
2903 46
2904 50
2905 62
2906 57
2907 45
2908 63
2909 35
2910 59
2911 50
2912 63
2913 49
2914 1
2915 62
2916 44
2917 15
2918 31
2919 65
2920 55
2921 35
2922 4
2923 60
2924 52
2925 8
2926 65
2927 48
2928 52
2929 39
2930 41
2931 65
2932 46
2933 58
2934 31
2935 50
2936 55
2937 63
2938 50
2939 43
2940 64
2941 35
2942 63
2943 66
2944 59
2945 61
2946 63
2947 63
2948 61
2949 62
2950 63
2951 37
2952 61
2953 25
2954 62
2955 65
2956 64
2957 60
2958 62
2959 35
2960 14
2961 60
2962 57
2963 21
2964 60
2965 62
2966 42
2967 57
2968 64
2969 48
2970 2
2971 52
2972 50
2973 59
2974 66
2975 66
2976 34
2977 63
2978 44
2979 56
2980 21
2981 64
2982 64
2983 32
2984 67
2985 59
2986 45
2987 56
2988 53
2989 29
2990 65
2991 7
2992 53
2993 47
2994 48
2995 40
2996 48
2997 46
2998 61
2999 44
3000 30
3001 7
3002 42
3003 64
3004 53
3005 66
3006 25
3007 54
3008 48
3009 65
3010 66
3011 64
3012 33
3013 67
3014 62
3015 54
3016 58
3017 60
3018 57
3019 41
3020 63
3021 48
3022 60
3023 7
3024 13
3025 60
3026 55
3027 61
3028 64
3029 67
3030 11
3031 61
3032 64
3033 64
3034 39
3035 64
3036 65
3037 51
3038 64
3039 66
3040 44
3041 34
3042 30
3043 21
3044 67
3045 29
3046 63
3047 59
3048 47
3049 57
3050 60
3051 29
3052 37
3053 62
3054 66
3055 32
3056 44
3057 68
3058 65
3059 62
3060 36
3061 67
3062 44
3063 67
3064 3
3065 62
3066 67
3067 63
3068 61
3069 60
3070 48
3071 51
3072 67
3073 42
3074 68
3075 55
3076 59
3077 62
3078 47
3079 36
3080 63
3081 65
3082 43
3083 54
3084 35
3085 65
3086 62
3087 69
3088 29
3089 43
3090 42
3091 40
3092 57
3093 58
3094 67
3095 41
3096 19
3097 63
3098 68
3099 64
3100 67
3101 66
3102 20
3103 66
3104 40
3105 11
3106 63
3107 67
3108 48
3109 54
3110 67
3111 51
3112 64
3113 60
3114 61
3115 66
3116 69
3117 29
3118 50
3119 33
3120 66
3121 4
3122 61
3123 30
3124 61
3125 32
3126 67
3127 55
3128 68
3129 14
3130 30
3131 39
3132 68
3133 59
3134 56
3135 67
3136 68
3137 65
3138 12
3139 69
3140 62
3141 68
3142 66
3143 66
3144 65
3145 46
3146 67
3147 68
3148 65
3149 58
3150 66
3151 50
3152 25
3153 31
3154 28
3155 45
3156 17
3157 64
3158 68
3159 53
3160 62
3161 42
3162 63
3163 42
3164 66
3165 64
3166 49
3167 59
3168 69
3169 70
3170 57
3171 66
3172 63
3173 40
3174 24
3175 52
3176 68
3177 24
3178 69
3179 59
3180 65
3181 69
3182 67
3183 51
3184 16
3185 68
3186 64
3187 50
3188 62
3189 67
3190 69
3191 66
3192 69
3193 66
3194 60
3195 18
3196 49
3197 38
3198 60
3199 68
3200 20
3201 54
3202 17
3203 44
3204 55
3205 1
3206 34
3207 68
3208 43
3209 54
3210 63
3211 51
3212 57
3213 31
3214 66
3215 69
3216 65
3217 65
3218 65
3219 64
3220 64
3221 68
3222 71
3223 34
3224 70
3225 10
3226 61
3227 52
3228 67
3229 60
3230 64
3231 66
3232 70
3233 25
3234 60
3235 66
3236 65
3237 47
3238 69
3239 68
3240 70
3241 4
3242 71
3243 48
3244 55
3245 68
3246 68
3247 63
3248 63
3249 69
3250 69
3251 64
3252 45
3253 38
3254 70
3255 70
3256 67
3257 68
3258 69
3259 71
3260 66
3261 65
3262 2
3263 40
3264 63
3265 59
3266 67
3267 68
3268 66
3269 18
3270 72
3271 72
3272 67
3273 27
3274 33
3275 45
3276 70
3277 71
3278 70
3279 48
3280 46
3281 22
3282 69
3283 46
3284 53
3285 37
3286 67
3287 34
3288 70
3289 55
3290 16
3291 65
3292 71
3293 18
3294 21
3295 62
3296 47
3297 65
3298 62
3299 34
3300 66
3301 53
3302 58
3303 71
3304 14
3305 72
3306 67
3307 10
3308 34
3309 36
3310 71
3311 70
3312 69
3313 70
3314 63
3315 71
3316 69
3317 70
3318 20
3319 30
3320 68
3321 70
3322 63
3323 54
3324 71
3325 30
3326 68
3327 18
3328 71
3329 63
3330 51
3331 53
3332 70
3333 40
3334 70
3335 60
3336 56
3337 2
3338 68
3339 70
3340 53
3341 57
3342 29
3343 8
3344 68
3345 5
3346 53
3347 65
3348 28
3349 61
3350 70
3351 21
3352 73
3353 67
3354 15
3355 47
3356 69
3357 33
3358 49
3359 71
3360 63
3361 66
3362 49
3363 69
3364 57
3365 72
3366 46
3367 66
3368 64
3369 70
3370 72
3371 65
3372 71
3373 73
3374 31
3375 72
3376 64
3377 43
3378 13
3379 14
3380 73
3381 53
3382 73
3383 71
3384 72
3385 68
3386 73
3387 51
3388 16
3389 67
3390 74
3391 69
3392 72
3393 45
3394 66
3395 37
3396 72
3397 68
3398 23
3399 59
3400 45
3401 73
3402 72
3403 74
3404 67
3405 69
3406 71
3407 73
3408 57
3409 12
3410 60
3411 70
3412 68
3413 71
3414 72
3415 24
3416 61
3417 74
3418 67
3419 73
3420 39
3421 71
3422 65
3423 72
3424 70
3425 69
3426 73
3427 43
3428 72
3429 22
3430 71
3431 56
3432 72
3433 48
3434 23
3435 43
3436 24
3437 71
3438 66
3439 71
3440 33
3441 73
3442 72
3443 74
3444 24
3445 28
3446 72
3447 71
3448 57
3449 73
3450 61
3451 9
3452 29
3453 70
3454 70
3455 75
3456 56
3457 61
3458 72
3459 70
3460 57
3461 55
3462 68
3463 73
3464 71
3465 66
3466 5
3467 71
3468 69
3469 69
3470 17
3471 63
3472 63
3473 66
3474 54
3475 73
3476 70
3477 61
3478 31
3479 74
3480 37
3481 67
3482 40
3483 14
3484 74
3485 54
3486 70
3487 74
3488 64
3489 69
3490 66
3491 74
3492 4
3493 2
3494 6
3495 56
3496 73
3497 72
3498 75
3499 72
3500 74
3501 28
3502 63
3503 73
3504 73
3505 46
3506 34
3507 67
3508 65
3509 69
3510 38
3511 70
3512 74
3513 72
3514 18
3515 69
3516 13
3517 10
3518 69
3519 59
3520 56
3521 70
3522 73
3523 70
3524 74
3525 24
3526 75
3527 61
3528 63
3529 57
3530 75
3531 58
3532 76
3533 66
3534 74
3535 59
3536 64
3537 61
3538 76
3539 77
3540 75
3541 33
3542 69
3543 64
3544 76
3545 68
3546 61
3547 65
3548 74
3549 71
3550 66
3551 77
3552 4
3553 12
3554 11
3555 74
3556 73
3557 73
3558 15
3559 16
3560 71
3561 73
3562 35
3563 62
3564 9
3565 33
3566 32
3567 75
3568 11
3569 74
3570 75
3571 75
3572 75
3573 10
3574 75
3575 40
3576 65
3577 52
3578 68
3579 9
3580 9
3581 35
3582 75
3583 72
3584 55
3585 34
3586 72
3587 67
3588 46
3589 54
3590 51
3591 74
3592 43
3593 76
3594 71
3595 40
3596 59
3597 46
3598 58
3599 75
3600 71
3601 70
3602 74
3603 76
3604 57
3605 60
3606 57
3607 44
3608 4
3609 65
3610 72
3611 74
3612 43
3613 54
3614 71
3615 74
3616 75
3617 5
3618 73
3619 77
3620 59
3621 70
3622 47
3623 60
3624 66
3625 74
3626 75
3627 73
3628 76
3629 68
3630 75
3631 78
3632 38
3633 77
3634 76
3635 2
3636 45
3637 75
3638 70
3639 75
3640 39
3641 67
3642 71
3643 7
3644 76
3645 78
3646 63
3647 56
3648 70
3649 64
3650 19
3651 46
3652 74
3653 49
3654 76
3655 76
3656 76
3657 76
3658 75
3659 77
3660 74
3661 75
3662 62
3663 78
3664 78
3665 69
3666 42
3667 77
3668 71
3669 49
3670 68
3671 47
3672 8
3673 64
3674 74
3675 32
3676 73
3677 35
3678 78
3679 79
3680 67
3681 39
3682 71
3683 2
3684 25
3685 65
3686 68
3687 77
3688 79
3689 56
3690 66
3691 77
3692 79
3693 66
3694 76
3695 11
3696 75
3697 70
3698 79
3699 67
3700 61
3701 76
3702 78
3703 75
3704 20
3705 64
3706 23
3707 65
3708 10
3709 77
3710 76
3711 72
3712 77
3713 35
3714 58
3715 36
3716 79
3717 49
3718 17
3719 20
3720 61
3721 66
3722 67
3723 77
3724 79
3725 76
3726 72
3727 78
3728 68
3729 60
3730 69
3731 69
3732 1
3733 75
3734 16
3735 80
3736 69
3737 76
3738 54
3739 64
3740 73
3741 72
3742 52
3743 70
3744 75
3745 64
3746 40
3747 55
3748 77
3749 63
3750 76
3751 69
3752 63
3753 12
3754 73
3755 41
3756 61
3757 55
3758 51
3759 72
3760 71
3761 75
3762 62
3763 39
3764 53
3765 79
3766 75
3767 5
3768 40
3769 75
3770 78
3771 77
3772 77
3773 66
3774 74
3775 78
3776 76
3777 80
3778 78
3779 23
3780 78
3781 65
3782 58
3783 65
3784 27
3785 43
3786 71
3787 47
3788 18
3789 80
3790 15
3791 77
3792 62
3793 21
3794 73
3795 70
3796 80
3797 56
3798 81
3799 78
3800 32
3801 31
3802 60
3803 77
3804 45
3805 69
3806 40
3807 74
3808 79
3809 76
3810 68
3811 41
3812 78
3813 53
3814 78
3815 76
3816 63
3817 24
3818 35
3819 36
3820 5
3821 68
3822 67
3823 44
3824 74
3825 78
3826 72
3827 64
3828 78
3829 15
3830 37
3831 77
3832 73
3833 66
3834 34
3835 73
3836 70
3837 28
3838 76
3839 68
3840 79
3841 72
3842 64
3843 79
3844 73
3845 72
3846 79
3847 80
3848 81
3849 26
3850 29
3851 70
3852 71
3853 79
3854 32
3855 40
3856 76
3857 9
3858 81
3859 74
3860 77
3861 81
3862 73
3863 55
3864 74
3865 49
3866 64
3867 63
3868 82
3869 41
3870 80
3871 60
3872 13
3873 80
3874 80
3875 62
3876 73
3877 72
3878 8
3879 55
3880 80
3881 79
3882 74
3883 16
3884 61
3885 78
3886 80
3887 52
3888 45
3889 76
3890 49
3891 76
3892 76
3893 80
3894 79
3895 79
3896 73
3897 82
3898 81
3899 81
3900 74
3901 64
3902 82
3903 36
3904 77
3905 74
3906 71
3907 67
3908 80
3909 76
3910 79
3911 48
3912 21
3913 81
3914 81
3915 81
3916 79
3917 78
3918 82
3919 50
3920 77
3921 82
3922 68
3923 78
3924 79
3925 73
3926 69
3927 82
3928 82
3929 53
3930 59
3931 76
3932 6
3933 74
3934 65
3935 64
3936 70
3937 52
3938 79
3939 69
3940 54
3941 76
3942 25
3943 69
3944 82
3945 68
3946 76
3947 38
3948 78
3949 32
3950 59
3951 78
3952 80
3953 62
3954 9
3955 81
3956 82
3957 76
3958 62
3959 83
3960 77
3961 78
3962 83
3963 79
3964 79
3965 81
3966 74
3967 23
3968 80
3969 71
3970 69
3971 58
3972 76
3973 74
3974 62
3975 79
3976 81
3977 63
3978 55
3979 73
3980 40
3981 79
3982 71
3983 81
3984 49
3985 82
3986 61
3987 52
3988 73
3989 43
3990 74
3991 71
3992 81
3993 72
3994 83
3995 80
3996 81
3997 73
3998 75
3999 53
4000 55
4001 68
4002 82
4003 74
4004 82
4005 80
4006 65
4007 52
4008 80
4009 69
4010 83
4011 37
4012 67
4013 82
4014 66
4015 81
4016 76
4017 78
4018 75
4019 16
4020 82
4021 62
4022 54
4023 64
4024 73
4025 46
4026 13
4027 81
4028 83
4029 4
4030 84
4031 41
4032 69
4033 51
4034 78
4035 79
4036 75
4037 83
4038 83
4039 80
4040 79
4041 67
4042 67
4043 74
4044 27
4045 51
4046 83
4047 13
4048 82
4049 32
4050 49
4051 84
4052 55
4053 13
4054 79
4055 80
4056 53
4057 33
4058 44
4059 81
4060 79
4061 81
4062 65
4063 67
4064 85
4065 81
4066 72
4067 84
4068 74
4069 72
4070 83
4071 44
4072 80
4073 7
4074 27
4075 66
4076 84
4077 82
4078 14
4079 72
4080 71
4081 77
4082 83
4083 21
4084 16
4085 80
4086 56
4087 34
4088 82
4089 81
4090 79
4091 4
4092 72
4093 81
4094 71
4095 83
4096 62
4097 68
4098 22
4099 25
4100 83
4101 84
4102 26
4103 80
4104 69
4105 84
4106 71
4107 84
4108 80
4109 84
4110 85
4111 7
4112 83
4113 55
4114 30
4115 75
4116 77
4117 86
4118 84
4119 85
4120 82
4121 75
4122 48
4123 82
4124 33
4125 77
4126 61
4127 78
4128 76
4129 65
4130 86
4131 75
4132 56
4133 84
4134 75
4135 79
4136 83
4137 84
4138 20
4139 21
4140 79
4141 86
4142 78
4143 69
4144 81
4145 73
4146 80
4147 79
4148 46
4149 85
4150 85
4151 49
4152 82
4153 85
4154 78
4155 83
4156 54
4157 39
4158 84
4159 80
4160 73
4161 84
4162 83
4163 62
4164 55
4165 5
4166 54
4167 75
4168 5
4169 73
4170 78
4171 85
4172 87
4173 17
4174 84
4175 68
4176 66
4177 85
4178 83
4179 80
4180 50
4181 67
4182 86
4183 72
4184 86
4185 83
4186 58
4187 71
4188 81
4189 87
4190 86
4191 78
4192 69
4193 79
4194 15
4195 77
4196 77
4197 35
4198 3
4199 80
4200 59
4201 86
4202 85
4203 58
4204 86
4205 66
4206 86
4207 25
4208 51
4209 87
4210 18
4211 10
4212 77
4213 85
4214 60
4215 54
4216 36
4217 72
4218 59
4219 86
4220 85
4221 69
4222 47
4223 87
4224 68
4225 16
4226 61
4227 84
4228 47
4229 47
4230 57
4231 75
4232 41
4233 77
4234 80
4235 87
4236 86
4237 78
4238 57
4239 52
4240 35
4241 78
4242 81
4243 88
4244 76
4245 82
4246 60
4247 85
4248 30
4249 87
4250 88
4251 48
4252 58
4253 71
4254 85
4255 79
4256 69
4257 80
4258 82
4259 83
4260 78
4261 69
4262 88
4263 83
4264 85
4265 45
4266 80
4267 88
4268 70
4269 77
4270 38
4271 83
4272 51
4273 68
4274 84
4275 83
4276 22
4277 80
4278 85
4279 87
4280 81
4281 10
4282 82
4283 70
4284 88
4285 83
4286 85
4287 74
4288 37
4289 62
4290 87
4291 83
4292 84
4293 33
4294 84
4295 52
4296 69
4297 73
4298 86
4299 86
4300 82
4301 78
4302 59
4303 72
4304 89
4305 71
4306 72
4307 81
4308 77
4309 56
4310 3
4311 66
4312 82
4313 80
4314 80
4315 86
4316 87
4317 84
4318 89
4319 84
4320 28
4321 77
4322 75
4323 68
4324 73
4325 69
4326 1
4327 86
4328 85
4329 82
4330 85
4331 84
4332 79
4333 68
4334 72
4335 85
4336 78
4337 84
4338 83
4339 58
4340 88
4341 74
4342 90
4343 85
4344 66
4345 88
4346 45
4347 70
4348 87
4349 91
4350 73
4351 71
4352 86
4353 85
4354 78
4355 84
4356 87
4357 86
4358 77
4359 63
4360 88
4361 85
4362 86
4363 86
4364 66
4365 62
4366 24
4367 30
4368 75
4369 85
4370 87
4371 85
4372 89
4373 62
4374 82
4375 63
4376 77
4377 89
4378 85
4379 19
4380 83
4381 61
4382 88
4383 78
4384 9
4385 89
4386 12
4387 83
4388 87
4389 84
4390 89
4391 78
4392 46
4393 35
4394 44
4395 16
4396 83
4397 60
4398 87
4399 87
4400 77
4401 89
4402 81
4403 26
4404 81
4405 89
4406 79
4407 88
4408 36
4409 50
4410 87
4411 88
4412 77
4413 88
4414 90
4415 57
4416 84
4417 5
4418 79
4419 70
4420 78
4421 69
4422 26
4423 82
4424 87
4425 89
4426 86
4427 83
4428 88
4429 90
4430 44
4431 91
4432 37
4433 85
4434 80
4435 81
4436 78
4437 81
4438 53
4439 83
4440 81
4441 45
4442 82
4443 49
4444 8
4445 88
4446 83
4447 87
4448 82
4449 22
4450 85
4451 74
4452 75
4453 88
4454 76
4455 84
4456 36
4457 87
4458 86
4459 64
4460 84
4461 43
4462 55
4463 7
4464 55
4465 46
4466 12
4467 72
4468 49
4469 89
4470 83
4471 56
4472 76
4473 81
4474 28
4475 68
4476 22
4477 16
4478 67
4479 88
4480 21
4481 18
4482 85
4483 73
4484 79
4485 75
4486 90
4487 91
4488 67
4489 87
4490 72
4491 86
4492 76
4493 77
4494 80
4495 72
4496 70
4497 84
4498 84
4499 90
4500 87
4501 25
4502 71
4503 3
4504 87
4505 90
4506 77
4507 89
4508 90
4509 88
4510 90
4511 67
4512 88
4513 49
4514 58
4515 86
4516 46
4517 65
4518 54
4519 91
4520 37
4521 70
4522 89
4523 90
4524 38
4525 88
4526 86
4527 29
4528 91
4529 74
4530 17
4531 83
4532 76
4533 91
4534 91
4535 1
4536 76
4537 89
4538 57
4539 86
4540 45
4541 30
4542 87
4543 90
4544 90
4545 81
4546 82
4547 90
4548 71
4549 90
4550 91
4551 13
4552 89
4553 34
4554 67
4555 44
4556 82
4557 83
4558 34
4559 86
4560 61
4561 70
4562 61
4563 82
4564 91
4565 88
4566 57
4567 35
4568 87
4569 91
4570 89
4571 89
4572 73
4573 1
4574 79
4575 87
4576 74
4577 91
4578 79
4579 87
4580 88
4581 63
4582 70
4583 90
4584 92
4585 51
4586 91
4587 89
4588 90
4589 92
4590 92
4591 91
4592 37
4593 83
4594 91
4595 81
4596 85
4597 83
4598 20
4599 2
4600 60
4601 82
4602 11
4603 93
4604 12
4605 81
4606 42
4607 89
4608 88
4609 81
4610 84
4611 84
4612 85
4613 91
4614 91
4615 14
4616 71
4617 92
4618 9
4619 70
4620 19
4621 80
4622 92
4623 90
4624 86
4625 78
4626 83
4627 84
4628 51
4629 64
4630 63
4631 50
4632 84
4633 19
4634 93
4635 93
4636 77
4637 75
4638 86
4639 24
4640 76
4641 87
4642 57
4643 74
4644 93
4645 85
4646 94
4647 93
4648 5
4649 92
4650 72
4651 66
4652 90
4653 77
4654 31
4655 87
4656 89
4657 90
4658 89
4659 94
4660 84
4661 92
4662 93
4663 78
4664 92
4665 60
4666 53
4667 82
4668 94
4669 78
4670 92
4671 76
4672 88
4673 73
4674 80
4675 94
4676 64
4677 67
4678 87
4679 43
4680 95
4681 79
4682 17
4683 75
4684 82
4685 89
4686 79
4687 65
4688 76
4689 91
4690 93
4691 92
4692 89
4693 88
4694 4
4695 87
4696 90
4697 52
4698 51
4699 94
4700 14
4701 11
4702 84
4703 56
4704 95
4705 74
4706 83
4707 59
4708 79
4709 60
4710 90
4711 73
4712 88
4713 93
4714 46
4715 95
4716 38
4717 92
4718 85
4719 92
4720 95
4721 93
4722 66
4723 92
4724 80
4725 91
4726 87
4727 95
4728 94
4729 82
4730 91
4731 36
4732 92
4733 95
4734 64
4735 90
4736 25
4737 86
4738 78
4739 51
4740 42
4741 92
4742 78
4743 86
4744 55
4745 49
4746 77
4747 33
4748 72
4749 91
4750 94
4751 43
4752 96
4753 96
4754 94
4755 94
4756 91
4757 93
4758 91
4759 86
4760 93
4761 89
4762 81
4763 51
4764 90
4765 55
4766 54
4767 63
4768 79
4769 87
4770 37
4771 80
4772 93
4773 93
4774 49
4775 80
4776 92
4777 93
4778 74
4779 74
4780 87
4781 39
4782 88
4783 96
4784 14
4785 89
4786 12
4787 40
4788 86
4789 93
4790 66
4791 67
4792 93
4793 89
4794 84
4795 95
4796 92
4797 73
4798 65
4799 78
4800 47
4801 75
4802 28
4803 26
4804 92
4805 94
4806 89
4807 81
4808 81
4809 93
4810 85
4811 92
4812 69
4813 39
4814 91
4815 84
4816 95
4817 94
4818 91
4819 91
4820 91
4821 90
4822 91
4823 78
4824 94
4825 95
4826 79
4827 6
4828 88
4829 88
4830 27
4831 78
4832 92
4833 80
4834 88
4835 81
4836 61
4837 90
4838 49
4839 94
4840 5
4841 93
4842 92
4843 96
4844 93
4845 89
4846 84
4847 86
4848 13
4849 89
4850 21
4851 94
4852 93
4853 81
4854 97
4855 84
4856 1
4857 75
4858 58
4859 93
4860 47
4861 11
4862 82
4863 95
4864 97
4865 96
4866 66
4867 94
4868 89
4869 61
4870 55
4871 89
4872 73
4873 96
4874 51
4875 80
4876 63
4877 83
4878 96
4879 92
4880 50
4881 82
4882 66
4883 85
4884 69
4885 92
4886 96
4887 96
4888 62
4889 39
4890 18
4891 95
4892 95
4893 94
4894 81
4895 28
4896 70
4897 95
4898 63
4899 91
4900 67
4901 94
4902 91
4903 97
4904 82
4905 86
4906 85
4907 93
4908 87
4909 57
4910 97
4911 88
4912 75
4913 90
4914 93
4915 93
4916 40
4917 85
4918 86
4919 83
4920 75
4921 97
4922 85
4923 97
4924 89
4925 88
4926 92
4927 88
4928 65
4929 81
4930 94
4931 94
4932 46
4933 21
4934 96
4935 32
4936 16
4937 87
4938 90
4939 30
4940 25
4941 88
4942 96
4943 55
4944 52
4945 88
4946 94
4947 11
4948 98
4949 52
4950 72
4951 89
4952 86
4953 93
4954 93
4955 96
4956 94
4957 88
4958 95
4959 90
4960 78
4961 50
4962 58
4963 90
4964 46
4965 88
4966 79
4967 97
4968 98
4969 92
4970 96
4971 94
4972 98
4973 53
4974 96
4975 16
4976 99
4977 68
4978 96
4979 98
4980 46
4981 95
4982 96
4983 98
4984 96
4985 97
4986 61
4987 98
4988 95
4989 45
4990 94
4991 29
4992 90
4993 50
4994 94
4995 90
4996 77
4997 85
4998 96
4999 80
