100 21 50
0 20
1 19
2 2
3 21
4 17
5 14
6 6
7 19
8 12
9 19
10 13
11 18
12 18
13 1
14 20
15 16
16 4
17 16
18 5
19 17
20 18
21 17
22 2
23 15
24 16
25 10
26 19
27 11
28 17
29 14
30 10
31 18
32 10
33 13
34 8
35 15
36 14
37 17
38 16
39 1
40 14
41 11
42 9
43 15
44 14
45 14
46 8
47 13
48 7
49 12
50 9
51 1
52 11
53 6
54 13
55 10
56 4
57 12
58 8
59 9
60 7
61 12
62 5
63 11
64 4
65 3
66 11
67 6
68 10
69 7
70 7
71 1
72 7
73 3
74 6
75 2
76 9
77 8
78 7
79 9
80 8
81 7
82 6
83 6
84 2
85 5
86 5
87 4
88 3
89 4
90 5
91 3
92 4
93 2
94 2
95 3
96 1
97 2
98 1
99 1
