250 62 175
0 43
1 23
2 61
3 60
4 16
5 55
6 60
7 41
8 62
9 59
10 61
11 57
12 37
13 60
14 34
15 59
16 54
17 57
18 12
19 57
20 31
21 55
22 56
23 58
24 29
25 39
26 56
27 58
28 50
29 57
30 29
31 56
32 45
33 49
34 44
35 19
36 53
37 9
38 52
39 55
40 40
41 54
42 47
43 51
44 44
45 53
46 53
47 38
48 51
49 46
50 40
51 52
52 52
53 3
54 51
55 49
56 45
57 50
58 6
59 5
60 48
61 42
62 50
63 47
64 49
65 43
66 44
67 45
68 48
69 44
70 26
71 28
72 46
73 46
74 48
75 47
76 43
77 37
78 17
79 35
80 31
81 28
82 31
83 45
84 46
85 45
86 1
87 44
88 41
89 27
90 37
91 40
92 43
93 33
94 41
95 39
96 33
97 32
98 42
99 43
100 8
101 42
102 34
103 36
104 41
105 40
106 35
107 25
108 21
109 23
110 15
111 7
112 39
113 30
114 36
115 38
116 39
117 37
118 2
119 38
120 6
121 38
122 26
123 37
124 11
125 35
126 36
127 22
128 32
129 35
130 34
131 14
132 19
133 34
134 30
135 19
136 32
137 33
138 25
139 31
140 23
141 28
142 33
143 32
144 13
145 27
146 1
147 24
148 9
149 21
150 32
151 20
152 14
153 13
154 31
155 30
156 29
157 20
158 29
159 28
160 30
161 11
162 29
163 28
164 25
165 24
166 12
167 18
168 26
169 2
170 4
171 27
172 18
173 27
174 24
175 13
176 5
177 26
178 10
179 25
180 20
181 8
182 22
183 22
184 24
185 23
186 20
187 20
188 16
189 23
190 15
191 12
192 21
193 6
194 22
195 16
196 19
197 21
198 17
199 12
200 18
201 20
202 19
203 18
204 15
205 17
206 7
207 17
208 13
209 14
210 16
211 15
212 14
213 9
214 9
215 8
216 2
217 13
218 11
219 13
220 11
221 7
222 4
223 10
224 12
225 10
226 5
227 11
228 8
229 7
230 5
231 1
232 6
233 10
234 9
235 1
236 8
237 6
238 4
239 3
240 3
241 7
242 6
243 5
244 4
245 2
246 3
247 2
248 1
249 1
