250 43 125
0 43
1 16
2 42
3 8
4 40
5 40
6 37
7 38
8 35
9 39
10 38
11 41
12 42
13 25
14 41
15 40
16 37
17 36
18 37
19 32
20 18
21 31
22 39
23 38
24 29
25 10
26 36
27 25
28 36
29 38
30 39
31 37
32 33
33 17
34 34
35 24
36 33
37 38
38 30
39 35
40 17
41 35
42 34
43 34
44 26
45 37
46 33
47 36
48 36
49 27
50 8
51 35
52 32
53 14
54 23
55 1
56 27
57 14
58 19
59 35
60 34
61 27
62 34
63 32
64 31
65 33
66 26
67 33
68 28
69 25
70 30
71 20
72 12
73 31
74 3
75 21
76 32
77 29
78 20
79 31
80 30
81 30
82 14
83 21
84 26
85 27
86 24
87 32
88 14
89 31
90 31
91 5
92 9
93 30
94 24
95 20
96 29
97 8
98 29
99 23
100 28
101 6
102 31
103 30
104 5
105 26
106 28
107 9
108 29
109 27
110 13
111 23
112 10
113 22
114 18
115 27
116 21
117 25
118 7
119 28
120 21
121 28
122 16
123 27
124 12
125 7
126 23
127 26
128 25
129 15
130 19
131 24
132 22
133 21
134 18
135 25
136 24
137 19
138 24
139 17
140 15
141 11
142 23
143 22
144 22
145 19
146 14
147 23
148 22
149 18
150 21
151 21
152 15
153 20
154 19
155 20
156 16
157 20
158 15
159 16
160 13
161 12
162 4
163 8
164 15
165 2
166 18
167 17
168 12
169 10
170 7
171 16
172 19
173 18
174 4
175 17
176 8
177 17
178 17
179 14
180 2
181 16
182 12
183 3
184 13
185 16
186 11
187 15
188 13
189 4
190 15
191 7
192 13
193 14
194 14
195 11
196 13
197 1
198 5
199 6
200 12
201 10
202 12
203 1
204 11
205 9
206 9
207 5
208 11
209 10
210 11
211 10
212 2
213 3
214 7
215 6
216 9
217 10
218 8
219 9
220 4
221 3
222 8
223 7
224 7
225 2
226 5
227 6
228 6
229 8
230 4
231 7
232 6
233 4
234 2
235 5
236 4
237 3
238 5
239 1
240 1
241 4
242 2
243 2
244 3
245 1
246 3
247 2
248 1
249 1
