5000 98 460
0 47
1 37
2 94
3 91
4 97
5 51
6 85
7 53
8 91
9 72
10 97
11 96
12 98
13 58
14 95
15 94
16 95
17 92
18 71
19 94
20 81
21 97
22 69
23 25
24 38
25 88
26 93
27 87
28 97
29 96
30 98
31 64
32 4
33 65
34 95
35 88
36 97
37 67
38 30
39 88
40 46
41 78
42 77
43 98
44 48
45 95
46 34
47 90
48 86
49 86
50 85
51 94
52 92
53 92
54 85
55 94
56 86
57 87
58 74
59 59
60 33
61 68
62 94
63 94
64 89
65 93
66 96
67 78
68 88
69 93
70 89
71 74
72 74
73 31
74 16
75 91
76 84
77 92
78 84
79 36
80 96
81 10
82 74
83 73
84 94
85 37
86 13
87 94
88 95
89 39
90 95
91 87
92 54
93 93
94 77
95 76
96 94
97 81
98 85
99 38
100 42
101 61
102 97
103 21
104 96
105 49
106 27
107 92
108 47
109 93
110 93
111 69
112 68
113 69
114 93
115 95
116 84
117 70
118 75
119 87
120 72
121 69
122 89
123 91
124 15
125 49
126 23
127 58
128 54
129 73
130 89
131 96
132 4
133 26
134 41
135 97
136 27
137 93
138 87
139 90
140 28
141 89
142 76
143 94
144 18
145 25
146 97
147 82
148 93
149 95
150 89
151 78
152 83
153 93
154 65
155 13
156 93
157 91
158 92
159 18
160 97
161 90
162 90
163 81
164 84
165 86
166 93
167 93
168 82
169 90
170 56
171 63
172 17
173 80
174 65
175 32
176 94
177 79
178 94
179 96
180 53
181 94
182 14
183 6
184 78
185 88
186 91
187 93
188 91
189 51
190 65
191 91
192 42
193 34
194 94
195 45
196 45
197 62
198 87
199 62
200 75
201 47
202 57
203 82
204 83
205 48
206 81
207 91
208 86
209 80
210 83
211 96
212 55
213 96
214 92
215 95
216 70
217 76
218 57
219 95
220 46
221 91
222 91
223 92
224 90
225 91
226 57
227 78
228 94
229 90
230 91
231 88
232 94
233 92
234 59
235 90
236 80
237 95
238 79
239 74
240 90
241 5
242 96
243 93
244 86
245 90
246 74
247 90
248 70
249 15
250 92
251 92
252 85
253 93
254 63
255 1
256 92
257 28
258 82
259 95
260 95
261 82
262 72
263 94
264 71
265 67
266 93
267 87
268 69
269 66
270 80
271 75
272 90
273 11
274 33
275 85
276 69
277 94
278 46
279 21
280 92
281 57
282 92
283 77
284 92
285 81
286 73
287 79
288 79
289 94
290 85
291 94
292 82
293 93
294 50
295 46
296 90
297 79
298 90
299 74
300 89
301 92
302 95
303 33
304 89
305 75
306 76
307 36
308 91
309 87
310 64
311 67
312 88
313 84
314 87
315 31
316 13
317 62
318 69
319 88
320 94
321 93
322 89
323 42
324 82
325 63
326 83
327 79
328 84
329 90
330 36
331 77
332 83
333 93
334 93
335 90
336 84
337 80
338 70
339 92
340 93
341 91
342 64
343 56
344 87
345 93
346 93
347 42
348 4
349 53
350 63
351 92
352 77
353 73
354 90
355 20
356 94
357 53
358 35
359 56
360 61
361 71
362 93
363 18
364 91
365 56
366 85
367 59
368 78
369 85
370 87
371 52
372 11
373 72
374 1
375 80
376 69
377 88
378 92
379 91
380 89
381 91
382 77
383 94
384 71
385 72
386 91
387 86
388 89
389 92
390 69
391 90
392 63
393 77
394 93
395 89
396 91
397 92
398 88
399 86
400 69
401 92
402 88
403 90
404 81
405 91
406 82
407 84
408 71
409 87
410 57
411 90
412 35
413 66
414 85
415 71
416 89
417 89
418 90
419 56
420 89
421 28
422 91
423 82
424 44
425 84
426 90
427 84
428 93
429 24
430 38
431 92
432 92
433 90
434 91
435 82
436 86
437 34
438 83
439 82
440 51
441 72
442 91
443 92
444 87
445 68
446 87
447 81
448 58
449 75
450 91
451 91
452 88
453 90
454 84
455 85
456 86
457 81
458 83
459 85
460 86
461 85
462 38
463 69
464 25
465 90
466 79
467 52
468 88
469 65
470 83
471 87
472 84
473 25
474 91
475 92
476 90
477 90
478 78
479 79
480 54
481 80
482 86
483 86
484 18
485 79
486 88
487 89
488 90
489 90
490 35
491 65
492 89
493 91
494 84
495 83
496 82
497 82
498 90
499 90
500 75
501 3
502 54
503 45
504 84
505 71
506 70
507 89
508 88
509 85
510 89
511 32
512 89
513 91
514 80
515 86
516 47
517 88
518 49
519 90
520 53
521 89
522 34
523 85
524 31
525 86
526 87
527 90
528 67
529 89
530 47
531 90
532 88
533 54
534 89
535 68
536 58
537 65
538 75
539 81
540 53
541 88
542 75
543 85
544 79
545 82
546 7
547 86
548 89
549 44
550 83
551 44
552 88
553 89
554 85
555 71
556 55
557 38
558 69
559 87
560 89
561 89
562 77
563 87
564 85
565 68
566 89
567 85
568 81
569 88
570 88
571 87
572 88
573 74
574 45
575 77
576 87
577 26
578 83
579 60
580 50
581 63
582 76
583 88
584 89
585 41
586 50
587 83
588 88
589 14
590 83
591 83
592 87
593 21
594 85
595 85
596 75
597 75
598 79
599 88
600 81
601 87
602 85
603 51
604 86
605 79
606 75
607 42
608 87
609 35
610 81
611 84
612 87
613 88
614 82
615 22
616 46
617 88
618 86
619 2
620 89
621 79
622 19
623 76
624 81
625 89
626 68
627 77
628 89
629 85
630 82
631 72
632 87
633 78
634 80
635 76
636 87
637 87
638 85
639 87
640 84
641 87
642 88
643 79
644 69
645 85
646 79
647 53
648 87
649 77
650 88
651 81
652 88
653 80
654 16
655 67
656 21
657 80
658 78
659 73
660 70
661 81
662 10
663 80
664 81
665 80
666 78
667 85
668 38
669 83
670 74
671 27
672 16
673 70
674 86
675 78
676 79
677 86
678 82
679 87
680 44
681 23
682 80
683 88
684 86
685 88
686 18
687 82
688 84
689 85
690 70
691 71
692 5
693 72
694 58
695 87
696 70
697 46
698 6
699 86
700 79
701 75
702 85
703 42
704 45
705 68
706 62
707 50
708 27
709 87
710 83
711 25
712 32
713 84
714 60
715 29
716 84
717 62
718 84
719 80
720 75
721 58
722 47
723 87
724 80
725 19
726 82
727 86
728 82
729 60
730 5
731 86
732 83
733 73
734 84
735 73
736 85
737 40
738 64
739 70
740 72
741 81
742 84
743 49
744 84
745 86
746 85
747 64
748 8
749 51
750 46
751 5
752 82
753 88
754 65
755 60
756 2
757 67
758 25
759 87
760 84
761 46
762 8
763 86
764 84
765 49
766 87
767 71
768 73
769 44
770 64
771 3
772 39
773 71
774 78
775 85
776 86
777 62
778 79
779 84
780 64
781 60
782 85
783 65
784 76
785 32
786 66
787 19
788 81
789 86
790 86
791 79
792 81
793 45
794 83
795 52
796 79
797 85
798 80
799 82
800 76
801 80
802 84
803 52
804 43
805 76
806 86
807 84
808 75
809 81
810 85
811 81
812 79
813 64
814 54
815 86
816 73
817 82
818 83
819 79
820 86
821 85
822 60
823 64
824 29
825 59
826 79
827 64
828 80
829 55
830 65
831 64
832 74
833 38
834 64
835 67
836 51
837 59
838 81
839 14
840 61
841 4
842 84
843 42
844 85
845 77
846 21
847 69
848 60
849 74
850 73
851 48
852 77
853 82
854 68
855 84
856 78
857 80
858 77
859 19
860 33
861 60
862 84
863 83
864 73
865 86
866 52
867 83
868 82
869 82
870 40
871 63
872 84
873 75
874 83
875 85
876 7
877 43
878 83
879 81
880 75
881 72
882 83
883 82
884 83
885 68
886 82
887 48
888 35
889 49
890 82
891 83
892 83
893 84
894 84
895 65
896 54
897 78
898 79
899 83
900 81
901 82
902 56
903 77
904 46
905 83
906 71
907 45
908 66
909 84
910 75
911 43
912 77
913 85
914 51
915 5
916 81
917 25
918 85
919 78
920 61
921 76
922 83
923 78
924 32
925 58
926 75
927 74
928 79
929 81
930 58
931 65
932 74
933 23
934 60
935 82
936 46
937 80
938 83
939 83
940 76
941 71
942 85
943 81
944 28
945 54
946 23
947 75
948 73
949 73
950 69
951 16
952 82
953 74
954 80
955 44
956 82
957 67
958 78
959 83
960 81
961 54
962 46
963 67
964 75
965 80
966 66
967 78
968 51
969 80
970 80
971 77
972 84
973 77
974 65
975 66
976 73
977 83
978 70
979 75
980 77
981 61
982 78
983 75
984 79
985 43
986 80
987 48
988 48
989 70
990 61
991 60
992 83
993 82
994 81
995 78
996 84
997 61
998 76
999 70
1000 73
1001 84
1002 19
1003 56
1004 82
1005 76
1006 65
1007 37
1008 53
1009 81
1010 82
1011 82
1012 84
1013 36
1014 81
1015 82
1016 80
1017 71
1018 79
1019 80
1020 5
1021 73
1022 78
1023 75
1024 77
1025 80
1026 47
1027 77
1028 81
1029 41
1030 79
1031 82
1032 55
1033 67
1034 3
1035 73
1036 75
1037 83
1038 79
1039 71
1040 78
1041 79
1042 45
1043 82
1044 44
1045 82
1046 55
1047 78
1048 80
1049 46
1050 23
1051 79
1052 74
1053 35
1054 80
1055 68
1056 78
1057 21
1058 58
1059 65
1060 60
1061 70
1062 78
1063 81
1064 70
1065 83
1066 50
1067 76
1068 37
1069 68
1070 77
1071 81
1072 72
1073 60
1074 81
1075 53
1076 29
1077 79
1078 76
1079 32
1080 65
1081 76
1082 60
1083 67
1084 20
1085 61
1086 21
1087 77
1088 59
1089 78
1090 73
1091 59
1092 75
1093 81
1094 40
1095 54
1096 59
1097 82
1098 57
1099 78
1100 64
1101 78
1102 3
1103 70
1104 50
1105 43
1106 74
1107 79
1108 76
1109 76
1110 72
1111 60
1112 74
1113 80
1114 77
1115 10
1116 40
1117 73
1118 74
1119 58
1120 81
1121 78
1122 20
1123 78
1124 70
1125 29
1126 76
1127 57
1128 82
1129 24
1130 78
1131 79
1132 74
1133 77
1134 50
1135 49
1136 76
1137 66
1138 19
1139 81
1140 80
1141 80
1142 43
1143 80
1144 41
1145 55
1146 77
1147 51
1148 61
1149 77
1150 80
1151 68
1152 6
1153 79
1154 79
1155 26
1156 71
1157 5
1158 72
1159 67
1160 76
1161 50
1162 73
1163 21
1164 77
1165 73
1166 40
1167 81
1168 52
1169 62
1170 67
1171 72
1172 80
1173 26
1174 76
1175 80
1176 60
1177 29
1178 33
1179 75
1180 78
1181 61
1182 75
1183 57
1184 74
1185 72
1186 78
1187 79
1188 76
1189 80
1190 48
1191 79
1192 34
1193 37
1194 76
1195 80
1196 77
1197 72
1198 78
1199 66
1200 77
1201 42
1202 76
1203 69
1204 26
1205 49
1206 2
1207 64
1208 74
1209 78
1210 71
1211 42
1212 70
1213 76
1214 74
1215 57
1216 78
1217 72
1218 79
1219 77
1220 54
1221 69
1222 70
1223 39
1224 79
1225 79
1226 55
1227 78
1228 70
1229 31
1230 51
1231 16
1232 3
1233 23
1234 73
1235 75
1236 35
1237 67
1238 75
1239 55
1240 74
1241 69
1242 60
1243 78
1244 48
1245 79
1246 75
1247 74
1248 78
1249 73
1250 79
1251 30
1252 29
1253 25
1254 77
1255 77
1256 76
1257 9
1258 78
1259 66
1260 72
1261 77
1262 75
1263 27
1264 24
1265 76
1266 72
1267 26
1268 28
1269 77
1270 61
1271 56
1272 58
1273 76
1274 78
1275 74
1276 19
1277 71
1278 76
1279 75
1280 70
1281 3
1282 75
1283 41
1284 62
1285 73
1286 54
1287 68
1288 53
1289 71
1290 78
1291 39
1292 17
1293 79
1294 60
1295 76
1296 74
1297 64
1298 64
1299 77
1300 65
1301 73
1302 65
1303 51
1304 8
1305 77
1306 77
1307 28
1308 73
1309 63
1310 34
1311 64
1312 62
1313 61
1314 68
1315 64
1316 32
1317 76
1318 18
1319 61
1320 78
1321 51
1322 68
1323 78
1324 77
1325 76
1326 73
1327 56
1328 11
1329 52
1330 76
1331 78
1332 60
1333 77
1334 62
1335 77
1336 72
1337 77
1338 69
1339 63
1340 32
1341 75
1342 76
1343 62
1344 76
1345 26
1346 75
1347 66
1348 65
1349 75
1350 21
1351 77
1352 63
1353 59
1354 77
1355 76
1356 71
1357 27
1358 76
1359 48
1360 75
1361 72
1362 69
1363 73
1364 74
1365 77
1366 68
1367 52
1368 66
1369 76
1370 72
1371 68
1372 74
1373 76
1374 73
1375 19
1376 74
1377 56
1378 75
1379 70
1380 77
1381 71
1382 73
1383 74
1384 46
1385 71
1386 71
1387 50
1388 69
1389 67
1390 65
1391 48
1392 74
1393 70
1394 72
1395 71
1396 14
1397 52
1398 76
1399 52
1400 56
1401 46
1402 67
1403 74
1404 55
1405 52
1406 74
1407 73
1408 73
1409 71
1410 73
1411 6
1412 45
1413 68
1414 69
1415 76
1416 64
1417 72
1418 51
1419 3
1420 75
1421 55
1422 51
1423 75
1424 58
1425 74
1426 32
1427 74
1428 74
1429 67
1430 72
1431 75
1432 73
1433 67
1434 72
1435 70
1436 70
1437 69
1438 75
1439 51
1440 75
1441 40
1442 75
1443 76
1444 73
1445 4
1446 52
1447 30
1448 74
1449 12
1450 69
1451 71
1452 61
1453 40
1454 19
1455 52
1456 66
1457 69
1458 46
1459 70
1460 53
1461 33
1462 74
1463 74
1464 56
1465 66
1466 69
1467 37
1468 73
1469 73
1470 72
1471 70
1472 68
1473 71
1474 60
1475 74
1476 51
1477 66
1478 70
1479 68
1480 26
1481 63
1482 48
1483 75
1484 72
1485 62
1486 60
1487 72
1488 72
1489 57
1490 34
1491 71
1492 56
1493 75
1494 75
1495 54
1496 74
1497 57
1498 41
1499 72
1500 44
1501 7
1502 66
1503 74
1504 64
1505 4
1506 62
1507 70
1508 73
1509 69
1510 70
1511 74
1512 48
1513 66
1514 74
1515 54
1516 17
1517 66
1518 72
1519 74
1520 73
1521 72
1522 57
1523 31
1524 67
1525 54
1526 19
1527 29
1528 62
1529 69
1530 54
1531 73
1532 69
1533 68
1534 70
1535 70
1536 68
1537 63
1538 71
1539 1
1540 67
1541 73
1542 61
1543 63
1544 8
1545 67
1546 24
1547 65
1548 69
1549 57
1550 12
1551 70
1552 67
1553 56
1554 60
1555 58
1556 22
1557 36
1558 72
1559 44
1560 56
1561 34
1562 73
1563 70
1564 71
1565 73
1566 72
1567 53
1568 50
1569 7
1570 71
1571 68
1572 41
1573 44
1574 61
1575 17
1576 67
1577 32
1578 66
1579 65
1580 73
1581 71
1582 4
1583 67
1584 24
1585 51
1586 68
1587 49
1588 5
1589 11
1590 67
1591 53
1592 49
1593 43
1594 30
1595 72
1596 59
1597 68
1598 66
1599 47
1600 68
1601 2
1602 71
1603 64
1604 65
1605 72
1606 71
1607 69
1608 45
1609 49
1610 70
1611 59
1612 73
1613 74
1614 28
1615 18
1616 74
1617 71
1618 72
1619 71
1620 62
1621 49
1622 33
1623 55
1624 60
1625 73
1626 51
1627 71
1628 70
1629 67
1630 53
1631 39
1632 47
1633 70
1634 68
1635 63
1636 50
1637 70
1638 64
1639 7
1640 70
1641 62
1642 66
1643 72
1644 72
1645 71
1646 67
1647 69
1648 46
1649 59
1650 58
1651 68
1652 31
1653 70
1654 64
1655 73
1656 11
1657 67
1658 64
1659 72
1660 72
1661 68
1662 43
1663 44
1664 40
1665 71
1666 70
1667 63
1668 64
1669 71
1670 67
1671 68
1672 62
1673 72
1674 70
1675 63
1676 60
1677 65
1678 68
1679 59
1680 67
1681 47
1682 66
1683 68
1684 6
1685 67
1686 6
1687 71
1688 19
1689 62
1690 69
1691 69
1692 59
1693 67
1694 69
1695 71
1696 66
1697 69
1698 66
1699 57
1700 39
1701 69
1702 54
1703 71
1704 63
1705 45
1706 68
1707 63
1708 69
1709 69
1710 69
1711 69
1712 63
1713 64
1714 53
1715 67
1716 31
1717 61
1718 48
1719 64
1720 69
1721 65
1722 66
1723 69
1724 19
1725 59
1726 57
1727 62
1728 71
1729 61
1730 67
1731 65
1732 70
1733 66
1734 64
1735 70
1736 62
1737 69
1738 41
1739 22
1740 66
1741 65
1742 48
1743 70
1744 38
1745 69
1746 13
1747 69
1748 66
1749 36
1750 58
1751 71
1752 68
1753 68
1754 45
1755 61
1756 22
1757 65
1758 70
1759 45
1760 40
1761 64
1762 70
1763 68
1764 69
1765 67
1766 23
1767 37
1768 69
1769 71
1770 68
1771 65
1772 67
1773 55
1774 58
1775 70
1776 67
1777 56
1778 52
1779 69
1780 63
1781 33
1782 68
1783 16
1784 16
1785 68
1786 65
1787 67
1788 63
1789 68
1790 68
1791 64
1792 65
1793 18
1794 63
1795 60
1796 63
1797 39
1798 56
1799 69
1800 57
1801 54
1802 48
1803 14
1804 61
1805 59
1806 21
1807 69
1808 67
1809 61
1810 64
1811 24
1812 47
1813 55
1814 68
1815 66
1816 64
1817 68
1818 33
1819 65
1820 68
1821 66
1822 38
1823 62
1824 27
1825 63
1826 60
1827 62
1828 54
1829 44
1830 66
1831 65
1832 67
1833 63
1834 48
1835 15
1836 60
1837 55
1838 42
1839 69
1840 38
1841 65
1842 67
1843 68
1844 57
1845 38
1846 69
1847 15
1848 66
1849 50
1850 50
1851 38
1852 68
1853 62
1854 68
1855 55
1856 63
1857 36
1858 66
1859 59
1860 55
1861 66
1862 40
1863 7
1864 67
1865 64
1866 68
1867 67
1868 37
1869 10
1870 58
1871 66
1872 60
1873 15
1874 46
1875 65
1876 66
1877 67
1878 26
1879 65
1880 48
1881 34
1882 51
1883 58
1884 46
1885 56
1886 21
1887 30
1888 49
1889 54
1890 63
1891 60
1892 28
1893 9
1894 53
1895 6
1896 65
1897 17
1898 61
1899 62
1900 55
1901 34
1902 37
1903 54
1904 55
1905 62
1906 65
1907 22
1908 28
1909 68
1910 18
1911 67
1912 13
1913 60
1914 62
1915 62
1916 67
1917 56
1918 67
1919 56
1920 63
1921 43
1922 65
1923 62
1924 63
1925 14
1926 60
1927 64
1928 65
1929 43
1930 6
1931 67
1932 60
1933 34
1934 62
1935 52
1936 36
1937 15
1938 62
1939 35
1940 57
1941 66
1942 38
1943 64
1944 64
1945 65
1946 66
1947 65
1948 24
1949 66
1950 65
1951 64
1952 63
1953 60
1954 49
1955 46
1956 50
1957 35
1958 34
1959 22
1960 59
1961 48
1962 66
1963 64
1964 52
1965 67
1966 52
1967 47
1968 65
1969 58
1970 40
1971 15
1972 39
1973 66
1974 19
1975 66
1976 49
1977 48
1978 64
1979 33
1980 55
1981 65
1982 62
1983 31
1984 59
1985 45
1986 63
1987 63
1988 61
1989 2
1990 62
1991 54
1992 31
1993 32
1994 57
1995 64
1996 43
1997 62
1998 60
1999 60
2000 59
2001 61
2002 6
2003 20
2004 61
2005 66
2006 49
2007 66
2008 49
2009 62
2010 50
2011 8
2012 63
2013 65
2014 64
2015 22
2016 47
2017 56
2018 61
2019 57
2020 66
2021 36
2022 2
2023 65
2024 44
2025 59
2026 66
2027 61
2028 58
2029 16
2030 43
2031 61
2032 63
2033 18
2034 59
2035 59
2036 57
2037 65
2038 48
2039 42
2040 65
2041 42
2042 64
2043 55
2044 60
2045 58
2046 62
2047 64
2048 65
2049 57
2050 52
2051 32
2052 49
2053 63
2054 46
2055 63
2056 50
2057 54
2058 50
2059 63
2060 60
2061 58
2062 17
2063 64
2064 21
2065 64
2066 59
2067 47
2068 53
2069 64
2070 63
2071 63
2072 64
2073 63
2074 56
2075 62
2076 36
2077 7
2078 58
2079 46
2080 64
2081 58
2082 61
2083 57
2084 31
2085 19
2086 24
2087 24
2088 65
2089 59
2090 65
2091 56
2092 16
2093 51
2094 64
2095 63
2096 63
2097 57
2098 27
2099 65
2100 59
2101 60
2102 59
2103 46
2104 30
2105 48
2106 19
2107 60
2108 64
2109 62
2110 58
2111 59
2112 63
2113 61
2114 57
2115 59
2116 5
2117 54
2118 61
2119 10
2120 63
2121 62
2122 61
2123 56
2124 10
2125 58
2126 4
2127 49
2128 61
2129 47
2130 59
2131 2
2132 60
2133 42
2134 54
2135 25
2136 44
2137 62
2138 62
2139 63
2140 23
2141 48
2142 62
2143 52
2144 64
2145 53
2146 24
2147 61
2148 50
2149 55
2150 18
2151 25
2152 62
2153 34
2154 64
2155 61
2156 51
2157 22
2158 54
2159 44
2160 57
2161 53
2162 60
2163 39
2164 62
2165 27
2166 43
2167 63
2168 59
2169 26
2170 43
2171 50
2172 61
2173 58
2174 62
2175 31
2176 63
2177 53
2178 11
2179 61
2180 55
2181 39
2182 62
2183 29
2184 25
2185 56
2186 60
2187 44
2188 58
2189 62
2190 62
2191 47
2192 63
2193 36
2194 61
2195 62
2196 52
2197 57
2198 21
2199 59
2200 50
2201 43
2202 23
2203 56
2204 62
2205 61
2206 50
2207 2
2208 56
2209 44
2210 38
2211 54
2212 41
2213 59
2214 41
2215 58
2216 52
2217 62
2218 15
2219 58
2220 44
2221 29
2222 56
2223 49
2224 59
2225 60
2226 52
2227 22
2228 43
2229 31
2230 48
2231 46
2232 62
2233 22
2234 63
2235 52
2236 60
2237 53
2238 57
2239 60
2240 39
2241 56
2242 61
2243 58
2244 39
2245 58
2246 26
2247 57
2248 58
2249 52
2250 56
2251 57
2252 60
2253 60
2254 54
2255 62
2256 58
2257 61
2258 41
2259 55
2260 54
2261 36
2262 60
2263 61
2264 39
2265 20
2266 60
2267 27
2268 61
2269 53
2270 9
2271 53
2272 52
2273 33
2274 15
2275 45
2276 7
2277 57
2278 49
2279 58
2280 55
2281 20
2282 56
2283 3
2284 51
2285 8
2286 60
2287 52
2288 51
2289 55
2290 34
2291 57
2292 59
2293 24
2294 49
2295 1
2296 58
2297 58
2298 59
2299 58
2300 54
2301 39
2302 37
2303 38
2304 51
2305 57
2306 54
2307 56
2308 9
2309 15
2310 15
2311 24
2312 57
2313 17
2314 62
2315 62
2316 52
2317 61
2318 47
2319 61
2320 60
2321 47
2322 42
2323 51
2324 60
2325 51
2326 59
2327 35
2328 10
2329 32
2330 52
2331 55
2332 47
2333 50
2334 5
2335 42
2336 17
2337 50
2338 54
2339 49
2340 58
2341 61
2342 8
2343 51
2344 38
2345 7
2346 37
2347 57
2348 59
2349 16
2350 59
2351 10
2352 59
2353 55
2354 51
2355 43
2356 51
2357 21
2358 39
2359 61
2360 53
2361 57
2362 38
2363 57
2364 47
2365 55
2366 55
2367 58
2368 16
2369 32
2370 56
2371 61
2372 37
2373 33
2374 56
2375 6
2376 60
2377 33
2378 58
2379 47
2380 60
2381 50
2382 60
2383 53
2384 40
2385 51
2386 25
2387 59
2388 44
2389 9
2390 57
2391 8
2392 17
2393 60
2394 56
2395 25
2396 43
2397 16
2398 35
2399 48
2400 56
2401 58
2402 54
2403 52
2404 51
2405 19
2406 55
2407 36
2408 60
2409 47
2410 59
2411 35
2412 52
2413 46
2414 30
2415 56
2416 53
2417 47
2418 56
2419 20
2420 12
2421 46
2422 29
2423 58
2424 2
2425 46
2426 51
2427 56
2428 56
2429 44
2430 58
2431 9
2432 60
2433 36
2434 51
2435 59
2436 53
2437 43
2438 39
2439 44
2440 53
2441 59
2442 20
2443 33
2444 46
2445 29
2446 16
2447 33
2448 23
2449 10
2450 37
2451 32
2452 43
2453 40
2454 55
2455 53
2456 53
2457 56
2458 1
2459 58
2460 32
2461 29
2462 49
2463 59
2464 37
2465 51
2466 39
2467 58
2468 53
2469 59
2470 53
2471 40
2472 26
2473 35
2474 55
2475 59
2476 57
2477 54
2478 36
2479 51
2480 48
2481 34
2482 12
2483 50
2484 59
2485 56
2486 13
2487 37
2488 37
2489 45
2490 35
2491 59
2492 58
2493 56
2494 6
2495 59
2496 51
2497 52
2498 56
2499 57
2500 29
2501 57
2502 57
2503 58
2504 58
2505 47
2506 26
2507 42
2508 57
2509 14
2510 56
2511 54
2512 42
2513 58
2514 58
2515 36
2516 17
2517 51
2518 49
2519 56
2520 56
2521 56
2522 58
2523 46
2524 48
2525 57
2526 56
2527 54
2528 43
2529 45
2530 52
2531 57
2532 3
2533 57
2534 56
2535 55
2536 51
2537 52
2538 57
2539 52
2540 2
2541 55
2542 57
2543 57
2544 1
2545 23
2546 42
2547 29
2548 7
2549 58
2550 39
2551 55
2552 55
2553 54
2554 56
2555 13
2556 55
2557 45
2558 53
2559 54
2560 49
2561 43
2562 57
2563 25
2564 55
2565 55
2566 50
2567 37
2568 52
2569 41
2570 54
2571 57
2572 50
2573 23
2574 56
2575 55
2576 25
2577 41
2578 53
2579 48
2580 54
2581 53
2582 55
2583 53
2584 11
2585 30
2586 34
2587 45
2588 15
2589 47
2590 55
2591 56
2592 47
2593 17
2594 44
2595 50
2596 47
2597 29
2598 34
2599 54
2600 48
2601 55
2602 6
2603 35
2604 30
2605 33
2606 55
2607 51
2608 54
2609 45
2610 56
2611 56
2612 54
2613 30
2614 39
2615 45
2616 32
2617 50
2618 53
2619 10
2620 50
2621 52
2622 56
2623 55
2624 48
2625 52
2626 51
2627 42
2628 49
2629 52
2630 40
2631 32
2632 43
2633 50
2634 54
2635 52
2636 49
2637 48
2638 48
2639 54
2640 49
2641 53
2642 52
2643 14
2644 47
2645 41
2646 54
2647 56
2648 46
2649 40
2650 43
2651 44
2652 53
2653 33
2654 43
2655 42
2656 53
2657 41
2658 54
2659 55
2660 52
2661 54
2662 53
2663 46
2664 53
2665 37
2666 39
2667 51
2668 55
2669 19
2670 54
2671 47
2672 39
2673 31
2674 54
2675 47
2676 48
2677 45
2678 53
2679 49
2680 36
2681 54
2682 49
2683 45
2684 31
2685 52
2686 54
2687 44
2688 11
2689 41
2690 47
2691 36
2692 52
2693 50
2694 32
2695 53
2696 41
2697 7
2698 1
2699 40
2700 30
2701 22
2702 53
2703 48
2704 13
2705 36
2706 53
2707 30
2708 40
2709 49
2710 30
2711 35
2712 50
2713 9
2714 16
2715 45
2716 4
2717 50
2718 54
2719 54
2720 35
2721 10
2722 47
2723 50
2724 15
2725 41
2726 28
2727 6
2728 55
2729 31
2730 43
2731 55
2732 5
2733 44
2734 54
2735 40
2736 41
2737 36
2738 54
2739 43
2740 44
2741 51
2742 37
2743 45
2744 45
2745 54
2746 54
2747 25
2748 12
2749 52
2750 48
2751 31
2752 50
2753 49
2754 55
2755 27
2756 50
2757 33
2758 37
2759 2
2760 1
2761 40
2762 37
2763 52
2764 51
2765 32
2766 50
2767 48
2768 35
2769 51
2770 51
2771 38
2772 54
2773 44
2774 52
2775 38
2776 35
2777 41
2778 22
2779 38
2780 53
2781 38
2782 53
2783 53
2784 37
2785 51
2786 50
2787 49
2788 52
2789 52
2790 49
2791 32
2792 51
2793 51
2794 23
2795 39
2796 45
2797 43
2798 52
2799 52
2800 17
2801 22
2802 50
2803 49
2804 42
2805 11
2806 51
2807 36
2808 36
2809 49
2810 51
2811 49
2812 23
2813 50
2814 43
2815 26
2816 39
2817 52
2818 47
2819 11
2820 30
2821 50
2822 50
2823 38
2824 53
2825 52
2826 1
2827 40
2828 41
2829 48
2830 48
2831 32
2832 49
2833 52
2834 45
2835 46
2836 48
2837 13
2838 51
2839 53
2840 35
2841 48
2842 38
2843 13
2844 33
2845 48
2846 42
2847 15
2848 47
2849 43
2850 49
2851 46
2852 51
2853 32
2854 34
2855 6
2856 18
2857 28
2858 9
2859 50
2860 36
2861 39
2862 31
2863 5
2864 42
2865 40
2866 39
2867 52
2868 50
2869 49
2870 51
2871 44
2872 8
2873 41
2874 45
2875 42
2876 35
2877 34
2878 45
2879 53
2880 31
2881 9
2882 49
2883 38
2884 53
2885 40
2886 35
2887 45
2888 47
2889 45
2890 22
2891 13
2892 41
2893 44
2894 44
2895 45
2896 32
2897 49
2898 15
2899 46
2900 47
2901 51
2902 52
2903 50
2904 21
2905 51
2906 47
2907 51
2908 37
2909 46
2910 51
2911 34
2912 49
2913 37
2914 41
2915 44
2916 40
2917 46
2918 9
2919 50
2920 40
2921 29
2922 49
2923 50
2924 40
2925 45
2926 52
2927 42
2928 44
2929 48
2930 51
2931 6
2932 28
2933 46
2934 45
2935 9
2936 47
2937 50
2938 38
2939 50
2940 26
2941 47
2942 25
2943 33
2944 49
2945 48
2946 48
2947 39
2948 43
2949 1
2950 49
2951 51
2952 32
2953 33
2954 43
2955 46
2956 49
2957 33
2958 42
2959 44
2960 47
2961 47
2962 31
2963 48
2964 41
2965 50
2966 45
2967 49
2968 41
2969 49
2970 39
2971 50
2972 50
2973 48
2974 31
2975 50
2976 48
2977 46
2978 18
2979 26
2980 44
2981 50
2982 1
2983 47
2984 46
2985 48
2986 4
2987 45
2988 48
2989 47
2990 47
2991 48
2992 32
2993 44
2994 46
2995 45
2996 28
2997 24
2998 49
2999 46
3000 42
3001 43
3002 48
3003 41
3004 45
3005 26
3006 35
3007 17
3008 45
3009 40
3010 31
3011 46
3012 49
3013 47
3014 46
3015 17
3016 34
3017 43
3018 36
3019 49
3020 40
3021 41
3022 47
3023 14
3024 42
3025 37
3026 43
3027 44
3028 49
3029 42
3030 48
3031 36
3032 48
3033 12
3034 39
3035 50
3036 45
3037 47
3038 40
3039 46
3040 49
3041 46
3042 37
3043 48
3044 46
3045 35
3046 46
3047 48
3048 47
3049 47
3050 20
3051 24
3052 41
3053 46
3054 46
3055 5
3056 31
3057 44
3058 47
3059 7
3060 28
3061 19
3062 42
3063 48
3064 4
3065 34
3066 47
3067 36
3068 30
3069 24
3070 30
3071 42
3072 47
3073 42
3074 44
3075 43
3076 31
3077 47
3078 35
3079 40
3080 43
3081 42
3082 36
3083 42
3084 44
3085 28
3086 47
3087 37
3088 46
3089 27
3090 37
3091 44
3092 23
3093 19
3094 42
3095 46
3096 35
3097 34
3098 38
3099 45
3100 9
3101 43
3102 42
3103 38
3104 46
3105 40
3106 47
3107 44
3108 28
3109 1
3110 46
3111 45
3112 43
3113 48
3114 11
3115 45
3116 27
3117 39
3118 23
3119 45
3120 31
3121 47
3122 32
3123 42
3124 29
3125 38
3126 44
3127 40
3128 46
3129 39
3130 37
3131 36
3132 46
3133 6
3134 33
3135 39
3136 44
3137 38
3138 46
3139 39
3140 29
3141 25
3142 38
3143 23
3144 43
3145 5
3146 15
3147 47
3148 46
3149 41
3150 43
3151 45
3152 45
3153 41
3154 43
3155 42
3156 45
3157 3
3158 37
3159 22
3160 46
3161 4
3162 42
3163 43
3164 44
3165 17
3166 42
3167 44
3168 45
3169 46
3170 45
3171 43
3172 43
3173 37
3174 44
3175 45
3176 27
3177 41
3178 44
3179 44
3180 9
3181 39
3182 22
3183 6
3184 43
3185 26
3186 30
3187 45
3188 23
3189 42
3190 44
3191 24
3192 45
3193 35
3194 45
3195 42
3196 22
3197 36
3198 34
3199 38
3200 44
3201 43
3202 45
3203 43
3204 41
3205 44
3206 27
3207 44
3208 8
3209 38
3210 14
3211 13
3212 43
3213 40
3214 43
3215 30
3216 41
3217 17
3218 18
3219 42
3220 44
3221 42
3222 45
3223 39
3224 34
3225 12
3226 38
3227 40
3228 37
3229 45
3230 42
3231 42
3232 40
3233 40
3234 16
3235 44
3236 37
3237 12
3238 41
3239 41
3240 41
3241 30
3242 25
3243 41
3244 45
3245 19
3246 33
3247 37
3248 43
3249 6
3250 24
3251 39
3252 43
3253 17
3254 39
3255 40
3256 41
3257 38
3258 18
3259 26
3260 43
3261 2
3262 18
3263 43
3264 38
3265 43
3266 33
3267 39
3268 28
3269 37
3270 10
3271 28
3272 24
3273 43
3274 35
3275 42
3276 42
3277 27
3278 40
3279 42
3280 34
3281 34
3282 43
3283 44
3284 34
3285 19
3286 44
3287 22
3288 34
3289 38
3290 41
3291 29
3292 41
3293 37
3294 15
3295 24
3296 40
3297 42
3298 25
3299 38
3300 39
3301 41
3302 38
3303 35
3304 41
3305 40
3306 37
3307 39
3308 29
3309 7
3310 41
3311 32
3312 36
3313 39
3314 18
3315 38
3316 2
3317 40
3318 20
3319 36
3320 26
3321 39
3322 34
3323 35
3324 34
3325 43
3326 40
3327 37
3328 42
3329 5
3330 34
3331 43
3332 16
3333 39
3334 38
3335 31
3336 13
3337 3
3338 38
3339 36
3340 22
3341 41
3342 29
3343 6
3344 18
3345 37
3346 28
3347 32
3348 41
3349 33
3350 41
3351 38
3352 9
3353 16
3354 25
3355 43
3356 41
3357 19
3358 5
3359 39
3360 27
3361 30
3362 40
3363 39
3364 41
3365 29
3366 3
3367 41
3368 43
3369 2
3370 36
3371 32
3372 36
3373 38
3374 30
3375 33
3376 12
3377 38
3378 36
3379 19
3380 42
3381 40
3382 40
3383 31
3384 39
3385 39
3386 37
3387 1
3388 10
3389 38
3390 24
3391 41
3392 31
3393 39
3394 37
3395 33
3396 34
3397 30
3398 42
3399 16
3400 22
3401 31
3402 36
3403 32
3404 42
3405 18
3406 41
3407 40
3408 35
3409 1
3410 35
3411 33
3412 42
3413 28
3414 37
3415 39
3416 32
3417 42
3418 40
3419 23
3420 39
3421 27
3422 31
3423 40
3424 28
3425 36
3426 36
3427 29
3428 40
3429 40
3430 38
3431 37
3432 36
3433 31
3434 37
3435 8
3436 4
3437 39
3438 40
3439 35
3440 31
3441 39
3442 42
3443 34
3444 35
3445 35
3446 33
3447 20
3448 33
3449 40
3450 39
3451 23
3452 30
3453 38
3454 41
3455 26
3456 39
3457 27
3458 30
3459 41
3460 38
3461 34
3462 11
3463 34
3464 28
3465 34
3466 6
3467 39
3468 34
3469 7
3470 24
3471 20
3472 35
3473 16
3474 33
3475 26
3476 39
3477 38
3478 15
3479 24
3480 41
3481 37
3482 32
3483 34
3484 37
3485 26
3486 8
3487 40
3488 13
3489 28
3490 31
3491 35
3492 34
3493 28
3494 3
3495 40
3496 32
3497 21
3498 39
3499 34
3500 32
3501 38
3502 40
3503 34
3504 36
3505 1
3506 35
3507 27
3508 31
3509 31
3510 33
3511 20
3512 33
3513 4
3514 25
3515 39
3516 28
3517 35
3518 21
3519 38
3520 33
3521 40
3522 39
3523 5
3524 11
3525 20
3526 37
3527 36
3528 7
3529 38
3530 15
3531 37
3532 38
3533 33
3534 33
3535 17
3536 31
3537 20
3538 12
3539 37
3540 30
3541 37
3542 21
3543 8
3544 30
3545 35
3546 27
3547 36
3548 17
3549 26
3550 38
3551 37
3552 2
3553 38
3554 33
3555 18
3556 39
3557 37
3558 31
3559 36
3560 35
3561 29
3562 35
3563 33
3564 34
3565 18
3566 2
3567 24
3568 36
3569 35
3570 36
3571 22
3572 30
3573 12
3574 23
3575 38
3576 5
3577 36
3578 27
3579 34
3580 12
3581 11
3582 37
3583 37
3584 27
3585 37
3586 29
3587 34
3588 36
3589 27
3590 19
3591 30
3592 7
3593 30
3594 27
3595 32
3596 15
3597 15
3598 37
3599 22
3600 38
3601 37
3602 22
3603 21
3604 38
3605 14
3606 34
3607 28
3608 32
3609 31
3610 29
3611 28
3612 36
3613 23
3614 7
3615 35
3616 35
3617 13
3618 31
3619 35
3620 4
3621 15
3622 34
3623 26
3624 33
3625 29
3626 20
3627 30
3628 31
3629 33
3630 16
3631 32
3632 25
3633 32
3634 24
3635 28
3636 32
3637 23
3638 36
3639 15
3640 26
3641 32
3642 36
3643 12
3644 33
3645 28
3646 36
3647 33
3648 35
3649 12
3650 36
3651 17
3652 36
3653 24
3654 18
3655 26
3656 32
3657 37
3658 15
3659 16
3660 35
3661 11
3662 17
3663 19
3664 35
3665 28
3666 24
3667 28
3668 30
3669 21
3670 36
3671 33
3672 21
3673 37
3674 28
3675 25
3676 36
3677 31
3678 15
3679 12
3680 21
3681 35
3682 7
3683 33
3684 32
3685 35
3686 31
3687 22
3688 22
3689 34
3690 26
3691 36
3692 34
3693 11
3694 32
3695 34
3696 36
3697 8
3698 32
3699 26
3700 22
3701 36
3702 29
3703 27
3704 34
3705 35
3706 34
3707 34
3708 4
3709 8
3710 8
3711 29
3712 29
3713 15
3714 34
3715 10
3716 31
3717 27
3718 7
3719 2
3720 35
3721 13
3722 33
3723 34
3724 31
3725 34
3726 29
3727 34
3728 26
3729 35
3730 35
3731 29
3732 35
3733 26
3734 31
3735 33
3736 7
3737 26
3738 31
3739 20
3740 30
3741 15
3742 13
3743 31
3744 23
3745 22
3746 31
3747 33
3748 18
3749 32
3750 32
3751 28
3752 17
3753 27
3754 23
3755 24
3756 35
3757 32
3758 33
3759 35
3760 34
3761 20
3762 27
3763 34
3764 31
3765 10
3766 33
3767 14
3768 32
3769 20
3770 30
3771 34
3772 9
3773 4
3774 34
3775 14
3776 14
3777 32
3778 32
3779 34
3780 31
3781 29
3782 29
3783 25
3784 11
3785 26
3786 29
3787 25
3788 34
3789 33
3790 24
3791 31
3792 5
3793 23
3794 24
3795 20
3796 28
3797 10
3798 32
3799 30
3800 27
3801 21
3802 28
3803 12
3804 27
3805 33
3806 22
3807 21
3808 29
3809 30
3810 30
3811 19
3812 30
3813 3
3814 33
3815 33
3816 33
3817 12
3818 18
3819 28
3820 26
3821 2
3822 29
3823 24
3824 32
3825 30
3826 25
3827 10
3828 9
3829 32
3830 33
3831 31
3832 14
3833 32
3834 32
3835 27
3836 33
3837 21
3838 23
3839 22
3840 14
3841 29
3842 26
3843 30
3844 32
3845 6
3846 29
3847 17
3848 30
3849 14
3850 24
3851 11
3852 26
3853 17
3854 19
3855 29
3856 3
3857 22
3858 32
3859 32
3860 7
3861 31
3862 23
3863 22
3864 5
3865 30
3866 21
3867 8
3868 16
3869 30
3870 25
3871 21
3872 26
3873 30
3874 26
3875 33
3876 30
3877 30
3878 32
3879 33
3880 29
3881 21
3882 30
3883 28
3884 29
3885 27
3886 26
3887 31
3888 21
3889 27
3890 23
3891 31
3892 31
3893 32
3894 11
3895 33
3896 31
3897 28
3898 25
3899 28
3900 3
3901 28
3902 26
3903 26
3904 20
3905 29
3906 1
3907 27
3908 13
3909 8
3910 13
3911 29
3912 19
3913 32
3914 29
3915 25
3916 15
3917 23
3918 30
3919 23
3920 25
3921 29
3922 23
3923 28
3924 26
3925 31
3926 17
3927 18
3928 27
3929 17
3930 27
3931 27
3932 27
3933 3
3934 28
3935 30
3936 23
3937 28
3938 24
3939 27
3940 20
3941 6
3942 16
3943 14
3944 28
3945 30
3946 16
3947 24
3948 19
3949 11
3950 31
3951 21
3952 12
3953 26
3954 22
3955 30
3956 31
3957 27
3958 25
3959 13
3960 18
3961 29
3962 19
3963 32
3964 13
3965 29
3966 29
3967 30
3968 30
3969 9
3970 16
3971 25
3972 14
3973 20
3974 16
3975 28
3976 17
3977 28
3978 25
3979 24
3980 16
3981 18
3982 17
3983 11
3984 14
3985 26
3986 21
3987 26
3988 23
3989 29
3990 30
3991 31
3992 16
3993 25
3994 21
3995 25
3996 26
3997 29
3998 25
3999 28
4000 24
4001 28
4002 14
4003 27
4004 19
4005 30
4006 29
4007 28
4008 11
4009 27
4010 27
4011 23
4012 29
4013 24
4014 26
4015 28
4016 29
4017 13
4018 24
4019 29
4020 16
4021 29
4022 17
4023 30
4024 17
4025 28
4026 27
4027 24
4028 29
4029 28
4030 28
4031 22
4032 18
4033 27
4034 24
4035 13
4036 14
4037 28
4038 12
4039 26
4040 24
4041 16
4042 26
4043 5
4044 10
4045 16
4046 3
4047 22
4048 23
4049 25
4050 27
4051 29
4052 22
4053 21
4054 28
4055 22
4056 9
4057 13
4058 18
4059 28
4060 8
4061 25
4062 27
4063 25
4064 28
4065 11
4066 10
4067 17
4068 9
4069 28
4070 14
4071 9
4072 25
4073 25
4074 14
4075 22
4076 27
4077 26
4078 27
4079 26
4080 27
4081 24
4082 13
4083 19
4084 22
4085 20
4086 14
4087 15
4088 11
4089 25
4090 22
4091 26
4092 26
4093 25
4094 24
4095 24
4096 27
4097 27
4098 25
4099 26
4100 27
4101 8
4102 20
4103 1
4104 8
4105 20
4106 23
4107 26
4108 22
4109 20
4110 27
4111 25
4112 25
4113 23
4114 27
4115 25
4116 24
4117 26
4118 26
4119 8
4120 4
4121 24
4122 23
4123 27
4124 21
4125 27
4126 26
4127 25
4128 8
4129 26
4130 25
4131 25
4132 15
4133 27
4134 25
4135 24
4136 24
4137 25
4138 23
4139 24
4140 14
4141 26
4142 26
4143 17
4144 21
4145 5
4146 17
4147 19
4148 25
4149 26
4150 24
4151 24
4152 23
4153 23
4154 22
4155 24
4156 21
4157 13
4158 20
4159 22
4160 18
4161 21
4162 25
4163 1
4164 11
4165 21
4166 11
4167 17
4168 4
4169 23
4170 18
4171 26
4172 23
4173 18
4174 23
4175 6
4176 7
4177 16
4178 21
4179 24
4180 25
4181 2
4182 19
4183 22
4184 19
4185 22
4186 18
4187 20
4188 15
4189 25
4190 22
4191 20
4192 6
4193 20
4194 18
4195 18
4196 24
4197 20
4198 22
4199 25
4200 8
4201 19
4202 7
4203 6
4204 23
4205 16
4206 23
4207 10
4208 24
4209 10
4210 22
4211 24
4212 18
4213 19
4214 14
4215 20
4216 13
4217 12
4218 22
4219 23
4220 15
4221 13
4222 24
4223 17
4224 23
4225 23
4226 21
4227 15
4228 5
4229 4
4230 16
4231 21
4232 25
4233 11
4234 21
4235 21
4236 22
4237 23
4238 12
4239 19
4240 23
4241 18
4242 12
4243 21
4244 19
4245 22
4246 20
4247 24
4248 12
4249 20
4250 21
4251 9
4252 21
4253 3
4254 22
4255 17
4256 19
4257 23
4258 22
4259 13
4260 24
4261 14
4262 15
4263 24
4264 13
4265 24
4266 22
4267 23
4268 22
4269 21
4270 21
4271 12
4272 23
4273 20
4274 22
4275 15
4276 23
4277 22
4278 23
4279 13
4280 10
4281 23
4282 19
4283 3
4284 22
4285 21
4286 23
4287 3
4288 17
4289 21
4290 22
4291 5
4292 21
4293 20
4294 20
4295 11
4296 19
4297 15
4298 21
4299 23
4300 2
4301 20
4302 17
4303 15
4304 22
4305 21
4306 21
4307 21
4308 10
4309 18
4310 21
4311 22
4312 12
4313 20
4314 1
4315 15
4316 16
4317 21
4318 17
4319 21
4320 9
4321 9
4322 20
4323 18
4324 20
4325 19
4326 20
4327 19
4328 10
4329 2
4330 16
4331 14
4332 1
4333 18
4334 3
4335 9
4336 20
4337 1
4338 9
4339 21
4340 20
4341 20
4342 12
4343 5
4344 19
4345 10
4346 4
4347 20
4348 14
4349 18
4350 13
4351 18
4352 10
4353 18
4354 6
4355 15
4356 14
4357 20
4358 4
4359 21
4360 4
4361 8
4362 20
4363 16
4364 21
4365 13
4366 19
4367 19
4368 2
4369 20
4370 19
4371 13
4372 12
4373 20
4374 21
4375 15
4376 16
4377 18
4378 17
4379 17
4380 18
4381 17
4382 5
4383 20
4384 3
4385 18
4386 9
4387 19
4388 19
4389 19
4390 11
4391 20
4392 7
4393 19
4394 8
4395 17
4396 19
4397 11
4398 18
4399 18
4400 17
4401 17
4402 18
4403 17
4404 21
4405 17
4406 20
4407 17
4408 15
4409 15
4410 16
4411 15
4412 9
4413 21
4414 9
4415 17
4416 20
4417 16
4418 18
4419 20
4420 10
4421 19
4422 9
4423 10
4424 8
4425 12
4426 1
4427 18
4428 15
4429 12
4430 13
4431 19
4432 15
4433 11
4434 13
4435 14
4436 20
4437 18
4438 11
4439 18
4440 3
4441 19
4442 5
4443 16
4444 16
4445 7
4446 14
4447 19
4448 19
4449 12
4450 19
4451 15
4452 18
4453 18
4454 16
4455 9
4456 19
4457 14
4458 19
4459 10
4460 15
4461 4
4462 18
4463 18
4464 8
4465 17
4466 2
4467 16
4468 13
4469 10
4470 18
4471 19
4472 14
4473 18
4474 17
4475 17
4476 17
4477 14
4478 1
4479 16
4480 17
4481 7
4482 18
4483 17
4484 13
4485 11
4486 14
4487 17
4488 18
4489 6
4490 13
4491 16
4492 18
4493 9
4494 8
4495 13
4496 6
4497 12
4498 7
4499 7
4500 7
4501 14
4502 15
4503 12
4504 3
4505 15
4506 4
4507 11
4508 17
4509 11
4510 14
4511 13
4512 16
4513 6
4514 15
4515 6
4516 1
4517 2
4518 8
4519 16
4520 16
4521 15
4522 14
4523 15
4524 13
4525 17
4526 10
4527 17
4528 15
4529 16
4530 2
4531 16
4532 14
4533 15
4534 10
4535 16
4536 3
4537 3
4538 10
4539 14
4540 6
4541 16
4542 9
4543 13
4544 9
4545 15
4546 2
4547 16
4548 10
4549 14
4550 7
4551 12
4552 17
4553 16
4554 11
4555 13
4556 9
4557 6
4558 15
4559 7
4560 14
4561 12
4562 15
4563 14
4564 11
4565 15
4566 14
4567 12
4568 17
4569 16
4570 11
4571 8
4572 9
4573 10
4574 8
4575 1
4576 5
4577 16
4578 17
4579 5
4580 16
4581 10
4582 8
4583 7
4584 12
4585 11
4586 5
4587 8
4588 14
4589 2
4590 2
4591 16
4592 13
4593 14
4594 12
4595 9
4596 16
4597 14
4598 15
4599 9
4600 14
4601 15
4602 7
4603 5
4604 7
4605 14
4606 7
4607 3
4608 3
4609 13
4610 3
4611 15
4612 11
4613 4
4614 1
4615 5
4616 4
4617 15
4618 11
4619 14
4620 10
4621 13
4622 10
4623 2
4624 12
4625 8
4626 10
4627 14
4628 13
4629 6
4630 6
4631 11
4632 9
4633 12
4634 9
4635 10
4636 6
4637 8
4638 7
4639 9
4640 14
4641 12
4642 10
4643 9
4644 13
4645 6
4646 14
4647 13
4648 10
4649 5
4650 7
4651 12
4652 12
4653 12
4654 12
4655 14
4656 15
4657 10
4658 5
4659 5
4660 10
4661 7
4662 4
4663 13
4664 5
4665 9
4666 1
4667 5
4668 1
4669 13
4670 10
4671 13
4672 7
4673 13
4674 15
4675 5
4676 11
4677 11
4678 14
4679 12
4680 12
4681 8
4682 15
4683 11
4684 12
4685 9
4686 10
4687 11
4688 11
4689 5
4690 14
4691 4
4692 8
4693 4
4694 7
4695 1
4696 14
4697 10
4698 12
4699 13
4700 3
4701 8
4702 11
4703 14
4704 9
4705 10
4706 10
4707 9
4708 9
4709 12
4710 12
4711 8
4712 13
4713 7
4714 13
4715 10
4716 11
4717 6
4718 13
4719 13
4720 11
4721 12
4722 3
4723 12
4724 12
4725 5
4726 11
4727 12
4728 8
4729 6
4730 9
4731 13
4732 7
4733 7
4734 2
4735 11
4736 12
4737 8
4738 9
4739 11
4740 11
4741 11
4742 9
4743 1
4744 4
4745 7
4746 1
4747 10
4748 4
4749 6
4750 10
4751 4
4752 11
4753 8
4754 9
4755 9
4756 11
4757 6
4758 5
4759 10
4760 3
4761 12
4762 11
4763 10
4764 11
4765 6
4766 12
4767 3
4768 6
4769 8
4770 9
4771 7
4772 3
4773 12
4774 2
4775 7
4776 7
4777 7
4778 3
4779 8
4780 1
4781 5
4782 4
4783 2
4784 5
4785 11
4786 10
4787 6
4788 7
4789 6
4790 2
4791 6
4792 9
4793 8
4794 10
4795 11
4796 8
4797 1
4798 7
4799 10
4800 4
4801 10
4802 9
4803 8
4804 8
4805 4
4806 8
4807 8
4808 10
4809 8
4810 8
4811 3
4812 9
4813 6
4814 6
4815 9
4816 7
4817 8
4818 3
4819 10
4820 4
4821 6
4822 8
4823 7
4824 3
4825 6
4826 7
4827 9
4828 1
4829 8
4830 4
4831 5
4832 6
4833 6
4834 6
4835 10
4836 3
4837 5
4838 2
4839 1
4840 7
4841 4
4842 3
4843 1
4844 5
4845 3
4846 4
4847 3
4848 5
4849 8
4850 9
4851 5
4852 6
4853 1
4854 10
4855 6
4856 5
4857 4
4858 1
4859 1
4860 7
4861 5
4862 9
4863 7
4864 2
4865 2
4866 9
4867 4
4868 8
4869 9
4870 7
4871 8
4872 8
4873 2
4874 6
4875 6
4876 6
4877 8
4878 6
4879 4
4880 4
4881 7
4882 6
4883 4
4884 5
4885 4
4886 6
4887 5
4888 7
4889 2
4890 6
4891 3
4892 7
4893 6
4894 4
4895 5
4896 2
4897 4
4898 5
4899 7
4900 7
4901 3
4902 3
4903 6
4904 1
4905 7
4906 3
4907 4
4908 5
4909 2
4910 4
4911 4
4912 5
4913 5
4914 5
4915 6
4916 7
4917 2
4918 6
4919 1
4920 4
4921 5
4922 6
4923 2
4924 2
4925 4
4926 3
4927 4
4928 5
4929 1
4930 2
4931 4
4932 4
4933 1
4934 5
4935 4
4936 5
4937 2
4938 3
4939 2
4940 5
4941 3
4942 4
4943 2
4944 2
4945 4
4946 4
4947 4
4948 2
4949 4
4950 1
4951 3
4952 3
4953 2
4954 3
4955 4
4956 1
4957 1
4958 3
4959 2
4960 2
4961 3
4962 1
4963 1
4964 3
4965 1
4966 3
4967 5
4968 3
4969 4
4970 2
4971 2
4972 2
4973 2
4974 2
4975 1
4976 1
4977 3
4978 2
4979 1
4980 4
4981 1
4982 2
4983 1
4984 2
4985 1
4986 3
4987 3
4988 2
4989 2
4990 1
4991 1
4992 1
4993 1
4994 2
4995 1
4996 2
4997 1
4998 1
4999 1
