500 72 250
0 58
1 54
2 56
3 41
4 42
5 72
6 66
7 65
8 70
9 71
10 71
11 63
12 32
13 27
14 62
15 66
16 40
17 28
18 48
19 70
20 59
21 25
22 20
23 70
24 67
25 65
26 68
27 61
28 53
29 43
30 62
31 69
32 63
33 51
34 68
35 64
36 65
37 69
38 50
39 68
40 67
41 60
42 30
43 65
44 54
45 55
46 66
47 20
48 64
49 52
50 52
51 39
52 64
53 66
54 66
55 62
56 37
57 39
58 65
59 60
60 63
61 38
62 63
63 12
64 65
65 49
66 59
67 60
68 52
69 16
70 55
71 57
72 42
73 62
74 54
75 64
76 58
77 61
78 62
79 63
80 24
81 44
82 62
83 62
84 59
85 23
86 46
87 61
88 57
89 61
90 23
91 43
92 55
93 49
94 36
95 61
96 39
97 59
98 17
99 33
100 58
101 49
102 56
103 42
104 4
105 60
106 45
107 41
108 1
109 14
110 58
111 51
112 59
113 58
114 54
115 19
116 60
117 50
118 45
119 56
120 56
121 57
122 59
123 56
124 51
125 15
126 38
127 56
128 50
129 54
130 55
131 48
132 25
133 52
134 40
135 58
136 57
137 51
138 55
139 18
140 40
141 53
142 53
143 56
144 43
145 54
146 42
147 30
148 55
149 54
150 47
151 26
152 52
153 52
154 26
155 53
156 52
157 41
158 13
159 51
160 28
161 7
162 35
163 28
164 44
165 49
166 41
167 10
168 37
169 38
170 32
171 51
172 34
173 46
174 49
175 37
176 39
177 42
178 47
179 50
180 48
181 35
182 48
183 46
184 50
185 46
186 37
187 34
188 27
189 49
190 50
191 44
192 48
193 29
194 49
195 44
196 47
197 48
198 43
199 47
200 37
201 33
202 16
203 47
204 48
205 45
206 46
207 45
208 34
209 6
210 47
211 46
212 35
213 45
214 36
215 32
216 4
217 46
218 36
219 41
220 39
221 45
222 25
223 42
224 44
225 44
226 38
227 22
228 43
229 43
230 43
231 33
232 41
233 38
234 5
235 40
236 25
237 22
238 31
239 31
240 42
241 26
242 42
243 3
244 33
245 41
246 37
247 25
248 23
249 13
250 39
251 40
252 17
253 38
254 34
255 41
256 40
257 17
258 40
259 18
260 21
261 24
262 17
263 34
264 36
265 29
266 11
267 38
268 40
269 39
270 39
271 38
272 32
273 35
274 37
275 36
276 22
277 36
278 30
279 24
280 3
281 2
282 37
283 24
284 33
285 35
286 23
287 26
288 37
289 9
290 35
291 11
292 36
293 35
294 25
295 30
296 24
297 23
298 35
299 34
300 21
301 31
302 31
303 7
304 20
305 30
306 34
307 32
308 29
309 31
310 33
311 33
312 32
313 30
314 28
315 34
316 28
317 33
318 27
319 19
320 32
321 13
322 14
323 8
324 27
325 29
326 31
327 31
328 30
329 28
330 10
331 21
332 25
333 7
334 29
335 29
336 18
337 22
338 27
339 4
340 19
341 9
342 26
343 30
344 20
345 28
346 28
347 16
348 29
349 2
350 25
351 11
352 23
353 27
354 9
355 8
356 6
357 12
358 12
359 10
360 18
361 13
362 27
363 24
364 26
365 23
366 28
367 25
368 23
369 24
370 1
371 27
372 26
373 20
374 26
375 19
376 21
377 6
378 16
379 1
380 25
381 7
382 20
383 22
384 24
385 23
386 19
387 8
388 24
389 22
390 23
391 15
392 22
393 21
394 21
395 12
396 19
397 20
398 22
399 15
400 13
401 10
402 21
403 18
404 21
405 19
406 18
407 12
408 14
409 5
410 15
411 17
412 15
413 20
414 18
415 17
416 11
417 5
418 19
419 18
420 19
421 17
422 16
423 17
424 18
425 14
426 7
427 16
428 13
429 16
430 16
431 15
432 14
433 14
434 17
435 16
436 15
437 13
438 11
439 15
440 12
441 10
442 10
443 6
444 9
445 14
446 14
447 5
448 11
449 9
450 8
451 12
452 13
453 12
454 11
455 11
456 10
457 7
458 10
459 9
460 10
461 8
462 2
463 9
464 7
465 6
466 8
467 6
468 6
469 7
470 9
471 8
472 4
473 4
474 8
475 1
476 7
477 3
478 1
479 6
480 6
481 5
482 4
483 3
484 5
485 2
486 5
487 4
488 5
489 2
490 4
491 3
492 3
493 1
494 2
495 1
496 3
497 2
498 2
499 1
