1000 125 500
0 119
1 121
2 22
3 19
4 124
5 76
6 91
7 120
8 118
9 125
10 110
11 123
12 63
13 120
14 37
15 101
16 109
17 124
18 102
19 122
20 123
21 33
22 94
23 70
24 119
25 83
26 70
27 105
28 47
29 116
30 122
31 120
32 54
33 119
34 122
35 67
36 41
37 71
38 113
39 44
40 123
41 117
42 122
43 121
44 3
45 121
46 110
47 108
48 85
49 121
50 105
51 82
52 108
53 115
54 113
55 120
56 107
57 118
58 118
59 87
60 23
61 87
62 116
63 34
64 119
65 106
66 101
67 59
68 108
69 117
70 114
71 118
72 30
73 75
74 92
75 75
76 111
77 114
78 115
79 73
80 119
81 107
82 113
83 98
84 116
85 95
86 106
87 115
88 76
89 107
90 90
91 110
92 97
93 112
94 96
95 118
96 116
97 65
98 103
99 117
100 112
101 117
102 50
103 113
104 67
105 115
106 100
107 106
108 83
109 114
110 27
111 12
112 108
113 116
114 50
115 112
116 81
117 115
118 85
119 110
120 105
121 105
122 90
123 73
124 95
125 92
126 62
127 114
128 55
129 111
130 97
131 114
132 114
133 22
134 78
135 113
136 56
137 113
138 112
139 29
140 31
141 77
142 111
143 108
144 110
145 101
146 101
147 111
148 109
149 107
150 76
151 109
152 112
153 52
154 52
155 19
156 99
157 110
158 1
159 61
160 96
161 103
162 111
163 109
164 108
165 7
166 94
167 102
168 74
169 40
170 85
171 55
172 97
173 104
174 98
175 104
176 15
177 109
178 110
179 105
180 78
181 107
182 108
183 56
184 106
185 84
186 106
187 15
188 109
189 47
190 106
191 35
192 105
193 11
194 102
195 93
196 108
197 93
198 102
199 107
200 96
201 104
202 69
203 61
204 99
205 105
206 106
207 101
208 102
209 104
210 105
211 87
212 87
213 104
214 103
215 88
216 98
217 45
218 93
219 54
220 52
221 94
222 86
223 104
224 103
225 84
226 100
227 74
228 103
229 100
230 8
231 103
232 27
233 92
234 101
235 99
236 85
237 102
238 100
239 70
240 37
241 87
242 47
243 75
244 91
245 53
246 102
247 101
248 82
249 32
250 18
251 101
252 89
253 101
254 88
255 98
256 100
257 96
258 7
259 90
260 75
261 88
262 100
263 94
264 20
265 100
266 99
267 99
268 62
269 97
270 98
271 96
272 79
273 25
274 97
275 79
276 41
277 99
278 98
279 43
280 49
281 97
282 95
283 24
284 98
285 96
286 95
287 94
288 84
289 96
290 97
291 97
292 94
293 16
294 59
295 78
296 95
297 37
298 47
299 77
300 60
301 90
302 92
303 96
304 78
305 91
306 80
307 70
308 64
309 93
310 91
311 88
312 83
313 88
314 92
315 82
316 83
317 79
318 84
319 89
320 95
321 93
322 79
323 95
324 89
325 26
326 6
327 51
328 81
329 71
330 94
331 78
332 90
333 91
334 33
335 60
336 22
337 59
338 88
339 63
340 82
341 93
342 75
343 92
344 40
345 90
346 44
347 34
348 93
349 92
350 91
351 90
352 90
353 89
354 65
355 89
356 77
357 80
358 87
359 89
360 74
361 88
362 65
363 86
364 85
365 63
366 85
367 87
368 76
369 41
370 86
371 88
372 47
373 82
374 79
375 45
376 87
377 86
378 68
379 76
380 55
381 72
382 56
383 56
384 45
385 41
386 83
387 29
388 71
389 71
390 81
391 38
392 77
393 61
394 42
395 82
396 48
397 87
398 57
399 86
400 86
401 84
402 85
403 49
404 85
405 67
406 81
407 84
408 73
409 81
410 52
411 83
412 80
413 75
414 84
415 84
416 57
417 64
418 83
419 78
420 24
421 78
422 69
423 79
424 82
425 66
426 80
427 73
428 83
429 43
430 70
431 77
432 82
433 6
434 81
435 75
436 80
437 21
438 59
439 81
440 77
441 67
442 73
443 79
444 49
445 68
446 81
447 51
448 80
449 79
450 76
451 74
452 57
453 72
454 71
455 72
456 7
457 76
458 78
459 77
460 78
461 54
462 59
463 16
464 77
465 74
466 9
467 44
468 68
469 72
470 28
471 67
472 32
473 75
474 35
475 76
476 63
477 62
478 60
479 60
480 74
481 71
482 36
483 73
484 27
485 14
486 76
487 68
488 37
489 63
490 69
491 48
492 74
493 66
494 73
495 75
496 70
497 71
498 72
499 31
500 73
501 69
502 1
503 70
504 74
505 64
506 73
507 65
508 68
509 39
510 61
511 71
512 51
513 72
514 66
515 20
516 53
517 9
518 72
519 71
520 70
521 69
522 67
523 53
524 66
525 60
526 60
527 69
528 70
529 68
530 69
531 44
532 65
533 54
534 64
535 61
536 23
537 43
538 65
539 68
540 64
541 66
542 67
543 67
544 56
545 62
546 66
547 26
548 65
549 30
550 66
551 33
552 55
553 65
554 62
555 52
556 61
557 63
558 46
559 53
560 57
561 3
562 63
563 66
564 59
565 64
566 62
567 52
568 65
569 25
570 57
571 5
572 25
573 63
574 64
575 59
576 61
577 48
578 63
579 58
580 62
581 45
582 18
583 28
584 59
585 62
586 61
587 30
588 51
589 10
590 62
591 50
592 60
593 36
594 34
595 59
596 36
597 61
598 40
599 49
600 39
601 56
602 58
603 55
604 46
605 60
606 60
607 38
608 28
609 51
610 59
611 58
612 46
613 58
614 41
615 56
616 53
617 26
618 4
619 51
620 57
621 42
622 32
623 17
624 47
625 45
626 58
627 30
628 45
629 11
630 52
631 34
632 58
633 52
634 5
635 55
636 53
637 54
638 43
639 55
640 56
641 1
642 54
643 38
644 58
645 57
646 57
647 54
648 33
649 56
650 35
651 56
652 24
653 43
654 26
655 12
656 52
657 33
658 55
659 48
660 50
661 5
662 55
663 49
664 53
665 19
666 38
667 39
668 51
669 54
670 44
671 25
672 54
673 31
674 50
675 51
676 27
677 48
678 41
679 22
680 52
681 26
682 49
683 53
684 47
685 49
686 50
687 48
688 46
689 42
690 48
691 35
692 47
693 52
694 8
695 40
696 51
697 15
698 50
699 45
700 44
701 50
702 49
703 9
704 47
705 49
706 45
707 46
708 37
709 40
710 48
711 47
712 48
713 45
714 42
715 43
716 21
717 30
718 47
719 34
720 31
721 33
722 39
723 46
724 17
725 46
726 45
727 43
728 38
729 25
730 17
731 44
732 44
733 43
734 36
735 7
736 39
737 44
738 41
739 37
740 41
741 12
742 16
743 43
744 42
745 40
746 26
747 38
748 41
749 35
750 15
751 14
752 41
753 37
754 31
755 42
756 27
757 29
758 42
759 8
760 37
761 4
762 31
763 40
764 39
765 39
766 32
767 33
768 38
769 35
770 41
771 36
772 37
773 40
774 30
775 38
776 24
777 31
778 24
779 26
780 10
781 13
782 39
783 28
784 14
785 38
786 18
787 37
788 27
789 36
790 20
791 20
792 35
793 19
794 34
795 29
796 35
797 22
798 1
799 3
800 34
801 36
802 23
803 28
804 24
805 18
806 32
807 36
808 30
809 32
810 12
811 13
812 31
813 35
814 34
815 32
816 25
817 26
818 15
819 19
820 33
821 27
822 31
823 28
824 34
825 23
826 23
827 23
828 6
829 30
830 33
831 20
832 31
833 32
834 2
835 17
836 25
837 14
838 18
839 29
840 28
841 31
842 27
843 22
844 29
845 29
846 30
847 16
848 30
849 24
850 23
851 27
852 3
853 28
854 29
855 8
856 21
857 21
858 28
859 7
860 28
861 22
862 25
863 17
864 27
865 26
866 26
867 19
868 11
869 24
870 22
871 25
872 25
873 20
874 4
875 22
876 24
877 3
878 7
879 10
880 22
881 23
882 23
883 21
884 9
885 22
886 7
887 16
888 21
889 20
890 4
891 16
892 6
893 18
894 21
895 4
896 10
897 21
898 16
899 20
900 11
901 20
902 15
903 19
904 17
905 18
906 19
907 1
908 16
909 14
910 18
911 17
912 19
913 18
914 15
915 14
916 6
917 19
918 8
919 10
920 17
921 15
922 14
923 10
924 18
925 17
926 2
927 13
928 13
929 16
930 16
931 15
932 12
933 2
934 15
935 14
936 12
937 2
938 13
939 9
940 11
941 13
942 14
943 11
944 4
945 9
946 12
947 13
948 1
949 11
950 8
951 11
952 8
953 4
954 6
955 13
956 9
957 10
958 9
959 12
960 12
961 2
962 8
963 5
964 11
965 7
966 3
967 10
968 3
969 5
970 10
971 5
972 5
973 6
974 1
975 5
976 7
977 9
978 2
979 1
980 3
981 2
982 7
983 2
984 8
985 6
986 6
987 4
988 7
989 6
990 4
991 1
992 5
993 5
994 4
995 3
996 3
997 2
998 1
999 1
