500 108 350
0 105
1 97
2 90
3 79
4 107
5 108
6 74
7 91
8 102
9 105
10 106
11 17
12 87
13 64
14 103
15 59
16 107
17 99
18 104
19 40
20 21
21 46
22 106
23 103
24 86
25 20
26 102
27 40
28 105
29 75
30 58
31 92
32 104
33 103
34 98
35 92
36 102
37 101
38 12
39 95
40 101
41 89
42 70
43 96
44 97
45 100
46 85
47 16
48 39
49 35
50 80
51 89
52 100
53 88
54 66
55 91
56 44
57 99
58 80
59 99
60 72
61 96
62 98
63 86
64 88
65 51
66 59
67 76
68 57
69 97
70 98
71 52
72 93
73 94
74 97
75 94
76 95
77 54
78 57
79 85
80 64
81 81
82 93
83 49
84 27
85 53
86 96
87 95
88 92
89 83
90 89
91 90
92 85
93 94
94 87
95 93
96 1
97 84
98 82
99 41
100 92
101 61
102 91
103 29
104 3
105 90
106 75
107 91
108 79
109 90
110 88
111 56
112 87
113 76
114 73
115 33
116 89
117 86
118 44
119 65
120 85
121 81
122 71
123 50
124 81
125 86
126 66
127 62
128 62
129 78
130 82
131 63
132 77
133 88
134 83
135 84
136 87
137 86
138 47
139 84
140 83
141 85
142 72
143 52
144 74
145 77
146 84
147 79
148 42
149 65
150 83
151 82
152 28
153 82
154 50
155 73
156 80
157 81
158 75
159 71
160 81
161 75
162 80
163 67
164 77
165 80
166 79
167 13
168 78
169 71
170 61
171 79
172 42
173 63
174 76
175 73
176 66
177 78
178 68
179 38
180 65
181 77
182 74
183 72
184 72
185 69
186 71
187 70
188 76
189 57
190 8
191 68
192 63
193 62
194 69
195 43
196 58
197 27
198 60
199 10
200 35
201 66
202 75
203 22
204 59
205 64
206 68
207 74
208 67
209 73
210 70
211 72
212 71
213 60
214 70
215 67
216 12
217 57
218 69
219 68
220 69
221 68
222 19
223 21
224 7
225 67
226 64
227 15
228 9
229 66
230 65
231 30
232 66
233 61
234 32
235 51
236 54
237 33
238 63
239 65
240 46
241 54
242 54
243 64
244 63
245 44
246 62
247 59
248 61
249 61
250 24
251 60
252 57
253 62
254 61
255 58
256 26
257 56
258 53
259 56
260 60
261 59
262 50
263 59
264 35
265 45
266 52
267 54
268 58
269 57
270 55
271 52
272 41
273 38
274 56
275 41
276 53
277 56
278 55
279 55
280 49
281 55
282 46
283 54
284 53
285 49
286 25
287 53
288 48
289 51
290 50
291 46
292 1
293 39
294 48
295 39
296 31
297 52
298 43
299 32
300 48
301 14
302 52
303 47
304 16
305 43
306 33
307 38
308 50
309 51
310 28
311 51
312 49
313 45
314 47
315 9
316 43
317 40
318 50
319 45
320 4
321 42
322 37
323 18
324 24
325 19
326 42
327 22
328 20
329 35
330 46
331 49
332 37
333 41
334 48
335 44
336 47
337 43
338 46
339 40
340 44
341 45
342 44
343 12
344 1
345 40
346 19
347 42
348 34
349 41
350 43
351 39
352 42
353 41
354 12
355 35
356 40
357 38
358 36
359 39
360 28
361 24
362 3
363 37
364 37
365 36
366 31
367 39
368 23
369 38
370 34
371 27
372 30
373 36
374 37
375 11
376 33
377 29
378 36
379 35
380 26
381 34
382 33
383 34
384 33
385 13
386 14
387 6
388 8
389 30
390 32
391 25
392 32
393 30
394 29
395 31
396 10
397 29
398 21
399 31
400 30
401 27
402 26
403 11
404 27
405 28
406 18
407 23
408 25
409 29
410 28
411 23
412 25
413 17
414 21
415 2
416 26
417 27
418 20
419 18
420 22
421 23
422 24
423 9
424 22
425 18
426 26
427 20
428 25
429 24
430 7
431 16
432 19
433 16
434 23
435 21
436 17
437 2
438 22
439 21
440 12
441 19
442 20
443 19
444 11
445 5
446 16
447 14
448 18
449 18
450 17
451 9
452 17
453 4
454 16
455 15
456 15
457 15
458 5
459 13
460 4
461 14
462 13
463 10
464 15
465 14
466 13
467 3
468 6
469 12
470 12
471 11
472 10
473 11
474 7
475 10
476 8
477 7
478 1
479 3
480 9
481 4
482 6
483 9
484 8
485 8
486 7
487 5
488 6
489 4
490 2
491 5
492 4
493 3
494 1
495 3
496 2
497 2
498 2
499 1
