100 41 86
0 41
1 37
2 26
3 40
4 6
5 28
6 39
7 2
8 38
9 21
10 25
11 10
12 27
13 33
14 37
15 36
16 32
17 13
18 31
19 34
20 35
21 23
22 24
23 23
24 29
25 35
26 34
27 33
28 32
29 31
30 24
31 32
32 5
33 1
34 31
35 15
36 30
37 29
38 25
39 28
40 28
41 18
42 27
43 22
44 27
45 23
46 4
47 26
48 25
49 24
50 23
51 19
52 21
53 22
54 7
55 21
56 16
57 20
58 20
59 19
60 17
61 18
62 17
63 14
64 15
65 6
66 5
67 14
68 16
69 11
70 11
71 13
72 9
73 12
74 15
75 14
76 12
77 8
78 13
79 12
80 11
81 10
82 9
83 10
84 5
85 9
86 7
87 6
88 8
89 3
90 7
91 6
92 5
93 4
94 4
95 1
96 3
97 2
98 2
99 1
