500 111 350
0 1
1 2
2 2
3 2
4 1
5 3
6 4
7 3
8 5
9 4
10 6
11 7
12 8
13 1
14 9
15 5
16 8
17 5
18 7
19 7
20 6
21 10
22 4
23 9
24 10
25 11
26 8
27 3
28 12
29 13
30 14
31 11
32 13
33 9
34 15
35 10
36 14
37 12
38 15
39 16
40 6
41 17
42 18
43 13
44 5
45 19
46 4
47 18
48 20
49 15
50 18
51 8
52 7
53 19
54 9
55 12
56 10
57 21
58 22
59 2
60 20
61 16
62 17
63 6
64 14
65 19
66 21
67 23
68 20
69 22
70 17
71 20
72 24
73 23
74 11
75 22
76 16
77 12
78 25
79 18
80 1
81 13
82 20
83 24
84 24
85 26
86 1
87 26
88 27
89 27
90 28
91 29
92 25
93 19
94 29
95 3
96 29
97 30
98 15
99 31
100 17
101 23
102 16
103 30
104 28
105 26
106 28
107 12
108 30
109 31
110 32
111 16
112 6
113 33
114 21
115 33
116 34
117 35
118 27
119 36
120 32
121 32
122 30
123 25
124 13
125 35
126 36
127 34
128 21
129 37
130 38
131 27
132 38
133 37
134 39
135 2
136 40
137 14
138 41
139 42
140 39
141 25
142 39
143 40
144 40
145 42
146 3
147 23
148 43
149 41
150 35
151 31
152 36
153 33
154 42
155 43
156 44
157 37
158 41
159 30
160 34
161 29
162 11
163 38
164 11
165 44
166 45
167 34
168 46
169 46
170 33
171 45
172 5
173 47
174 41
175 43
176 37
177 46
178 45
179 38
180 48
181 23
182 22
183 49
184 47
185 50
186 26
187 51
188 32
189 51
190 3
191 10
192 20
193 52
194 49
195 28
196 53
197 44
198 35
199 53
200 54
201 9
202 48
203 42
204 52
205 48
206 21
207 50
208 53
209 12
210 52
211 47
212 54
213 54
214 40
215 41
216 21
217 55
218 52
219 43
220 49
221 51
222 45
223 4
224 55
225 56
226 50
227 46
228 57
229 58
230 58
231 56
232 16
233 59
234 57
235 39
236 7
237 60
238 61
239 24
240 47
241 55
242 57
243 62
244 51
245 63
246 61
247 60
248 43
249 33
250 59
251 59
252 31
253 40
254 63
255 56
256 9
257 16
258 58
259 15
260 64
261 62
262 55
263 65
264 50
265 63
266 21
267 22
268 66
269 42
270 64
271 37
272 65
273 64
274 66
275 65
276 44
277 60
278 62
279 67
280 66
281 18
282 67
283 55
284 52
285 61
286 68
287 26
288 26
289 69
290 25
291 27
292 70
293 71
294 72
295 68
296 39
297 14
298 68
299 69
300 65
301 60
302 73
303 48
304 47
305 45
306 69
307 71
308 59
309 71
310 72
311 74
312 69
313 49
314 61
315 17
316 36
317 75
318 70
319 46
320 5
321 74
322 73
323 76
324 62
325 67
326 74
327 75
328 33
329 77
330 47
331 76
332 73
333 78
334 53
335 77
336 79
337 70
338 77
339 64
340 78
341 80
342 63
343 75
344 8
345 81
346 82
347 61
348 79
349 80
350 67
351 72
352 81
353 78
354 31
355 37
356 38
357 80
358 11
359 81
360 82
361 83
362 84
363 79
364 84
365 70
366 85
367 82
368 86
369 84
370 83
371 22
372 82
373 76
374 53
375 87
376 85
377 35
378 86
379 7
380 24
381 79
382 83
383 88
384 85
385 54
386 87
387 66
388 89
389 88
390 71
391 90
392 89
393 91
394 86
395 29
396 13
397 49
398 92
399 91
400 81
401 93
402 10
403 87
404 68
405 94
406 74
407 32
408 90
409 95
410 76
411 90
412 34
413 96
414 34
415 93
416 94
417 58
418 92
419 88
420 89
421 72
422 93
423 54
424 75
425 22
426 86
427 95
428 2
429 63
430 92
431 97
432 19
433 57
434 97
435 88
436 80
437 93
438 28
439 96
440 77
441 84
442 98
443 99
444 99
445 56
446 65
447 100
448 85
449 94
450 40
451 96
452 98
453 101
454 90
455 40
456 102
457 102
458 92
459 59
460 91
461 100
462 103
463 103
464 95
465 75
466 101
467 104
468 28
469 105
470 98
471 83
472 73
473 83
474 105
475 99
476 100
477 104
478 106
479 106
480 81
481 95
482 107
483 108
484 91
485 107
486 109
487 108
488 110
489 94
490 111
491 102
492 62
493 101
494 87
495 4
496 109
497 66
498 97
499 103
