100
-0.4257703721523285
-4.0991973876953125
-1.2573394775390625
0.5213639736175537
1.067520022392273
-1.0414531230926514
-1.3743163347244263
-2.9410173892974854
0.41815999150276184
0.35256505012512207
-2.343977451324463
-3.3866705894470215
-0.5858019590377808
0.298794686794281
1.3598817586898804
0.18768718838691711
0.42072832584381104
0.19728471338748932
-0.2780627906322479
-1.7418826818466187
-4.331409454345703
-0.3822343051433563
-1.5930150747299194
1.041837215423584
0.34552523493766785
-1.629226803779602
-1.0754233598709106
0.6910816431045532
1.5292656421661377
0.4232422411441803
0.5536960959434509
0.6478403806686401
0.9022042155265808
-1.7778695821762085
-1.452304720878601
1.4114370346069336
1.3851715326309204
0.6808690428733826
-1.4562326669692993
-0.6896540522575378
-0.1081257089972496
0.7093949913978577
0.43404415249824524
-1.2877824306488037
0.30409708619117737
-1.7256418466567993
0.848456859588623
3.058624267578125
2.088923215866089
0.5599386692047119
1.833290934562683
0.7128803730010986
1.6282926797866821
-0.02000572346150875
-2.5404083728790283
3.0309455394744873
-0.18199658393859863
1.3056074380874634
0.9871762990951538
-1.3883765935897827
2.5812110900878906
2.5594913959503174
1.1786259412765503
0.5418106913566589
-1.058343768119812
1.37014639377594
1.283846378326416
1.1581614017486572
1.4539566040039062
1.318524956703186
-0.38141295313835144
-2.6773064136505127
3.9676785469055176
0.2761816680431366
-0.46592986583709717
0.3499143123626709
-1.8412102460861206
0.6173961758613586
-2.1510725021362305
1.2419848442077637
3.4187421798706055
2.32524037361145
-0.7230896353721619
1.1316940784454346
-0.6161700487136841
-2.411863327026367
-2.156895399093628
0.162199929356575
-2.407066583633423
1.007807731628418
-0.29287680983543396
-1.4715379476547241
-3.217618227005005
0.4351714849472046
-0.4881054162979126
0.4505213797092438
1.8425557613372803
0.1396046131849289
2.2939023971557617
0.4193849563598633
3.970921065974433E-4
