500
0.313696950674057
0.37498682737350464
0.6073740124702454
-0.5854422450065613
-0.011294744908809662
0.9321577548980713
-0.8177726864814758
0.09306108951568604
-0.6376011967658997
-0.3891955614089966
0.7141669392585754
-0.25177398324012756
-0.5009884238243103
-0.7422701716423035
0.48497408628463745
-0.9913122653961182
-0.2891704738140106
-0.12122301757335663
-0.399764746427536
0.48931044340133667
0.024408768862485886
-0.42146599292755127
-0.4442201852798462
0.020896073430776596
-0.5466435551643372
1.3201056718826294
-0.519447386264801
-0.6944860219955444
1.560374140739441
2.0902040004730225
-0.00694314343854785
-0.5728330612182617
-1.5243020057678223
0.6267064809799194
-1.1079461574554443
-0.3270372748374939
0.03563443571329117
-0.49367526173591614
-0.7084966897964478
0.5619789958000183
-0.05558284372091293
-0.11286457628011703
1.3592721223831177
0.5565047860145569
-0.6098302006721497
-0.20784765481948853
-0.14656901359558105
0.8202274441719055
0.9952842593193054
-0.22751381993293762
0.611823558807373
2.0431113243103027
-0.762947678565979
1.0800739526748657
-0.27374961972236633
-0.2108478993177414
0.5652782917022705
0.3561604619026184
-0.5661306977272034
-0.1843736171722412
-0.7750162482261658
-1.1648892164230347
-0.9497600197792053
0.4421079456806183
0.5422226190567017
-0.28940877318382263
0.2854599058628082
-1.243638038635254
-0.7570883631706238
0.40161240100860596
0.0039872657507658005
-0.25221550464630127
-0.15480409562587738
-0.2513940930366516
-0.3287285268306732
0.8710677623748779
0.9922400116920471
0.7078555226325989
-0.2416822463274002
0.40213847160339355
1.2470918893814087
-0.19992205500602722
0.6797404289245605
0.35441046953201294
-0.17846906185150146
0.47786858677864075
0.08521725982427597
0.49977415800094604
1.2560406923294067
-0.6549583077430725
0.6151487827301025
0.929336667060852
0.1470918506383896
-0.39941519498825073
-0.9989983439445496
0.4007873237133026
-0.47611862421035767
-0.13078753650188446
0.595970094203949
0.9759403467178345
-0.6115084886550903
-0.4761399030685425
-0.8465590476989746
0.1528344452381134
0.16908499598503113
0.19710765779018402
-0.3190113604068756
0.6693870425224304
-0.600662112236023
1.1029722690582275
0.31724998354911804
1.12441885471344
-0.4156908094882965
-0.2207595556974411
-1.044000267982483
-0.39596205949783325
-0.06904884427785873
0.40102213621139526
0.9095893502235413
-0.09307418018579483
1.1130750179290771
-0.8471500277519226
-0.4501667618751526
0.49942851066589355
1.3496131896972656
-0.8967215418815613
0.8971655964851379
1.0134106874465942
0.12678003311157227
0.2636561393737793
0.08018843829631805
-0.053832899779081345
1.087524652481079
0.641231119632721
-0.47144997119903564
-0.4437711536884308
-1.2062220573425293
0.6960373520851135
-0.4024972915649414
-0.9103131890296936
0.25979673862457275
0.33286648988723755
-0.7556511163711548
-0.5399020314216614
0.4230305254459381
0.021932650357484818
-0.14940820634365082
-0.36241719126701355
-0.6211479902267456
-1.4403997659683228
-0.22816595435142517
-0.3032432794570923
-0.25926679372787476
-0.5132972002029419
1.158949851989746
-0.7879881858825684
0.13528694212436676
1.2738409042358398
0.06652826815843582
-0.46127423644065857
-0.784588098526001
-0.49519455432891846
0.22213764488697052
-0.35445132851600647
0.5174601078033447
-0.170161634683609
0.3619081676006317
0.9734408259391785
0.5888357758522034
1.3717721700668335
0.2669477164745331
-0.027219261974096298
-0.12975364923477173
0.11936546117067337
0.2572879195213318
0.08748336136341095
0.10306785255670547
1.5788612365722656
-1.0916600227355957
1.1259127855300903
0.7016545534133911
-0.3199946880340576
-0.09138898551464081
0.5187743902206421
-0.039292603731155396
1.4755038022994995
0.4080415666103363
-1.0974245071411133
-0.5091350674629211
-0.15554653108119965
-1.487900972366333
-0.49675479531288147
0.3944661021232605
0.2538786828517914
-0.8171433210372925
-0.6326276063919067
-0.02739955112338066
-0.43432509899139404
0.8100653886795044
-0.5962487459182739
-0.2585597336292267
1.0449870824813843
-0.8850694894790649
-0.8150365352630615
0.29945439100265503
-0.5159503221511841
0.7661987543106079
-0.4319900572299957
0.8612701296806335
-0.14339953660964966
-0.7710009217262268
0.09088309109210968
0.2276696264743805
1.118444800376892
0.08006586134433746
0.8177417516708374
-0.6593219637870789
-0.3717646896839142
-0.048134345561265945
-0.012891702353954315
-0.39984333515167236
-0.4299071431159973
0.9524389505386353
0.3601920008659363
-0.6729438304901123
0.6064724922180176
-0.021974023431539536
0.6739641427993774
0.7667660117149353
-0.6223099231719971
-0.028004547581076622
0.4388135075569153
-1.5978922843933105
-0.27228811383247375
0.7360629439353943
-0.9350988268852234
-0.1691310703754425
0.13501359522342682
0.5809828042984009
0.5676641464233398
0.0031361165456473827
0.16691911220550537
-0.42443642020225525
0.15318506956100464
0.8662630319595337
-0.22500063478946686
0.25516843795776367
-0.13401152193546295
0.19573719799518585
0.7547018527984619
0.15444223582744598
-1.3664675951004028
0.46857619285583496
-2.2210769653320312
0.8946958780288696
1.3067800998687744
0.4929122030735016
-0.32650211453437805
-0.019907938316464424
-0.35324496030807495
-0.9067308902740479
0.0834888145327568
-0.9176015853881836
0.9572942852973938
0.5558193325996399
-0.9227662086486816
0.7897032499313354
0.1778104305267334
-0.09067438542842865
0.13516084849834442
0.09990804642438889
-1.2242791652679443
0.5517849326133728
-0.43540507555007935
0.5341516733169556
-0.9327269792556763
-0.8316222429275513
1.311245322227478
0.94725102186203
0.252832293510437
-0.18296591937541962
0.938946545124054
0.06437140703201294
0.5077497363090515
0.14245250821113586
1.0667774677276611
-0.8909053206443787
-0.3298175632953644
-0.38671910762786865
1.2493845224380493
-0.059959493577480316
-0.648387610912323
0.8555710911750793
0.16474132239818573
0.5887799859046936
0.45432233810424805
-0.7110403776168823
-1.1061222553253174
-0.16879728436470032
-1.2213821411132812
-0.6755276918411255
-0.9491048455238342
-0.15308739244937897
0.04522634670138359
-1.2070719003677368
0.05450635030865669
-0.14197595417499542
0.1483631283044815
-0.6206614971160889
-0.8241251111030579
0.21828928589820862
-0.047595422714948654
0.20437493920326233
-0.22042007744312286
-0.06484957039356232
0.0368056446313858
0.02929273433983326
-0.6345872282981873
-0.7092556357383728
-0.4164731800556183
-0.17602679133415222
-0.25171345472335815
-0.33038467168807983
0.6552783846855164
-1.0602822303771973
1.5979665517807007
-1.8283904790878296
0.06409792602062225
0.20702727138996124
0.053099676966667175
-1.5170834064483643
-0.5570644736289978
0.46156802773475647
0.7005255818367004
0.24332204461097717
0.378732293844223
0.5939341187477112
0.5640645623207092
0.26335659623146057
-1.052599549293518
0.6303927898406982
-1.0670384168624878
-0.7498738169670105
0.6720266342163086
-1.1344341039657593
0.8364778757095337
0.4157063364982605
0.7276962399482727
0.5684570074081421
1.3299016952514648
0.45927146077156067
0.9886804819107056
-0.45908042788505554
-0.11767475306987762
0.6545957922935486
-0.38754311203956604
0.9762428402900696
-0.12049943208694458
-0.17931659519672394
-0.21830067038536072
0.33784258365631104
0.22806504368782043
-0.37364012002944946
0.23899586498737335
0.17125627398490906
0.5121920108795166
-0.9683189988136292
-0.8530670404434204
-0.07014618813991547
0.5601364970207214
-1.1265788078308105
0.5838953256607056
-0.25488603115081787
1.8592106103897095
-1.6446378231048584
0.1529550552368164
-0.5632063150405884
0.3817036747932434
-1.096813678741455
-1.5278024673461914
0.3365684747695923
1.2124475240707397
-0.6488869190216064
0.2165534645318985
0.23172633349895477
-0.19633305072784424
-0.7835280299186707
0.13895298540592194
-0.8643081188201904
-2.085871458053589
-0.49839115142822266
0.9409129023551941
0.11715249717235565
-1.1784625053405762
0.861540675163269
-0.763861894607544
0.5625248551368713
0.1066807433962822
-0.5553182363510132
-0.2596112787723541
-0.779436469078064
-0.2257990539073944
0.008545145392417908
-0.8134883642196655
0.8259979486465454
0.9769294261932373
-0.49786970019340515
-0.516459047794342
1.1963846683502197
-0.050298504531383514
0.984415590763092
-0.2871018648147583
0.0014265791978687048
-0.5060436725616455
-0.3113979399204254
-0.759177565574646
0.7509410381317139
-0.23998373746871948
0.5144191980361938
-1.179760456085205
-0.19654801487922668
-1.7307631969451904
-0.48534685373306274
0.8598064184188843
-0.5534910559654236
0.5207183361053467
0.10425139963626862
0.022486187517642975
0.0857924073934555
0.8037996888160706
-0.7494186162948608
-1.0083239078521729
0.38692066073417664
-0.4471352994441986
-0.34548887610435486
-0.8836331963539124
0.8487666845321655
0.8171214461326599
-1.1243468523025513
0.10514083504676819
-0.6743993759155273
1.5821017026901245
-0.12439996004104614
0.8169227242469788
0.9756338596343994
0.339097797870636
-0.014078094623982906
-0.24863626062870026
0.03029232658445835
-0.4664916694164276
-0.007529915776103735
-0.0954551100730896
0.5773769021034241
-0.0027556931599974632
-0.6232840418815613
0.7764569520950317
-0.2398548275232315
-0.1068272739648819
0.7817296385765076
-0.05012861639261246
-0.34621426463127136
0.2937147617340088
0.18491904437541962
-0.3384370803833008
-0.40265926718711853
1.0101336240768433
-0.5259824395179749
0.05595625564455986
-0.5721270442008972
1.5230687856674194
0.5447106957435608
0.9621967077255249
1.0773831605911255
-1.6233155727386475
-0.40907931327819824
0.7099964618682861
1.2693126201629639
0.22601884603500366
0.9572299718856812
-0.9773384928703308
-0.07272188365459442
-1.3391566276550293
-1.1072492599487305
-1.4666790962219238
0.7960948348045349
0.8356838226318359
0.9926022887229919
0.6914191246032715
-0.670802891254425
0.2668403685092926
-1.4154993295669556
-0.7810850739479065
0.8516260981559753
0.2740911543369293
-0.6363531947135925
0.4501003921031952
0.2453220635652542
0.308755099773407
-0.34314635396003723
-0.4048268496990204
6.902164263066252E-4
