1000
0.16050580143928528
-0.633265495300293
-0.5936331152915955
0.06716827303171158
-1.4706923961639404
-0.7371349334716797
0.6396748423576355
0.5716530680656433
-0.601021945476532
0.2606487274169922
-0.8073493242263794
-0.6226614117622375
0.3091380000114441
-0.6915475726127625
0.029296839609742165
-1.2663593292236328
-0.8276597857475281
0.4404209852218628
-0.6033269762992859
-0.16396816074848175
-0.8967790603637695
-0.6996031999588013
0.33608418703079224
-0.03303522989153862
-0.2187926173210144
0.2277427613735199
0.7808001041412354
-0.003716546343639493
-0.6284410357475281
0.8116551637649536
0.1627860814332962
-0.2193572074174881
0.0717313140630722
-1.3410767316818237
0.2084052711725235
0.4294004738330841
0.44752052426338196
1.3550591468811035
-0.07296416163444519
-0.6273894309997559
0.0349244549870491
-1.8204854726791382
-0.3833686113357544
-0.07373332232236862
-0.5464433431625366
0.5136619806289673
-0.5163315534591675
1.106022596359253
-0.2263496071100235
0.5141252279281616
0.5803335905075073
0.010841240175068378
-0.1344069540500641
0.8946528434753418
0.2152004987001419
-0.22199605405330658
-0.7893985509872437
-0.27293747663497925
0.2653459310531616
-0.4943180978298187
-0.24835188686847687
0.20506075024604797
0.645446240901947
0.2772989273071289
-0.7421365976333618
0.45348238945007324
-0.467635840177536
-0.6172239184379578
-0.018845459446310997
0.3566494286060333
-1.1533311605453491
1.3374696969985962
0.9182841181755066
-0.3003925085067749
0.4982878267765045
1.2156167030334473
0.43586140871047974
-0.019303595647215843
-1.2224851846694946
0.1270837038755417
-0.09431654959917068
0.33129286766052246
1.1982313394546509
-0.03260716050863266
0.5893798470497131
-0.6390344500541687
1.277084469795227
1.7140371799468994
-0.9834568500518799
-0.7460816502571106
0.08078664541244507
-0.5356783270835876
0.9408701658248901
0.18224301934242249
-0.15343420207500458
-1.2526521682739258
-1.0103228092193604
-1.1478173732757568
-1.0949182510375977
-0.1067400574684143
1.0303549766540527
-0.9105196595191956
-2.251938819885254
2.046267509460449
1.184609293937683
-0.8450954556465149
0.3924572467803955
0.794506311416626
2.078653573989868
0.12702906131744385
-1.511671781539917
-0.276995986700058
1.0940475463867188
-0.20393319427967072
0.061536744236946106
-0.3270314633846283
-0.5866426825523376
-0.40746524930000305
-1.1201869249343872
0.3925284147262573
-0.9083372354507446
0.5577687621116638
-0.4142264127731323
0.10660385340452194
0.6123218536376953
-0.5436137914657593
-0.7115607857704163
0.5987789034843445
-0.6599972248077393
-1.4397410154342651
-0.6225597262382507
0.5459225177764893
-0.1410302221775055
0.3627031445503235
-0.2968854308128357
0.6641252040863037
0.2836779057979584
-0.7278308272361755
0.5472382307052612
-0.11256974935531616
-1.2977550029754639
1.4496307373046875
0.02355419658124447
0.24675296247005463
-0.22364310920238495
1.0006206035614014
-0.03223993256688118
0.8524568676948547
0.13526104390621185
-0.13108399510383606
1.122109293937683
-0.8493647575378418
0.07829754799604416
-0.8743427991867065
0.095000259578228
0.19217675924301147
0.3328227400779724
0.2196631282567978
-1.0988116264343262
0.9489889740943909
-1.2652266025543213
-0.8253065943717957
-0.9549116492271423
0.3137415945529938
0.2969689667224884
-0.6897472739219666
1.0001842975616455
-0.6246887445449829
-0.485899955034256
-0.852187991142273
-0.37604665756225586
0.8956030607223511
0.07847248017787933
-0.9173333644866943
-0.0559140183031559
0.15900175273418427
-1.2987090349197388
0.30781832337379456
1.5019619464874268
0.13250501453876495
-0.6495452523231506
-0.9261527061462402
0.7532481551170349
-0.7121202945709229
-0.28344836831092834
-0.05520477145910263
0.11924690753221512
0.3729632794857025
-0.02717580273747444
-0.2022724598646164
0.9354057908058167
0.4549562931060791
-0.8175071477890015
1.054898977279663
0.5199151039123535
-0.6387801766395569
0.10715848952531815
0.30576154589653015
1.5169395208358765
1.4487248659133911
0.595299482345581
-1.0805429220199585
0.32221436500549316
-1.1633683443069458
-0.7020995020866394
-0.0949893668293953
-0.4377492368221283
0.771835446357727
-0.8043999075889587
0.3972381353378296
-0.36583226919174194
-0.10732750594615936
-0.36056381464004517
-1.3073842525482178
0.3036372661590576
0.04116646945476532
-0.8650248646736145
1.114439606666565
-0.43566808104515076
0.43019604682922363
0.7547755241394043
0.638454794883728
-0.9503394961357117
-0.106560617685318
-0.193606436252594
0.3256397247314453
-0.7916227579116821
-0.34617429971694946
0.2268296182155609
0.5283962488174438
0.045301515609025955
0.6994637250900269
-0.6853365898132324
-0.35161134600639343
0.7642300128936768
0.9507718682289124
1.1322038173675537
0.5282950401306152
-0.3949268162250519
0.6408063769340515
0.3331878185272217
0.342507004737854
0.6412280201911926
0.9581732749938965
-0.4743914008140564
0.7933430671691895
0.8397259712219238
0.10836928337812424
-0.16559898853302002
0.45460644364356995
1.548040509223938
-0.522426962852478
0.4895513951778412
-0.3014332950115204
0.6345259547233582
0.8934391140937805
0.6045542359352112
-0.9879462122917175
0.5310781002044678
0.658108651638031
1.3060431480407715
-0.6862832307815552
-0.40843111276626587
-0.3379848301410675
0.4127163589000702
-0.18829873204231262
-1.473396897315979
0.9402353167533875
0.3805885910987854
-1.7003998756408691
1.6726678609848022
-0.9242355823516846
0.4792594909667969
-0.02194937877357006
-0.42693254351615906
0.15238364040851593
-0.14966969192028046
0.43885165452957153
0.0033641287591308355
0.5372233390808105
0.2943309247493744
0.7790860533714294
-1.1779412031173706
-0.6847367882728577
-0.5283321142196655
0.3508647084236145
0.4320088028907776
-0.17654699087142944
0.6628792881965637
-0.6948605179786682
-1.1004090309143066
-0.31738579273223877
0.031018538400530815
-1.4679900407791138
0.664513885974884
-1.0245282649993896
0.8213137984275818
-0.4326326847076416
0.3970101475715637
-0.6620169281959534
0.40701234340667725
0.6818478107452393
0.6376661062240601
-0.3885374367237091
-0.6763896346092224
-1.0661898851394653
-0.6312175393104553
-0.9768573641777039
-0.2971157431602478
0.5873748660087585
-0.18762725591659546
-0.24276041984558105
0.6013487577438354
-1.5907866954803467
0.13688291609287262
0.1415845900774002
1.2293710708618164
0.40607061982154846
-0.4108283817768097
-0.9198736548423767
-0.09457641839981079
0.9206117391586304
0.7757626175880432
0.23843078315258026
-0.6246812343597412
0.38367441296577454
-0.12137118726968765
-0.11164595931768417
0.7087785601615906
0.5087482333183289
-0.09526462852954865
-0.49752023816108704
0.22552472352981567
-1.3129985332489014
0.5814225673675537
-0.11784589290618896
0.06350283324718475
0.9022917151451111
0.18576715886592865
-1.122727394104004
-0.5403310060501099
0.10349857062101364
-0.8341598510742188
-0.4963108003139496
-0.32877838611602783
0.7346286177635193
0.9695807099342346
0.9682057499885559
-0.3941618502140045
0.10457303375005722
-0.4287944734096527
0.6966308951377869
-0.6532185673713684
-0.32492125034332275
-0.0977582186460495
0.27281057834625244
-0.1870146542787552
0.722709596157074
-0.005872958339750767
0.6856412887573242
-0.2505733072757721
-0.3926678001880646
0.5208325982093811
-0.3210342824459076
0.4189951419830322
-0.5210155844688416
-0.8532338738441467
0.20711535215377808
0.664038360118866
-0.7241902947425842
0.4334203004837036
-0.7182644009590149
-0.9158587455749512
0.18992654979228973
-0.0998946949839592
0.8017892241477966
-0.9130024313926697
-0.500762403011322
0.43518784642219543
0.054701466113328934
0.10228144377470016
-0.16023243963718414
-0.676322340965271
1.5736292600631714
0.8026406168937683
-0.3217044770717621
0.31983232498168945
-1.1429235935211182
-0.32324156165122986
0.018193380907177925
-0.2091410607099533
-0.37158524990081787
0.05164854973554611
0.7432183623313904
-0.2550167143344879
-0.04838483780622482
0.6022455096244812
-0.7270204424858093
-0.04429394379258156
-0.008907065726816654
-0.16873018443584442
0.4478755593299866
0.2899918258190155
-0.26701080799102783
-0.4913172125816345
-0.5812914967536926
-0.39123550057411194
0.6315097212791443
1.5697948932647705
-0.08915307372808456
0.4458901584148407
-0.24668577313423157
-0.8941752314567566
-0.4840158224105835
-0.5042011737823486
0.8731135129928589
-0.13857735693454742
0.017505217343568802
-0.8410940766334534
0.07441744208335876
-0.050471775233745575
-2.6828949451446533
-0.06881298869848251
0.6372779607772827
-0.034867215901613235
0.7367801666259766
-1.5457568168640137
-0.31138068437576294
-0.6280571818351746
0.6638180017471313
-1.6551159620285034
-0.22360022366046906
-0.9027581810951233
0.930657684803009
0.4260902404785156
-0.1852622777223587
-0.3288053274154663
-1.2794058322906494
1.3322418928146362
0.64473557472229
-0.27773743867874146
0.27694371342658997
-0.38057219982147217
-0.7447701096534729
0.7255598306655884
0.5615611672401428
-1.1331441402435303
0.02887929230928421
-1.0475752353668213
-0.10464431345462799
0.6304466128349304
0.63385009765625
1.2811648845672607
0.7085133790969849
-0.03854275494813919
-0.3067986071109772
-1.3409745693206787
-0.7589135766029358
0.6008164286613464
0.9538342952728271
-0.4872126877307892
-0.8038204312324524
-1.289215087890625
-0.43088504672050476
0.45289939641952515
0.22626905143260956
-0.6788739562034607
0.7736445665359497
-0.28412532806396484
0.6765417456626892
1.2097690105438232
0.27348002791404724
0.9569039940834045
0.28566068410873413
-0.37221238017082214
0.005211474373936653
-0.31113603711128235
-0.21875277161598206
-0.7610020041465759
-0.17102526128292084
-1.7774279117584229
-0.22383074462413788
-1.0022366046905518
-0.23982296884059906
1.2778037786483765
0.6320849657058716
1.1259607076644897
0.0049659996293485165
0.21217356622219086
-0.8270033001899719
-0.858512282371521
-0.4051666259765625
-0.7626033425331116
-1.01913583278656
0.13889947533607483
-0.8349923491477966
-1.705986738204956
0.13809455931186676
0.07875922322273254
0.23759816586971283
-0.13003824651241302
-0.3730825185775757
0.8008437752723694
0.048562660813331604
0.08950255811214447
0.4314885437488556
-0.3814605474472046
-0.36320799589157104
-0.2586003839969635
-0.2024732530117035
1.123085379600525
-0.7249853610992432
0.7593402862548828
-0.1711319088935852
0.24337391555309296
-1.8130649328231812
0.12942737340927124
-0.7729101181030273
0.7248880863189697
0.27300187945365906
-0.9244303703308105
-0.3210597336292267
-0.21498483419418335
0.4405382573604584
0.3346737325191498
0.3243248462677002
0.41863539814949036
0.6716775298118591
-0.5982323288917542
1.2717357873916626
-0.4586219787597656
1.373429298400879
0.8741292953491211
-0.1527988761663437
-0.16262546181678772
-0.28665220737457275
-0.6446743011474609
-0.17679543793201447
-0.5282675623893738
0.29560014605522156
0.2834795117378235
-0.22245778143405914
0.02230219915509224
-0.35142508149147034
0.4654821455478668
-0.04315599426627159
-0.5859203934669495
0.1731928437948227
-0.15224972367286682
-0.4225461781024933
-0.4172242283821106
-0.5178897976875305
-0.48174601793289185
-0.26613032817840576
1.2709087133407593
0.4926180839538574
0.4865381717681885
-0.15904490649700165
-0.6638903617858887
-0.4653507471084595
-0.8171749711036682
1.080541968345642
-0.29128527641296387
-1.1363065242767334
0.7575135827064514
1.4474009275436401
0.17575299739837646
0.5088413953781128
0.018352540209889412
-0.8328647613525391
0.32318663597106934
0.4264979958534241
-0.5979873538017273
0.8262709379196167
-0.26139694452285767
-1.0283325910568237
-0.6752247214317322
-0.8910263180732727
-0.9906616806983948
-1.5541073083877563
-0.2624596953392029
-0.18355320394039154
-0.21139183640480042
-0.1442122459411621
0.36184459924697876
0.24024741351604462
0.6144464612007141
0.17258021235466003
0.5388405323028564
-0.1784563958644867
0.8537890911102295
1.2537895441055298
-0.005579760763794184
-0.29316702485084534
0.9112144112586975
-1.3643083572387695
0.777458667755127
0.963991641998291
-0.11065930873155594
0.5082641839981079
0.8504109382629395
0.09854957461357117
0.13676945865154266
0.5923494100570679
-1.1588354110717773
0.4870639443397522
-0.8536416888237
-0.451581746339798
-0.108728788793087
-0.25450801849365234
0.5977181196212769
1.1752935647964478
0.45227280259132385
-1.6152483224868774
-0.36372706294059753
0.5141794085502625
1.1153427362442017
0.044036976993083954
0.10650365799665451
-0.2576065957546234
0.014483834616839886
-0.043062012642621994
1.5942509174346924
-0.7038779854774475
-0.14077553153038025
1.3045117855072021
0.6524396538734436
-0.07787047326564789
0.16775022447109222
-0.08181707561016083
-0.9106354117393494
-0.5156916379928589
0.126543790102005
0.9965251684188843
1.1779561042785645
-0.47617843747138977
0.7026458978652954
0.7688856720924377
-0.7515051364898682
0.643745481967926
0.23589371144771576
0.42270052433013916
0.07309571653604507
0.2899206280708313
-0.09107589721679688
0.6438230276107788
0.3235805034637451
0.14323267340660095
-0.21290262043476105
0.9014291763305664
1.4995063543319702
-1.6763430833816528
-0.3315953314304352
-0.9614852070808411
-0.434388130903244
0.2279794067144394
0.23757857084274292
1.1131788492202759
0.998971164226532
0.654923141002655
0.3094625473022461
-0.17267198860645294
-1.03814697265625
1.4506150484085083
0.5856190323829651
-0.9839637279510498
0.27589529752731323
0.45288902521133423
-0.6145411133766174
-0.520595908164978
-0.7370930314064026
-0.3002324402332306
-1.1101784706115723
0.16968737542629242
0.23395107686519623
-0.02813093736767769
0.16729502379894257
-0.7527635097503662
-0.20812129974365234
-0.5771700739860535
0.32765474915504456
0.5191447138786316
0.26773595809936523
-1.1529675722122192
1.3037915229797363
-0.20316216349601746
0.3827686905860901
0.07594205439090729
-3.010549407918006E-4
0.2407817542552948
-0.7733369469642639
0.77009117603302
0.36726438999176025
0.3062504231929779
0.9138764142990112
0.1733657568693161
-1.629734754562378
1.0531525611877441
-0.18045629560947418
-0.4793534278869629
-0.5995253324508667
-0.6623184084892273
-0.027368668466806412
0.6560550928115845
-0.6455654501914978
-0.25977736711502075
0.11747170239686966
0.6227762699127197
0.8491609692573547
1.0239845514297485
0.2227632999420166
-0.025437910109758377
-0.22874408960342407
-0.18132682144641876
-0.20170137286186218
-0.14114369451999664
-0.45118919014930725
1.060842752456665
1.5484533309936523
-1.129834532737732
-0.24431852996349335
-0.4985840916633606
-1.623795986175537
-0.11215682327747345
1.379233717918396
-0.6167215704917908
0.7786365151405334
-0.41066038608551025
-0.8713119626045227
-0.25696614384651184
0.09504270553588867
-0.5743815302848816
0.5314885377883911
-0.5515497922897339
-0.7867642641067505
1.2609469890594482
-0.03575912490487099
-0.7351065278053284
0.38825729489326477
-0.21742624044418335
-0.22037266194820404
-0.15212100744247437
-1.1928566694259644
-0.4877108633518219
-0.8308725953102112
-0.39308109879493713
1.3248552083969116
0.1069483831524849
-0.3002052903175354
-0.4061321020126343
-0.2897759974002838
0.9418011903762817
0.8120508790016174
-1.3102904558181763
-1.1882812976837158
0.985658586025238
0.5696292519569397
-0.8609448671340942
-0.35433900356292725
-1.1372383832931519
0.3388185501098633
0.4806079864501953
-0.5027595162391663
0.12078005075454712
-0.5752489566802979
-0.587032675743103
0.5002672672271729
0.3264620304107666
0.4514421224594116
-0.8147630095481873
-1.0132163763046265
-1.5641578435897827
-0.23711395263671875
-0.7518113851547241
-0.5450042486190796
1.351919174194336
1.3139042854309082
-1.1744146347045898
-0.006926817819476128
1.0960485935211182
-0.005612884648144245
0.7617207765579224
-0.2681094706058502
-0.22666148841381073
-0.1755465418100357
-0.6856568455696106
0.3800131678581238
0.5176401734352112
-0.9410690069198608
0.4522479772567749
-0.4713314473628998
-0.5508119463920593
-0.1097392663359642
-0.24171219766139984
1.1332764625549316
0.5526240468025208
1.189483880996704
0.6445187926292419
-0.7463043332099915
0.2422936111688614
0.17324049770832062
0.5266348719596863
0.2129725068807602
-0.3575638234615326
-0.6927571296691895
-1.5846952199935913
-1.013525128364563
-0.1437954604625702
1.187710165977478
1.0437102317810059
0.5934984683990479
-0.7673535943031311
0.629101037979126
0.21038712561130524
-0.19590021669864655
0.6787981390953064
0.9312458038330078
-0.21369817852973938
0.5616921186447144
-0.07317201793193817
1.3253998756408691
0.6211176514625549
1.2138752937316895
-0.6195338368415833
-1.398329257965088
-0.23667199909687042
0.4168548882007599
0.40298548340797424
0.7757008671760559
1.5437849760055542
0.3325900435447693
0.7870680689811707
1.667108178138733
0.3641037344932556
0.5582152009010315
-0.8276221752166748
1.5705137252807617
0.47681891918182373
-0.008730261586606503
-0.016592783853411674
-0.7820274233818054
-0.5056903958320618
0.25022169947624207
0.16265808045864105
1.1602118015289307
-0.21271450817584991
0.4004668891429901
1.005167007446289
-0.03248343616724014
0.20992739498615265
0.9124677181243896
0.40219056606292725
0.6292183995246887
0.6948332786560059
0.7111165523529053
1.1452901363372803
-0.5109795331954956
0.8124577403068542
0.059955377131700516
-0.8315441012382507
1.12334406375885
-0.4230830669403076
-0.15558956563472748
-0.06573976576328278
0.476360559463501
0.21612441539764404
0.025486472994089127
0.11108269542455673
-1.1599514484405518
1.3360310792922974
0.07701578736305237
-0.6094514727592468
0.4295351505279541
1.1560001373291016
-0.9035158753395081
1.1436330080032349
-0.3986699879169464
-0.37199896574020386
0.7705366611480713
0.5435103178024292
-0.2663763165473938
0.1253340095281601
0.8933202624320984
-0.26667270064353943
0.579458475112915
-0.2981777489185333
-0.8024805188179016
0.2078472375869751
0.2959445118904114
-0.21379360556602478
0.4217216372489929
0.9233384728431702
0.3379605710506439
-2.579216241836548
-1.3392667770385742
-0.2077515870332718
0.19541499018669128
1.6374624967575073
0.32822322845458984
0.4695175588130951
0.06790793687105179
0.20638366043567657
0.07241818308830261
-0.444762647151947
-0.16037559509277344
-0.334281325340271
1.3800889253616333
-0.3654497265815735
-0.3390679657459259
0.7536050081253052
-0.7725398540496826
0.06942887604236603
-0.6804210543632507
-0.9556210041046143
0.8434178829193115
0.38260984420776367
0.21567067503929138
0.5759273171424866
-1.197128176689148
0.40826088190078735
-0.3714144825935364
-0.5881309509277344
-0.9391242265701294
0.5079669952392578
1.0154811143875122
-0.21000182628631592
0.134998619556427
-0.19753819704055786
0.32478195428848267
-0.7153183221817017
0.3851892054080963
0.5530021786689758
0.2719740867614746
-0.7712770700454712
0.3418956995010376
-0.2826477885246277
-0.9695423245429993
0.1985088288784027
1.1000827550888062
0.4366663992404938
0.14810781180858612
0.4989207983016968
-0.37781670689582825
-0.42204156517982483
-1.2971553802490234
-1.3597517013549805
0.5581874251365662
-0.536232054233551
0.5015677213668823
-0.43992879986763
0.9693304896354675
0.7552040815353394
0.07243578135967255
0.07052470743656158
0.17782172560691833
0.8096172213554382
0.25601083040237427
-0.4615625739097595
-0.5037274956703186
-0.22171662747859955
0.05694914236664772
-0.8524879217147827
0.4527798891067505
1.4839351177215576
0.6262903213500977
-0.8921968936920166
-0.5882812142372131
-0.7011120915412903
-0.061566293239593506
0.537741482257843
0.8502852320671082
-0.32028067111968994
-0.18265344202518463
0.679911732673645
-1.0071368217468262
1.0985291004180908
0.48712190985679626
0.5113686919212341
-1.0813225507736206
0.427040696144104
0.35575512051582336
1.255890130996704
-0.7511709928512573
0.5931862592697144
-0.383644700050354
-0.9146794080734253
-0.18879540264606476
0.183051198720932
0.3824172616004944
-0.7426984906196594
-1.2797691822052002
0.15397995710372925
-0.2113945186138153
-0.5429001450538635
1.0680859088897705
-0.290654718875885
-1.0342775583267212
-0.5457878708839417
-0.7281606197357178
0.01789943501353264
0.0025136225044326208
