100
-0.42577039268203504
-4.099197528667947
-1.2573393561125203
0.5213633217942899
1.0675199866059781
-1.0414528633389077
-1.374315696190657
-2.9410171560252873
0.41815989427547534
0.3525651523014248
-2.3439774994580596
-3.386670569883249
-0.5858019054732575
0.2987946775992396
1.3598810796257814
0.18768729258919717
0.42072871785655824
0.1972851690751493
-0.2780628441802104
-1.741882962697088
-4.331410954491982
-0.38223385089570705
-1.5930153327322425
1.0418379398895088
0.34552500367173594
-1.629226905281036
-1.0754232513809898
0.6910816119923178
1.5292654786570183
0.4232422286883855
0.5536961906731863
0.64783967815933
0.9022042231727577
-1.777868624802124
-1.452304866245617
1.4114371425781638
1.3851713168960382
0.6808690136562414
-1.456233250986446
-0.6896535090525913
-0.1081257077268779
0.7093947645817343
0.4340442016203473
-1.2877810722894583
0.30409736508125207
-1.7256416868467443
0.8484568138486434
3.058624959268551
2.088923629608202
0.5599402398958899
1.8332910858871714
0.7128803208858798
1.6282942319107827
-0.020005713531799505
-2.540408109183391
3.0309459919870854
-0.18199642755861573
1.3056075644559555
0.9871762852137022
-1.3883767736177137
2.581210771375883
2.559491441958209
1.1786250611464326
0.5418107796025371
-1.0583437511398726
1.3701464448684206
1.2838457177403018
1.1581616675338733
1.4539570239088238
1.318525085483895
-0.38141224062569656
-2.677305741480723
3.9676787868557626
0.27618145832390584
-0.46592882371375666
0.34991338838115177
-1.8412101460279178
0.617396160016494
-2.1510719395072857
1.2419849386546522
3.4187415369518126
2.3252405556433553
-0.7230895479708872
1.1316941205896767
-0.6161693902354571
-2.411863180037975
-2.1568972034919307
0.16220045074312095
-2.40706608340533
1.0078080715815125
-0.29287799445531354
-1.471536838097603
-3.2176176684893893
0.43517173227578126
-0.48810537299497553
0.4505210499459613
1.8425551151712651
0.13960502246073006
2.293902093658143
0.41938477925360873
1.047983579667729E-13