500
0.31369661676810495
0.37498655646723084
0.6073738900867247
-0.5854424859481466
-0.011294777285721624
0.9321579310062215
-0.8177719724189362
0.09306126285584469
-0.6376015404670603
-0.38919543778590593
0.7141665182920109
-0.2517742008853604
-0.5009880707914947
-0.7422705909691996
0.4849741103682829
-0.9913124895024142
-0.28917043083584065
-0.12122296773107182
-0.39976513021486093
0.48931045761728725
0.024408896256759058
-0.4214661629377738
-0.4442203171057652
0.02089613350171265
-0.5466437741403475
1.3201054285319969
-0.5194471841632834
-0.6944860873568189
1.5603745175501538
2.0902052994959823
-0.006943186059817734
-0.5728330872705495
-1.524301819845588
0.6267060540442276
-1.107947218971977
-0.3270373894083127
0.03563431081033621
-0.4936753716062799
-0.708495919241456
0.5619788417109852
-0.05558291068373877
-0.11286477605463062
1.3592725372981518
0.5565043751785932
-0.6098307010976858
-0.20784784209207663
-0.146569018603542
0.8202272560739758
0.9952841678799383
-0.2275138474028672
0.6118233942007595
2.043111633597253
-0.7629476680656692
1.0800742437803053
-0.27374952947778924
-0.2108476919757044
0.5652783564894671
0.3561607838908915
-0.5661308367953486
-0.18437330957404896
-0.7750165936139455
-1.1648892303142666
-0.9497603454711749
0.44210757934183653
0.5422232920534741
-0.2894083719519538
0.28545979951575035
-1.2436374854797312
-0.757088284671346
0.4016126311147094
0.003987221807498562
-0.25221570489224143
-0.15480395590474855
-0.25139399795606193
-0.32872859976307783
0.8710676168041923
0.9922401867773256
0.7078558586887526
-0.24168200784982022
0.4021383190473122
1.2470922939811557
-0.1999221658614241
0.6797408179942276
0.35441015106736445
-0.17846918489596456
0.4778681493650409
0.0852175203028203
0.4997741242744629
1.2560410299521398
-0.65495859207108
0.61514811169437
0.9293370324530966
0.1470914815099145
-0.3994149267542231
-0.9989980644558059
0.40078748149993076
-0.4761188436002642
-0.1307870157205559
0.5959694404133682
0.9759410681261638
-0.6115083999318321
-0.47614004663992004
-0.8465593086015223
0.15283369472751748
0.1690849740466665
0.19710742414360066
-0.3190108788803401
0.6693868812567035
-0.6006613600673173
1.1029725986268577
0.3172499004631458
1.1244179457795527
-0.41569101118878227
-0.22075964083505528
-1.0439995431449507
-0.3959622571160775
-0.06904871920736338
0.40102197717425775
0.9095893346693893
-0.09307526192804377
1.1130741776119617
-0.8471502552174781
-0.4501664362207624
0.4994283952453015
1.3496134761668195
-0.8967219380032253
0.8971654255777302
1.0134106548007102
0.12678031884960222
0.2636559641836379
0.08018827731857193
-0.053833305928333706
1.0875245777485065
0.6412302967993803
-0.47144995894992947
-0.44377125054453204
-1.2062208180203173
0.6960374692878541
-0.40249792165900944
-0.91031328989899
0.2597965349804432
0.3328663700499843
-0.7556507907824049
-0.5399021694199038
0.42303075444573524
0.021932613786064637
-0.14940824617814621
-0.36241709435578495
-0.6211480150763091
-1.4404004166139632
-0.22816571712022257
-0.3032438028658698
-0.25926679818746196
-0.5132975871297285
1.1589495957721516
-0.7879879801604444
0.13528711243418234
1.2738411285741489
0.06652829735954503
-0.46127430331961483
-0.784587702650851
-0.49519494312067547
0.222137713998923
-0.35445141799772495
0.5174604207203488
-0.17016160537383015
0.3619079199473535
0.9734413556009064
0.5888359271387543
1.3717723636309618
0.2669478420210756
-0.02721932278688527
-0.12975371072705413
0.11936532592527979
0.2572882426780008
0.08748340683383614
0.10306774579742863
1.5788612872827252
-1.0916602397568653
1.1259132538993555
0.7016550208295768
-0.319995162040646
-0.09138884672480618
0.5187746640036359
-0.03929276045898615
1.4755037202209975
0.4080413175405301
-1.0974244871182037
-0.5091353608402077
-0.1555462983351359
-1.4879005995962116
-0.4967554180473094
0.3944664700957158
0.2538789045333206
-0.8171433941030712
-0.6326278706194852
-0.027399592860360283
-0.43432526092779195
0.8100656906378139
-0.5962491044437709
-0.2585607957754619
1.044986844749468
-0.8850696525075099
-0.8150367471177467
0.29945432156447493
-0.5159505580018661
0.7661987631965224
-0.4319900048284603
0.861270705457698
-0.14339919637943985
-0.7710008605695403
0.09088305087058346
0.22766954306733786
1.118444440910374
0.0800658298376617
0.8177421570736679
-0.6593219326406689
-0.3717643042717847
-0.04813462202718681
-0.012891522765340516
-0.3998434576047691
-0.429906972165903
0.9524394991011427
0.3601915152897052
-0.6729439678128178
0.6064726411572794
-0.021973997159634592
0.6739641771868686
0.7667662011890327
-0.622309884663364
-0.028004374018138815
0.4388134637684529
-1.597892762871106
-0.272287526939368
0.7360631519132119
-0.9350980464831103
-0.1691311568377358
0.13501353983473702
0.580982862996305
0.567664430503812
0.0031363542664977345
0.1669192030888486
-0.4244365237299724
0.15318473466341775
0.8662631668556817
-0.2250007265950644
0.2551685743372116
-0.13401139859281375
0.1957362541717998
0.7547015597670509
0.1544422325536518
-1.3664671629213552
0.468576386584839
-2.2210767971820258
0.894695741205998
1.3067798675072602
0.4929121905181167
-0.32650206044415875
-0.019907846340666845
-0.3532451531041666
-0.9067308669848703
0.08348876032236037
-0.9176013529477044
0.9572953897225268
0.5558193185271514
-0.9227662387126472
0.7897035805906953
0.17781066602134363
-0.09067433124277395
0.13516106021243818
0.09990760554198783
-1.2242793519838924
0.5517840162171757
-0.4354039405372022
0.5341517410940179
-0.932727341242019
-0.8316213897585771
1.3112463792097182
0.9472513819130776
0.252832247806856
-0.18296620469711075
0.9389461709357887
0.064371717846311
0.5077499234854393
0.14245244204857366
1.0667772794097283
-0.8909053202066471
-0.32981714883688074
-0.386719136895178
1.2493844506182468
-0.059960282759365824
-0.6483879907791978
0.8555708019991016
0.16474049100963747
0.588780093663302
0.4543227136065107
-0.711040492594539
-1.1061223261642017
-0.1687967973415705
-1.2213821800156017
-0.6755282307978531
-0.9491050379585453
-0.1530874676327558
0.045227735308928665
-1.2070730741982545
0.054506299103391914
-0.14197612637051438
0.14836281165111198
-0.6206613742442393
-0.8241256353237683
0.21828953862488776
-0.04759571401717904
0.2043746705850053
-0.22042073227940484
-0.0648495501756197
0.03680575809746166
0.029292692102738452
-0.6345876837611936
-0.7092559641277011
-0.4164734810984658
-0.17602694426241264
-0.2517138462511982
-0.3303844962947076
0.6552786290187043
-1.0602825021127575
1.5979668579014865
-1.8283904994608546
0.06409822732361363
0.20702744587718103
0.05309951022872716
-1.5170833178865564
-0.5570645386767519
0.4615681575367215
0.7005257186750461
0.24332180462644515
0.37873183173635944
0.5939338309314292
0.5640642885608715
0.2633559346869569
-1.0525995487423998
0.6303926506765695
-1.0670387527244058
-0.7498749219225492
0.6720264294874511
-1.134434785249434
0.8364774978922105
0.4157066384013739
0.7276975953136506
0.5684569767213566
1.3299019026661676
0.45927068062283477
0.9886800695979412
-0.459080564199024
-0.11767482257823537
0.6545954163920475
-0.3875428898241268
0.9762425639516366
-0.12049973128063939
-0.17931656920851957
-0.21830073626979934
0.3378426284598962
0.2280650936114214
-0.3736398207195357
0.23899609948493183
0.17125628646273386
0.5121916755942398
-0.9683182777208865
-0.8530660874744931
-0.07014630241336894
0.5601363626523967
-1.1265789097998709
0.5838958500057535
-0.2548857837819461
1.8592102538814066
-1.6446385196797721
0.15295466132319185
-0.5632064799173868
0.38170289439454774
-1.096814029703044
-1.52780189769351
0.33656861213114897
1.2124478705509383
-0.6488864388533284
0.2165535975299008
0.23172626001598387
-0.1963331919281414
-0.7835278705105229
0.1389530710604184
-0.8643065775249718
-2.085871965214189
-0.49839104774645215
0.9409132356209773
0.1171523728292303
-1.1784625447968733
0.8615410819433126
-0.7638615326177748
0.5625247973216598
0.10668098657835906
-0.5553183623396245
-0.2596110246854614
-0.7794363854948987
-0.2257993934592239
0.008545111446523276
-0.8134883813955776
0.8259979452688754
0.9769299256340683
-0.49786911019855357
-0.5164589867317417
1.1963846486740575
-0.050298254574144885
0.984415384656943
-0.28710186414827676
0.0014261993940191812
-0.5060432992280445
-0.3113980702629661
-0.7591775656721619
0.7509425018190099
-0.2399835935186454
0.5144190274287685
-1.179759183729906
-0.1965483541485117
-1.7307633680732843
-0.4853463373430919
0.859805693383727
-0.5534910276623162
0.5207183770247973
0.1042512289551907
0.022486212438152756
0.0857920878767774
0.803799162563466
-0.7494191145565134
-1.0083234575645192
0.3869211075526892
-0.44713575411652867
-0.34548866620821006
-0.8836328141983502
0.8487661766965102
0.8171219138708584
-1.1243471107119813
0.10514097560121621
-0.674399596689669
1.5821021035595233
-0.12439994880164157
0.8169225964445025
0.9756338339649047
0.33909738074214296
-0.014078073513931939
-0.2486353753065578
0.03029234684333083
-0.4664914355390893
-0.00752996715908908
-0.09545548564182034
0.5773770928986411
-0.0027555066132994993
-0.6232836533860495
0.7764577007584921
-0.239855018944227
-0.10682723938736127
0.7817295095571164
-0.050129067384840506
-0.34621410864393565
0.2937143828472713
0.18491923799593135
-0.33843487666694244
-0.4026595772757044
1.0101340674399297
-0.5259824908829601
0.05595657781992394
-0.5721269592772521
1.5230681198325093
0.5447104910028264
0.9621963598987217
1.0773833302921787
-1.6233155278197156
-0.40907921820902376
0.709996314290039
1.2693121413116246
0.226019722894295
0.9572299467980017
-0.9773389464863347
-0.0727216752911724
-1.3391568988441884
-1.1072490374723847
-1.4666777589364781
0.796095116419933
0.835684174002103
0.9926021193086061
0.6914192416913052
-0.6708024521649548
0.26684012824787884
-1.415499838169431
-0.7810851018240611
0.8516257883591646
0.27409086077529
-0.6363536245077566
0.45010034967841683
0.24532221889905068
0.3087553179195572
-0.34314657599535103
-0.40482697045306115
6.433292441135707E-13